Iteration	Posterior	Likelihood	Prior	rate_log_sd	tree_length
0	-1386.099	-1575.081	188.9827	2.906421	0.2425515
6	-1400.981	-1588.968	187.9872	3.266728	0.09582729
12	-1432.522	-1620.74	188.2184	3.074305	0.1005591
18	-1418.981	-1607.282	188.3013	3.074305	0.1117202
24	-1410.108	-1598.397	188.2894	3.074305	0.1100309
30	-1378.7	-1567.096	188.3953	2.968437	0.1100309
36	-1405.474	-1594.179	188.7044	2.968437	0.1684793
42	-1441.225	-1629.511	188.2863	3.074798	0.1096659
48	-1470.844	-1658.666	187.8217	3.320505	0.08363665
54	-1492.285	-1679.805	187.52	3.320505	0.05886406
60	-1471.794	-1659.809	188.015	3.266319	0.09914201
66	-1421.157	-1609.31	188.1526	3.112107	0.09711297
72	-1397.262	-1585.707	188.445	3.124938	0.1450459
78	-1384.742	-1572.906	188.1639	3.246581	0.1168973
84	-1383.907	-1571.596	187.6891	3.31174	0.07076621
90	-1393.334	-1581.013	187.6794	3.334577	0.07185214
96	-1418.913	-1606.681	187.7683	3.245613	0.07185214
102	-1409.756	-1597.902	188.1456	3.245613	0.1139937
108	-1414.497	-1602.62	188.1229	3.032813	0.08500647
114	-1435.313	-1623.391	188.078	3.032813	0.08054934
120	-1460.098	-1648.824	188.7263	2.897203	0.1565859
126	-1503.404	-1692.13	188.7263	2.897203	0.1565859
132	-1478.126	-1667.227	189.1015	2.621801	0.1820642
138	-1469.488	-1658.844	189.3561	2.383643	0.1868712
144	-1464.561	-1654.459	189.8976	2.16182	0.3742654
150	-1404.131	-1594.112	189.9809	2.078589	0.3742654
156	-1446.267	-1635.522	189.2547	2.367913	1.157011
162	-1446.081	-1635.07	188.9898	1.537322	1.971133
168	-1540.015	-1729.085	189.0701	1.457066	1.971133
174	-1562.823	-1751.376	188.5535	0.9353497	2.635498
180	-1542.541	-1729.323	186.7818	1.523149	3.346912
186	-1548.877	-1737.823	188.9453	2.389569	1.394077
192	-1511.741	-1700.212	188.4709	2.324003	1.788673
198	-1418.093	-1606.117	188.0233	1.527732	2.59706
204	-1433.034	-1620.912	187.8779	1.223894	2.871974
210	-1465.768	-1655.474	189.7059	1.398886	1.567879
216	-1506.685	-1694.572	187.8871	1.176815	2.89493
222	-1451.16	-1638.114	186.954	1.395825	3.320546
228	-1388.469	-1577.916	189.4475	1.66114	1.565057
234	-1372.96	-1561.876	188.916	1.356125	2.139663
240	-1389.302	-1579.032	189.7299	1.262316	1.649517
246	-1372.75	-1561.681	188.9307	1.262078	2.191211
252	-1373.677	-1562.472	188.7946	2.15983	1.67656
258	-1351.631	-1541.823	190.1922	1.731479	0.8555643
264	-1333.568	-1523.716	190.1473	1.67853	0.9643348
270	-1338.453	-1528.779	190.3259	1.214977	1.227406
276	-1322.495	-1510.507	188.0117	1.015012	2.91736
282	-1312.124	-1502.168	190.0446	1.085364	1.549351
288	-1386.589	-1575.271	188.6818	2.064533	1.822268
294	-1409.165	-1598.18	189.0155	2.237802	1.456906
300	-1390.751	-1581.153	190.4018	1.296814	1.088512
306	-1375.192	-1564.431	189.2391	0.862741	2.249915
312	-1360.187	-1549.852	189.6651	1.212628	1.730826
318	-1369.152	-1558.509	189.3563	0.9899622	2.091117
324	-1416.309	-1602.144	185.8346	0.9899622	4.200763
330	-1353.709	-1542.437	188.7281	0.9595149	2.512171
336	-1354.821	-1544.046	189.2252	1.035438	2.147173
342	-1379.096	-1568.764	189.6678	1.818029	1.273259
348	-1371.503	-1561.012	189.5095	1.72342	1.472405
354	-1371.789	-1561.737	189.9478	1.70793	1.127545
360	-1404.144	-1593.26	189.1154	1.70793	1.768941
366	-1428.683	-1617.917	189.2341	1.505304	1.827024
372	-1452.587	-1642.659	190.0727	1.944963	0.7274466
378	-1441.273	-1630.795	189.5214	2.315095	0.9531236
384	-1395.482	-1584.556	189.0737	2.407206	1.277285
390	-1436.212	-1625.972	189.7592	1.861011	1.159083
396	-1436.527	-1626.284	189.7567	1.228495	1.654539
402	-1423.029	-1611.876	188.8473	1.106387	2.3446
408	-1372.599	-1562.251	189.6516	1.851544	1.258936
414	-1383.956	-1573.864	189.9079	1.874913	1.007976
420	-1398.302	-1588.512	190.2104	1.71236	0.8566037
426	-1394.89	-1585.27	190.3795	1.632478	0.7364066
432	-1431.308	-1618.819	187.5111	1.632478	2.846666
438	-1388.093	-1577.662	189.5696	1.800511	1.36644
444	-1375.697	-1564.288	188.5907	1.455318	2.285749
450	-1354.323	-1543.986	189.6632	1.391824	1.604173
456	-1365.577	-1555.606	190.0291	0.9338265	1.670509
462	-1263.403	-1452.368	188.9651	1.3995	2.079021
468	-1301.67	-1491.543	189.8731	1.3995	1.442151
474	-1360.641	-1550.101	189.4604	1.3995	1.743319
480	-1387.587	-1577.168	189.5802	1.373487	1.677081
486	-1343.492	-1531.622	188.1293	1.500869	2.547936
492	-1396.687	-1585.614	188.9267	0.9167108	2.414389
498	-1389.476	-1578.918	189.4423	1.752769	1.500858
504	-1398.087	-1588.254	190.1661	1.716816	0.9028362
510	-1371.503	-1559.478	187.975	1.22964	2.809581
516	-1438.932	-1628.853	189.921	1.176688	1.573072
522	-1394.515	-1584.537	190.0224	1.344277	1.369113
528	-1362.902	-1552.798	189.8967	1.506811	1.339964
534	-1372.413	-1562.61	190.1965	1.506811	1.084161
540	-1391.492	-1580.987	189.4958	1.482525	1.659506
546	-1367.592	-1557.827	190.2352	1.538941	1.016535
552	-1414.943	-1605.19	190.2469	1.583813	0.9592506
558	-1352.318	-1542.567	190.2488	1.2874	1.231377
564	-1397.404	-1587.049	189.6444	1.576619	1.481331
570	-1409.255	-1598.823	189.5685	1.500061	1.594324
576	-1410.479	-1600.728	190.249	1.64929	0.8853444
582	-1443.642	-1632.671	189.029	1.960878	1.651204
588	-1423.463	-1613.021	189.5577	0.9430097	1.98878
594	-1420.475	-1609.754	189.279	0.8299595	2.245368
600	-1416.834	-1604.912	188.0777	0.7138112	3.058632
606	-1370.087	-1557.985	187.8982	1.652289	2.59743
612	-1373.798	-1563.036	189.2379	1.574494	1.776549
618	-1395.969	-1586.113	190.1446	1.634335	1.011773
624	-1381.489	-1571.12	189.6312	1.42702	1.601865
630	-1348.532	-1536.785	188.2525	1.138982	2.695454
636	-1351.925	-1540.594	188.6684	1.771525	2.029291
642	-1338.438	-1526.571	188.1327	1.582283	2.495047
648	-1326.686	-1516.759	190.073	1.582283	1.127976
654	-1403.633	-1594.04	190.4062	1.66079	0.634104
660	-1369.027	-1558.251	189.2235	1.292493	1.978558
666	-1435.516	-1624.024	188.5081	2.305233	1.775845
672	-1379.531	-1569.805	190.2746	1.351126	1.154268
678	-1348.442	-1539.095	190.6537	1.21611	0.9173347
684	-1371.912	-1562.566	190.6537	1.21611	0.9173347
690	-1377.148	-1567.269	190.1213	1.645685	1.02353
696	-1357.581	-1547.318	189.7369	1.601472	1.391338
702	-1385.673	-1575.871	190.1981	1.364146	1.209292
708	-1399.324	-1588.419	189.0953	1.408376	1.98681
714	-1332.193	-1521.598	189.4057	1.098039	1.98681
720	-1361.457	-1550.062	188.6054	0.9657085	2.584639
726	-1390.816	-1579.539	188.7225	0.8486032	2.584639
732	-1369.788	-1556.875	187.087	0.7467482	3.622031
738	-1352.296	-1541.738	189.442	0.8430668	2.131185
744	-1345.105	-1534.056	188.9513	1.220658	2.204716
750	-1346.657	-1536.226	189.5688	1.220658	1.792447
756	-1349.904	-1538.28	188.3757	1.070152	2.661993
762	-1366.905	-1553.984	187.0792	0.82919	3.578705
768	-1379.032	-1568.555	189.5233	1.173091	1.856533
774	-1389.986	-1576.367	186.3804	1.263167	3.7321
780	-1369.903	-1559.973	190.0697	1.469581	1.22872
786	-1322.525	-1512.573	190.0487	1.490568	1.22872
792	-1355.174	-1545.277	190.1024	1.490568	1.182884
798	-1369.267	-1559.498	190.2318	1.400447	1.148488
804	-1380.712	-1570.692	189.9797	1.493828	1.28337
810	-1356.145	-1545.719	189.5738	1.843905	1.328618
816	-1307.145	-1497.542	190.3976	1.527255	0.8541807
822	-1344.088	-1534.015	189.9273	1.642775	1.202623
828	-1352.298	-1542.483	190.1851	1.384957	1.202623
834	-1378.333	-1568.292	189.9588	1.454151	1.33238
840	-1342.402	-1529.655	187.2531	1.822553	2.887825
846	-1359.617	-1549.874	190.2567	1.822553	0.6019993
852	-1334.661	-1523.393	188.7319	2.059679	1.791005
858	-1381.635	-1571.214	189.5788	1.902134	1.27727
864	-1359.132	-1549.141	190.0086	1.020725	1.622836
870	-1358.789	-1546.663	187.8744	0.6943622	3.191235
876	-1357.494	-1545.12	187.6265	0.9421762	3.191235
882	-1390.758	-1579.554	188.7965	1.141102	2.354835
888	-1419.186	-1608.848	189.6617	1.401374	1.598351
894	-1436.888	-1625.961	189.0726	1.22244	2.124661
900	-1489.589	-1679.102	189.5128	2.08728	1.176746
906	-1467.424	-1657.418	189.9943	1.753745	1.041914
912	-1392.905	-1581.668	188.7626	1.65467	2.044252
918	-1384.292	-1574.335	190.0434	2.030515	0.6169565
924	-1403.217	-1593.172	189.9552	2.030515	0.7752693
930	-1394.497	-1584.212	189.7148	1.373257	1.580144
936	-1395.676	-1585.369	189.6936	1.37375	1.595234
942	-1439.095	-1629.073	189.9779	1.82346	0.989382
948	-1404.895	-1594.792	189.8971	1.655061	1.217842
954	-1437.859	-1626.814	188.9557	1.848505	1.78224
960	-1369.421	-1559.685	190.264	1.686911	0.8217821
966	-1374.286	-1564.178	189.8915	1.800021	1.094985
972	-1372.87	-1562.408	189.5389	2.152622	1.094985
978	-1347.856	-1537.974	190.1183	1.839955	0.8124197
984	-1398.792	-1588.959	190.1676	1.914201	0.4161016
990	-1380.083	-1570.222	190.1388	1.958119	0.4817861
996	-1356.724	-1546.889	190.1655	1.917534	0.5903074
