Iteration	Posterior	Likelihood	Prior	rate_log_sd	tree_length
0	-2346.267	-2535.654	189.3873	2.650396	0.346209
6	-2381.647	-2570.101	188.4537	3.539703	0.3050361
12	-2278.687	-2466.272	187.5854	2.433677	2.302961
18	-2400.738	-2589.887	189.1491	2.81034	0.8107871
24	-2414.191	-2603.611	189.4195	2.614272	0.7006681
30	-2393.909	-2583.012	189.1032	2.181267	1.433069
36	-2361.371	-2549.105	187.7336	3.286686	1.62936
42	-2354.576	-2541.558	186.9823	2.02544	2.928818
48	-2367.119	-2555.02	187.9011	2.602541	1.98683
54	-2405.901	-2595.459	189.5583	2.324501	0.9029355
60	-2421.292	-2608.335	187.0433	4.162459	1.492886
66	-2418.014	-2606.789	188.775	2.915497	1.096001
72	-2387.898	-2575.629	187.7312	2.279061	2.308578
78	-2408.297	-2596.406	188.1086	3.888968	0.7582423
84	-2402.562	-2590.506	187.944	4.148528	0.450945
90	-2365.148	-2552.984	187.8356	3.57153	1.337055
96	-2319.166	-2507.372	188.2063	2.329593	1.965252
102	-2413.144	-2601.997	188.8535	1.848354	1.85284
108	-2388.638	-2577.084	188.4455	2.256365	1.85284
114	-2373.626	-2562.486	188.86	3.054871	0.8660987
120	-2323.078	-2512.118	189.0397	3.054871	0.5399636
126	-2385.59	-2574.636	189.0461	3.005541	0.6674398
132	-2415.366	-2604.078	188.7117	2.386523	1.572669
138	-2386.166	-2575.329	189.1632	2.058367	1.480948
144	-2469.171	-2656.858	187.6878	3.356943	1.611617
150	-2458.198	-2646.172	187.9734	3.205742	1.512776
156	-2367.014	-2556.005	188.991	3.105671	0.5221516
162	-2389.203	-2577.508	188.3042	3.436734	1.048703
168	-2433.278	-2622.234	188.9562	3.066963	0.7185426
174	-2469.721	-2656.777	187.0557	4.382184	1.312377
180	-2470.205	-2658.235	188.0305	2.845382	1.732107
186	-2528.997	-2718.113	189.1165	2.388447	1.257464
192	-2497.658	-2683.931	186.2732	2.380455	3.140781
198	-2537.884	-2725.173	187.2891	1.944457	2.792006
204	-2560.958	-2750.185	189.2272	1.790245	1.631392
210	-2499.493	-2688.024	188.5312	3.076295	1.170229
216	-2443.366	-2632.061	188.6948	2.5439	1.467952
222	-2503.804	-2693.29	189.486	2.529087	0.7315154
228	-2443.601	-2630.708	187.1068	3.787864	1.718886
234	-2470.286	-2655.164	184.8774	5.794767	1.873118
240	-2513.766	-2703.352	189.5861	2.421003	0.7440203
246	-2505.766	-2693.042	187.2763	2.791143	2.271977
252	-2397.95	-2587.016	189.0663	2.957909	0.7168984
258	-2412.847	-2600.505	187.6574	2.492152	2.219182
264	-2461.887	-2648.057	186.1697	4.027719	2.18826
270	-2430.495	-2618.156	187.6613	4.173249	0.955162
276	-2471.047	-2659.743	188.6962	3.179348	0.9110072
282	-2452.97	-2641.606	188.6363	2.45479	1.577906
288	-2408.767	-2594.862	186.0957	2.022619	3.456319
294	-2464.497	-2650.926	186.4292	3.471498	2.378212
300	-2561.321	-2748.654	187.3326	2.526872	2.404253
306	-2621.511	-2809.264	187.7527	4.120752	0.9133556
312	-2622.625	-2811.822	189.1971	2.509218	1.081357
318	-2535.75	-2723.184	187.4344	1.791302	2.796783
324	-2561.433	-2749.518	188.0852	1.791302	2.393516
330	-2593.577	-2781.926	188.3495	2.169875	1.976295
336	-2544.622	-2731.419	186.7968	2.169875	2.953589
342	-2610.116	-2795.927	185.8118	2.052084	3.604544
348	-2586.553	-2775.014	188.4614	2.625767	1.580788
354	-2596.529	-2785.158	188.6291	3.069326	1.088645
360	-2580.723	-2769.455	188.732	3.069326	0.9893954
366	-2590.328	-2779.365	189.0371	2.931552	0.7985893
372	-2605.106	-2789.941	184.8347	3.820017	3.140191
378	-2559.716	-2747.634	187.9183	2.941071	1.743688
384	-2611.036	-2798.433	187.3966	4.15039	1.22224
390	-2610.265	-2798.391	188.1261	3.770429	0.8874431
396	-2599.349	-2786.087	186.7378	3.8851	1.906636
402	-2593.416	-2781.953	188.5369	3.069445	1.171303
408	-2576.807	-2764.045	187.2375	3.204454	2.027898
414	-2589.602	-2778.134	188.5325	3.171858	1.083173
420	-2594.671	-2779.556	184.8847	5.704391	1.929456
426	-2594.226	-2782.305	188.0787	3.597957	1.108585
432	-2502.828	-2690.968	188.1403	3.722641	0.9248216
438	-2453.795	-2641.538	187.7436	3.410129	1.53174
444	-2479.306	-2667.657	188.3513	3.281267	1.148239
450	-2455.304	-2644.349	189.0448	2.989544	0.3425885
456	-2435.884	-2625.158	189.2745	2.322211	1.179678
462	-2532.664	-2721.83	189.1662	2.322211	1.271145
468	-2478.781	-2666.458	187.6777	2.563552	2.159776
474	-2474.389	-2662.781	188.392	3.047957	1.31068
480	-2533.503	-2722.678	189.1751	2.610529	1.005185
486	-2595.708	-2784.667	188.9586	2.610529	1.203371
492	-2616.483	-2805.005	188.5225	2.529381	1.606505
498	-2626.256	-2814.471	188.2149	2.383172	1.923437
504	-2677.919	-2867.029	189.1099	2.588887	1.088334
510	-2701.916	-2888.48	186.5636	5.147773	1.076584
516	-2641.497	-2829.922	188.4246	3.657398	0.5936389
522	-2723.475	-2912.434	188.959	3.111784	0.3928287
528	-2666.562	-2854.671	188.1097	3.271791	1.35746
534	-2658.665	-2847.29	188.6253	3.271791	0.886794
540	-2639.726	-2828.556	188.8294	3.0424	0.9152198
546	-2563.034	-2752.297	189.2628	2.824554	0.5750056
552	-2544.1	-2731.791	187.6906	3.472647	1.524636
558	-2485.233	-2672.656	187.4233	3.023166	2.024929
564	-2527.403	-2714.876	187.4739	2.349624	2.426975
570	-2543.682	-2731.377	187.6947	3.513756	1.490839
576	-2455.797	-2643.91	188.1136	3.418193	0.1375197
582	-2440.495	-2627.63	187.1351	4.592454	1.061385
588	-2486.153	-2675.552	189.399	2.5213	0.8595977
594	-2462.053	-2651.586	189.533	2.447485	0.7825536
600	-2486.635	-2675.045	188.4093	2.186227	1.925135
606	-2559.868	-2747.761	187.8931	2.702447	1.925135
612	-2552.185	-2739.03	186.8449	3.907463	1.818102
618	-2504.248	-2692.578	188.3298	3.406786	1.052884
624	-2569.538	-2758.071	188.5327	3.560716	0.5471181
630	-2597.083	-2785.244	188.1611	3.453603	1.163933
636	-2629.893	-2817.845	187.9519	4.016762	0.2871158
642	-2623.984	-2812.941	188.9564	3.136913	0.4549349
648	-2509.564	-2698.08	188.516	3.568531	0.5852526
654	-2468.047	-2656.951	188.9042	2.926266	0.959424
660	-2468.143	-2656.49	188.3463	3.720127	0.635614
666	-2475.927	-2664.825	188.8983	3.191859	0.4412713
672	-2366.788	-2555.781	188.993	3.103378	0.4753172
678	-2365.519	-2553.577	188.0582	2.907685	1.668402
684	-2524.22	-2709.933	185.713	2.628099	3.32569
690	-2476.121	-2665.43	189.3089	2.366162	1.110056
696	-2575.158	-2762.416	187.2583	4.775233	0.7009906
702	-2429.956	-2619.105	189.1497	2.805988	0.8156961
708	-2465.88	-2652.912	187.0319	3.521485	1.953491
714	-2442.087	-2630.054	187.9666	2.570543	1.964386
720	-2498.55	-2685.784	187.2341	2.022744	2.777805
726	-2478.029	-2665.823	187.7937	1.463098	2.777805
732	-2309.019	-2497.341	188.3215	1.463098	2.451442
738	-2302.747	-2491.983	189.2361	2.21159	1.304434
744	-2399.038	-2585.926	186.8886	3.863292	1.818422
750	-2402.595	-2591.458	188.863	3.206171	0.3899535
756	-2386.778	-2575.817	189.039	2.402159	1.309703
762	-2414.163	-2602.37	188.2078	3.576071	1.006888
768	-2560.651	-2749.448	188.7976	2.88004	1.107767
774	-2556.962	-2745.848	188.8866	2.224408	1.563284
780	-2510.838	-2700.281	189.4433	2.186216	1.150909
786	-2539.738	-2728.589	188.8511	2.319924	1.518854
792	-2531.611	-2718.586	186.9745	4.134108	1.565069
798	-2540.762	-2729.156	188.3938	3.219108	1.165526
804	-2410.978	-2598.441	187.4627	2.248512	2.497436
810	-2321.771	-2511.258	189.4873	2.035194	1.242883
816	-2386.795	-2576.006	189.2112	2.238085	1.303115
822	-2400.427	-2588.578	188.1506	2.794412	1.683233
828	-2479.288	-2668.613	189.3247	1.801231	1.5523
834	-2445.182	-2634.511	189.3293	2.767797	0.5169635
840	-2467.619	-2655.855	188.2361	2.512454	1.820721
846	-2453.518	-2642.451	188.9334	2.668568	1.17511
852	-2601.384	-2790.796	189.4114	2.668568	0.5998256
858	-2497.754	-2686.433	188.6789	3.081698	1.029762
864	-2434.304	-2622.442	188.1385	3.93784	0.6104606
870	-2373.143	-2559.922	186.7794	3.946134	1.836564
876	-2366.273	-2555.375	189.1018	2.297927	1.342996
882	-2406.069	-2595.329	189.2595	1.994125	1.456614
888	-2498.421	-2687.349	188.9283	1.994125	1.699304
894	-2499.072	-2682.695	183.6221	1.685266	5.051548
900	-2449.221	-2637.538	188.3169	2.738097	1.604237
906	-2511.097	-2699.875	188.7776	3.153579	0.8464501
912	-2529.339	-2716.698	187.3582	4.193748	1.218029
918	-2528.222	-2717.124	188.9021	3.166953	0.6291553
924	-2589.458	-2778.243	188.785	1.87684	1.880175
930	-2563.457	-2752.262	188.8055	2.645374	1.301881
936	-2513.072	-2701.932	188.8596	2.189171	1.608711
942	-2535.494	-2724.447	188.9529	2.34788	1.420526
948	-2474.401	-2663.958	189.5577	2.34788	0.8769737
954	-2465.903	-2654.387	188.4833	3.491026	0.7909937
960	-2483.481	-2672.653	189.1723	2.827419	0.7550385
966	-2446.66	-2635.955	189.2951	2.292351	1.187694
972	-2440.358	-2629.733	189.375	2.500453	0.9111243
978	-2426.761	-2616.269	189.5079	2.500453	0.7419751
984	-2396.276	-2585.707	189.4311	2.277597	1.07912
990	-2441.31	-2629.759	188.4491	2.62627	1.589364
996	-2433.301	-2622.665	189.3642	1.627453	1.649955
