Iteration	Posterior	Likelihood	Prior	rate_log_sd	tree_length
0	-1137.585	-1327.737	190.1518	1.837439	0.7703169
6	-1147.843	-1338.094	190.2513	1.837439	0.5697935
12	-1137.861	-1328.181	190.32	1.770982	0.5598513
18	-1142.729	-1333.04	190.311	1.630411	0.833855
24	-1153.306	-1343.562	190.2558	1.512276	1.022411
30	-1150.143	-1340.107	189.9636	1.40588	1.366903
36	-1150.385	-1340.313	189.9278	1.778956	1.080921
42	-1140.769	-1330.864	190.0944	1.41781	1.251439
48	-1162.794	-1353.291	190.4964	1.465751	0.8072127
54	-1157.436	-1347.899	190.4636	1.612981	0.6097898
60	-1152.558	-1342.981	190.4231	1.424204	0.9417118
66	-1145.937	-1336.195	190.2582	1.656742	0.8660049
72	-1160.325	-1350.595	190.2699	1.825898	0.5306363
78	-1141.065	-1331.319	190.2538	1.843791	0.4963065
84	-1132.72	-1322.876	190.1559	1.928167	0.5871208
90	-1129.576	-1319.754	190.178	1.75371	0.8457768
96	-1132.963	-1322.867	189.9037	2.049358	0.8190387
102	-1130.044	-1320.497	190.4532	1.619132	0.6210898
108	-1133.356	-1322.777	189.4216	1.181857	1.919745
114	-1124.14	-1314.165	190.0257	1.287991	1.410537
120	-1122.548	-1312.557	190.0085	1.213499	1.480601
126	-1117.51	-1307.307	189.7978	1.118873	1.703329
132	-1130.865	-1320.593	189.7284	1.303027	1.621304
138	-1137.08	-1326.848	189.7676	1.32232	1.578743
144	-1147.056	-1336.686	189.6293	1.313991	1.684507
150	-1159.116	-1349.196	190.0808	1.216	1.423615
156	-1160.746	-1350.02	189.2739	0.7991578	2.268376
162	-1161.094	-1351.554	190.4606	1.016058	1.28084
168	-1148.041	-1337.886	189.8454	1.185466	1.621715
174	-1147.98	-1338.277	190.2965	1.303245	1.17697
180	-1144.937	-1335.207	190.2704	1.72419	0.7625845
186	-1128.405	-1318.849	190.444	1.341903	1.004895
192	-1133.449	-1323.736	190.2866	1.499268	1.004895
198	-1147.013	-1336.859	189.8455	1.091187	1.689156
204	-1148.763	-1338.203	189.4393	0.8401274	2.134876
210	-1129.398	-1318.383	188.9854	1.294028	2.134876
216	-1115.108	-1305.473	190.3647	1.399039	1.026701
222	-1121.996	-1312.392	190.3962	1.611439	0.7432029
228	-1142.583	-1332.659	190.0754	1.63258	1.079741
234	-1148.6	-1339.035	190.4348	1.63258	0.6333502
240	-1148.595	-1338.217	189.6221	1.526252	1.535735
246	-1133.738	-1323.934	190.1953	1.679497	0.9118495
252	-1144.61	-1334.763	190.1522	1.549491	1.085661
258	-1102.068	-1292.544	190.4758	1.366402	0.9471408
264	-1100.671	-1290.837	190.1663	1.925813	0.5544306
270	-1121.418	-1311.601	190.1825	1.786434	0.7982253
276	-1139.158	-1329.327	190.1683	1.858385	0.7126701
282	-1151.905	-1342.272	190.3675	1.700968	0.630649
288	-1145.374	-1335.416	190.0417	2.048407	0.4410334
294	-1149.76	-1339.752	189.9921	2.048407	0.3494316
300	-1158.573	-1348.727	190.1544	1.909187	0.3806138
306	-1160.945	-1350.959	190.0136	2.034401	0.3586147
312	-1157.88	-1347.916	190.0365	2.011582	0.3586147
318	-1161.103	-1351.395	190.2923	1.74199	0.6996866
324	-1149.923	-1340.134	190.2109	1.841674	0.665513
330	-1127.24	-1317.432	190.1925	1.904299	0.5211799
336	-1124.168	-1314.359	190.1904	1.89096	0.5957132
342	-1142.97	-1333.24	190.2707	1.823351	0.5434929
348	-1158.669	-1348.946	190.277	1.768221	0.6799057
354	-1171.12	-1361.219	190.0986	1.41655	1.248963
360	-1197.297	-1387.326	190.0297	1.600865	1.15002
366	-1165.155	-1355.445	190.2891	1.808057	0.5162655
372	-1190.451	-1380.531	190.0807	2.014675	0.4672092
378	-1164.739	-1354.601	189.8612	1.964945	0.9639551
384	-1145.028	-1334.767	189.7381	1.43891	1.514375
390	-1174.128	-1363.968	189.8401	1.13185	1.664039
396	-1174.692	-1363.356	188.6641	1.097724	2.465713
402	-1167.453	-1356.628	189.1754	1.221226	2.05796
408	-1156.442	-1345.778	189.3356	1.191149	1.971378
414	-1157.326	-1347.332	190.0055	1.134336	1.541993
420	-1150.385	-1339.384	188.9996	0.9242238	2.363583
426	-1157.498	-1346.407	188.9091	0.973724	2.389499
432	-1165.727	-1354.914	189.187	0.6959164	2.389499
438	-1191.391	-1380.574	189.1829	0.6999209	2.389499
444	-1164.909	-1354.226	189.3166	0.8600518	2.201678
450	-1148.075	-1336.232	188.157	1.022991	2.82459
456	-1141.695	-1330.787	189.0925	1.17844	2.140418
462	-1144.804	-1335.006	190.2017	1.362279	1.207777
468	-1141.938	-1332.048	190.1097	1.483738	1.182469
474	-1138.835	-1328.33	189.4949	1.310627	1.781327
480	-1136.885	-1326.49	189.6047	1.200803	1.781327
486	-1145.617	-1335.278	189.661	1.457347	1.557904
492	-1131.985	-1320.38	188.395	1.444604	2.416809
498	-1136.071	-1325.704	189.6329	1.037166	1.874572
504	-1145.78	-1335.654	189.8743	1.508897	1.35612
510	-1139.733	-1329.591	189.8584	1.524786	1.35612
516	-1162.08	-1351.947	189.8674	2.199164	0.3855321
522	-1135.509	-1325.428	189.9188	2.124169	0.3524239
528	-1119.162	-1308.53	189.3677	2.389934	0.1923345
534	-1135.099	-1324.652	189.5529	2.370952	0.2600522
540	-1126.761	-1316.166	189.4047	2.406858	0.2105164
546	-1135.872	-1325.829	189.9564	2.139262	0.4693892
552	-1139.238	-1329.183	189.9451	2.070257	0.3235883
558	-1137.808	-1327.828	190.0197	2.044218	0.3811019
564	-1139.731	-1329.729	189.9975	2.044218	0.3508947
570	-1138.38	-1328.229	189.8496	2.192131	0.3508947
576	-1152.487	-1342.241	189.7545	2.292769	0.3576577
582	-1163.123	-1352.908	189.7846	2.234816	0.3274501
588	-1155.14	-1345.038	189.8982	2.167584	0.3842568
594	-1161.294	-1351.175	189.8813	2.199562	0.5971478
600	-1150.977	-1341.018	190.041	2.047063	0.4339353
606	-1152.929	-1342.431	189.5013	2.519728	0.328977
612	-1142.337	-1331.676	189.3394	2.519728	0.2291439
618	-1163.718	-1353.428	189.7099	2.330266	0.3490795
624	-1154.523	-1344.646	190.1228	1.974196	0.5174837
630	-1132.167	-1322.432	190.2652	1.462375	1.061434
636	-1116.579	-1306.869	190.2904	1.31805	1.169453
642	-1118.353	-1308.385	190.0322	1.103546	1.545074
648	-1126.581	-1315.395	188.8138	1.103546	2.367703
654	-1124.224	-1313.162	188.9383	0.978986	2.367703
660	-1125.846	-1315.279	189.4322	0.9521386	2.066013
666	-1124.645	-1314.649	190.0035	1.143171	1.536982
672	-1107.604	-1297.951	190.3466	1.40564	1.037807
678	-1118.526	-1308.6	190.0737	1.55078	1.155344
684	-1116.356	-1306.77	190.4139	1.55078	0.8039839
690	-1099.841	-1290.079	190.2388	1.757697	0.7598148
696	-1120.436	-1310.834	190.3978	1.566873	0.8039246
702	-1124.165	-1314.53	190.365	1.632742	0.7579412
708	-1132.014	-1322.005	189.9906	1.632742	1.156325
714	-1112.602	-1303.023	190.4212	1.596732	0.7269792
720	-1124.236	-1314.458	190.2225	1.632024	0.9339563
726	-1126.574	-1316.747	190.1733	1.245858	1.327425
732	-1116.311	-1306.735	190.4239	1.52456	0.8248841
738	-1121.613	-1311.938	190.3249	1.52456	0.9394428
744	-1116.183	-1306.557	190.3736	1.52456	0.8855111
750	-1114.924	-1305.162	190.2383	1.659879	0.8855111
756	-1097.206	-1287.049	189.8435	1.325016	1.520718
762	-1093.22	-1283.104	189.8839	1.284617	1.520718
768	-1097.219	-1287.165	189.9459	1.001212	1.681768
774	-1090.153	-1279.897	189.7447	1.151547	1.717777
780	-1080.589	-1270.19	189.6011	1.361027	1.671075
786	-1088.354	-1278.624	190.2698	1.395655	1.118756
792	-1099.532	-1289.873	190.341	1.438857	1.010877
798	-1119.373	-1309.595	190.2221	1.448847	1.113799
804	-1124.552	-1315.006	190.4542	1.531318	0.775556
810	-1133.584	-1324.135	190.5515	1.433996	0.775556
816	-1128.234	-1318.734	190.4998	1.545537	0.6795224
822	-1129.246	-1319.442	190.1952	1.490706	1.100155
828	-1132.799	-1322.545	189.7454	1.411943	1.529055
834	-1114.251	-1304.146	189.8951	1.168134	1.598185
840	-1114.06	-1304.261	190.2005	1.525111	1.063215
846	-1094.061	-1284.078	190.0165	1.273535	1.428786
852	-1105.752	-1296.146	190.3938	1.122716	1.247819
858	-1113.423	-1303.865	190.4426	1.26195	1.082959
864	-1110.255	-1300.11	189.8548	1.014495	1.736787
870	-1109.628	-1298.603	188.9759	0.9956749	2.333229
876	-1108.895	-1298.478	189.5824	0.9390847	1.974906
882	-1092.236	-1281.591	189.3552	1.0554	2.048706
888	-1117.291	-1306.064	188.773	1.15136	2.36325
894	-1117.503	-1307.303	189.7998	1.112003	1.706816
900	-1116.899	-1306.186	189.2871	0.9075042	2.190045
906	-1123.168	-1311.656	188.488	1.083712	2.584249
912	-1103.468	-1293.633	190.165	1.260884	1.322032
918	-1104.252	-1293.846	189.5938	1.212563	1.780687
924	-1100.293	-1289.753	189.46	1.246615	1.849545
930	-1112.914	-1303.29	190.3761	1.291203	1.117074
936	-1140.03	-1329.558	189.5275	1.574676	1.569797
942	-1111.655	-1301.451	189.7953	1.299551	1.575104
948	-1116.225	-1306.463	190.2373	1.299551	1.230761
954	-1120.6	-1310.596	189.9955	1.616445	1.166396
960	-1120.805	-1310.943	190.1373	1.763728	0.8822382
966	-1113.066	-1303.212	190.1458	1.65514	0.989745
972	-1120.537	-1310.884	190.3467	1.65514	0.751948
978	-1109.63	-1300.073	190.4434	1.406978	0.938393
984	-1127.052	-1317.332	190.2799	1.713075	0.7648901
990	-1120.261	-1310.248	189.987	2.006029	0.7648901
996	-1143.085	-1333.042	189.9567	1.692987	1.132951
