Iteration	Posterior	Likelihood	Prior	rate_log_sd	tree_length
0	-4671.006	-4862.513	191.5068	0.2408088	1.04232
6	-4058.589	-4249.256	190.6677	0.7099576	1.360485
12	-4617.5	-4808.871	191.3704	0.2191581	1.185804
18	-3284.388	-3474.24	189.8525	1.349503	1.495686
24	-3374.857	-3564.828	189.9711	1.230947	1.495686
30	-4516.259	-4707.076	190.8168	1.191112	0.3170088
36	-3508.278	-3698.811	190.5326	1.249387	1.008754
42	-5419.267	-5609.487	190.2207	1.105342	0.1048684
48	-4833.564	-5025.24	191.6763	0.2770916	0.8186663
54	-2900.919	-3089.674	188.755	3.234626	0.7696895
60	-4928.285	-5119.903	191.6177	0.1305387	1.041705
66	-5470.762	-5662.121	191.3584	0.5485671	0.2512647
72	-5023.042	-5213.995	190.9525	0.8672604	0.2135529
78	-5428.094	-5619.063	190.9684	0.7272405	0.1744086
84	-5049.378	-5240.6	191.2218	0.7272405	0.2745592
90	-3853.049	-4044.089	191.0403	0.9580616	0.7570053
96	-2751.349	-2938.992	187.6427	4.373235	0.3241193
102	-4684.71	-4876.18	191.4697	0.6106426	0.5987092
108	-3369.546	-3559.862	190.3159	1.291485	1.170349
114	-4233.579	-4424.816	191.2368	0.3705836	1.170349
120	-3007.585	-3197.61	190.0252	1.582167	1.170349
126	-3550.271	-3739.843	189.5719	0.3041661	2.393787
132	-3104.245	-3293.932	189.6867	1.571687	1.452988
138	-2824.777	-3010.702	185.9247	5.955337	0.9060026
144	-3791.955	-3982.669	190.7135	0.9441813	1.125804
150	-6063.361	-6255.172	191.8111	0.07998035	0.2434523
156	-5107.782	-5298.825	191.0429	0.9288815	0.2892559
162	-4035.503	-4226.142	190.6395	0.8327552	1.284413
168	-2880.817	-3069.786	188.9691	3.08582	0.6606405
174	-4300.722	-4491.596	190.8737	1.202048	0.4025021
180	-4078.626	-4269.579	190.953	1.044357	0.7585883
186	-4815.912	-5007.054	191.1419	0.05388493	1.500336
192	-3793.21	-3981.297	188.0868	0.2420259	3.332889
198	-3159.523	-3348.142	188.6185	1.583308	2.185392
204	-3233.435	-3422.497	189.0627	1.139127	2.185392
210	-4660.623	-4852.249	191.6268	0.1302607	1.033202
216	-5179.087	-5370.602	191.515	0.5543307	0.3902618
222	-3521.123	-3711.067	189.9441	0.7802006	1.837435
228	-3302.075	-3491.33	189.2551	0.7802006	2.292557
234	-2745.297	-2934.659	189.3626	2.198194	1.210501
240	-2843.388	-3031.074	187.6864	2.198194	2.388395
246	-4138.378	-4327.532	189.1541	2.198194	0.1084268
252	-3072.868	-3262.266	189.3983	2.389379	1.003052
258	-5067.502	-5259.144	191.6412	0.4563878	0.4963069
264	-4898.32	-5089.897	191.5766	0.2517325	0.9616572
270	-2839.122	-3026.494	187.3727	4.570016	0.8322288
276	-3717.403	-3907.883	190.4807	1.610436	0.5590841
282	-3860.834	-4051.237	190.4032	0.664752	1.594785
288	-5594.207	-5785.74	191.5331	0.3319627	0.23168
294	-5467.562	-5659.562	191.9995	0.09110533	0.5616552
300	-3986.916	-4177.401	190.485	1.547593	0.3406177
306	-2795.756	-2982.996	187.2399	4.817391	0.3710336
312	-2835.934	-3022.32	186.3859	5.322448	1.079421
318	-4034.917	-4225.976	191.0596	0.7158116	1.015252
324	-3947.862	-4138.022	190.1598	0.5346944	1.857853
330	-5267.797	-5459.621	191.8247	0.2723507	0.5175652
336	-4792.549	-4984.344	191.7949	0.1726188	0.8001575
342	-3865.61	-4056.51	190.9	0.9330825	0.9567589
348	-5097.063	-5289.09	192.0274	0.03766965	0.6386354
354	-3430.863	-3621.314	190.4506	1.315525	1.024404
360	-2911.935	-3100.753	188.8172	3.215163	0.340421
366	-3128.353	-3317.833	189.4796	2.166574	1.136071
372	-5014.415	-5205.772	191.3571	0.7284326	0.4261267
378	-4730.298	-4921.578	191.2806	0.8129252	0.5468251
384	-4115.979	-4306.918	190.9391	1.13752	0.6095952
390	-4545.616	-4736.734	191.1188	0.9775563	0.4752352
396	-3255.147	-3445.158	190.0105	1.794359	0.9857771
402	-3329.82	-3518.518	188.6987	1.085735	2.451506
408	-4569.128	-4760.456	191.3284	0.686151	0.7324697
414	-4982.551	-5173.787	191.2362	0.7935357	0.337613
420	-4097.284	-4288.275	190.9906	1.069067	0.6507178
426	-4775.161	-4965.905	190.7448	1.069067	0.211353
432	-3330.833	-3520.848	190.0152	2.061024	0.6107837
438	-5468.71	-5659.804	191.094	0.5786241	0.1684211
444	-6309.654	-6500.827	191.1732	0.2623145	0.1207844
450	-5808.304	-5998.545	190.2416	0.9468641	0.08843806
456	-3758.779	-3949.144	190.3656	1.71036	0.4029035
462	-4792.631	-4984.159	191.5282	0.133741	1.121932
468	-3123.291	-3312.986	189.6957	1.731864	1.32067
474	-3008.869	-3198.575	189.7062	2.208775	0.8659019
480	-2787.303	-2975.664	188.3612	3.275966	1.144161
486	-3517.959	-3708.496	190.5376	1.326633	0.9234967
492	-3531.721	-3722.366	190.6454	1.326633	0.7940625
498	-4323.033	-4514.615	191.5815	0.125324	1.080851
504	-3380.707	-3571.053	190.3464	1.347186	1.093082
510	-3776.335	-3966.851	190.5161	1.075863	1.183762
516	-6656.314	-6847.979	191.6648	0.04628273	0.1786214
522	-4653.852	-4844.887	191.0352	0.1704467	1.492962
528	-4878.565	-5070.015	191.4498	0.4155739	0.9221921
534	-3904.267	-4092.122	187.8555	0.30145	3.43373
540	-4171.738	-4362.665	190.927	0.4023373	1.39839
546	-3058.475	-3248.264	189.7892	2.126463	0.8651442
552	-3802.581	-3993.383	190.8022	1.113403	0.8651442
558	-3867.536	-4058.375	190.8383	1.113403	0.8208502
564	-3558.196	-3748.772	190.5756	1.499738	0.6131299
570	-3173.791	-3363.784	189.993	2.082394	0.6131299
576	-5455.502	-5647.119	191.6177	0.3859083	0.313325
582	-2769.967	-2959.012	189.0443	2.361995	1.337735
588	-4109.921	-4301.086	191.1648	0.6863137	0.9375932
594	-3220.248	-3410.13	189.8813	2.124529	0.7458682
600	-2967.644	-3156.544	188.9006	1.898376	1.785884
606	-4846.463	-5037.819	191.3559	0.7412877	0.5144568
612	-6115.306	-6307.118	191.8126	0.1069606	0.2577854
618	-5728.895	-5920.878	191.9825	0.1138142	0.4744259
624	-3974.859	-4164.173	189.3146	0.3032623	2.555625
630	-4319.704	-4510.118	190.4137	0.2669995	1.867255
636	-3626.984	-3817.49	190.5064	1.491689	0.7575141
642	-4906.394	-5097.859	191.4646	0.4494335	0.8670665
648	-3943.959	-4134.593	190.6338	0.598548	1.472815
654	-6115.689	-6307.405	191.7166	0.1411105	0.2285428
660	-5352.174	-5544.17	191.9954	0.1017646	0.5148459
666	-4573.511	-4764.916	191.4047	0.5738485	0.7852598
672	-3553.261	-3743.716	190.456	1.384819	0.9486333
678	-4898.622	-5088.981	190.359	1.384819	0.1880994
684	-3700.304	-3890.82	190.5164	1.384819	0.8820563
690	-4042.931	-4233.787	190.8554	0.5402647	1.346207
696	-5360.55	-5552.389	191.8394	0.253502	0.4530705
702	-2986.828	-3176.346	189.518	2.578993	0.5177965
708	-2805.017	-2991.646	186.6289	4.74583	1.362764
714	-2810.961	-2998.005	187.0434	5.009715	0.6644043
720	-7027.137	-7218.288	191.1509	0.07084522	0.09210544
726	-5437.957	-5630.034	192.0775	0.01954406	0.4822858
732	-6162.083	-6353.736	191.6534	0.07622558	0.1838945
738	-4795.836	-4987.623	191.7876	0.02411935	0.978845
744	-3553.165	-3742.868	189.7032	0.6916005	2.059142
750	-4000.012	-4190.285	190.273	0.1218188	2.059142
756	-4379.353	-4570.333	190.98	0.1942612	1.516433
762	-3561.588	-3751.632	190.0431	1.131165	1.516433
768	-5598.593	-5790.633	192.0405	0.03580771	0.4036873
774	-3841.474	-4031.739	190.2649	1.809888	0.4006456
780	-4674.657	-4866.126	191.4694	0.6257078	0.5364109
786	-4557.101	-4748.528	191.4268	0.6658288	0.551888
792	-4620.121	-4811.543	191.4226	0.04905529	1.284876
798	-4453.123	-4644.087	190.9638	0.2512914	1.48587
804	-2876.51	-3063.56	187.0504	3.684022	1.830469
810	-4624.714	-4815.862	191.1476	0.8841674	0.703992
816	-5153.042	-5344.329	191.2874	0.761225	0.3592903
822	-4986.772	-5178.477	191.7046	0.1900844	0.8895228
828	-3573.661	-3764.025	190.3637	1.73316	0.4811126
834	-4551.755	-4743.133	191.3788	0.6025359	0.7813264
840	-4382.566	-4572.747	190.1812	0.05740295	2.1615
846	-5527.25	-5718.071	190.8212	0.9041704	0.1826757
852	-3252.523	-3442.591	190.0675	1.857303	0.8541728
858	-2826.422	-3011.7	185.2776	5.034511	2.113501
864	-4551.453	-4742.97	191.5174	0.5098202	0.7117841
870	-5482.738	-5674.503	191.7656	0.2776875	0.352775
876	-3603.136	-3792.469	189.3331	0.8895092	2.171883
882	-3969.27	-4159.852	190.5823	0.9004971	1.275747
888	-4756.958	-4948.291	191.3333	0.7188557	0.6662783
894	-3954.485	-4143.287	188.8025	0.267786	2.891081
900	-3491.702	-3680.519	188.817	1.256789	2.267956
906	-4030.511	-4220.044	189.5325	0.5412072	2.267956
912	-4210.4	-4401.53	191.1297	0.6177326	1.042503
918	-3794.755	-3984.906	190.1505	1.884349	0.3431364
924	-4009.844	-4198.876	189.0325	0.3530343	2.699058
930	-4029.968	-4219.6	189.632	0.3549024	2.323491
936	-3306.597	-3496.515	189.918	1.742024	1.123645
942	-3080.451	-3269.554	189.1029	1.367908	2.008754
948	-2930.346	-3118.86	188.5135	1.745538	2.148167
954	-2942.073	-3130.591	188.5185	1.740537	2.148167
960	-2888.126	-3077.236	189.1096	1.913514	1.627273
966	-4111.233	-4302.188	190.9554	1.060209	0.7307345
972	-4845.263	-5036.646	191.3829	0.7008181	0.5880834
978	-2883.335	-3072.333	188.9983	2.897855	0.8877765
984	-4377.642	-4568.077	190.4353	0.2030627	1.896107
990	-2950.575	-3139.948	189.3738	2.692555	0.6357102
996	-4971.362	-5162.829	191.4662	0.4502021	0.8641883
