Iteration	Posterior	Likelihood	Prior	rate_log_sd	tree_length
0	-1103.598	-1293.53	189.9316	1.223131	1.531008
6	-1100.634	-1290.468	189.834	1.320704	1.531008
12	-1086.642	-1276.414	189.772	1.131473	1.712678
18	-1086.608	-1276.012	189.4038	1.061808	2.012189
24	-1088.355	-1278.542	190.1869	1.282578	1.286729
30	-1079.068	-1268.801	189.7325	1.282578	1.633104
36	-1065.974	-1256.237	190.2631	1.041396	1.417668
42	-1077.518	-1267.618	190.0992	1.196758	1.424209
48	-1072.932	-1262.952	190.0205	1.381314	1.341324
54	-1094.339	-1284.391	190.0523	1.447554	1.261706
60	-1073.472	-1263.672	190.1996	1.447554	1.135224
66	-1095.441	-1285.654	190.2123	1.502837	1.073124
72	-1075.379	-1265.784	190.4049	1.629945	0.6987951
78	-1072.648	-1262.977	190.3284	1.60434	0.8445973
84	-1079.538	-1269.703	190.1651	1.893537	0.6528595
90	-1073.55	-1263.913	190.363	1.685929	0.6727729
96	-1078.641	-1269.027	190.3859	1.685929	0.6222835
102	-1098.324	-1288.575	190.2511	1.844728	0.5307667
108	-1085.027	-1275.17	190.143	1.953896	0.5200566
114	-1097.964	-1288.11	190.1468	1.923196	0.3913982
120	-1086.224	-1276.431	190.2075	1.887678	0.5357728
126	-1080.401	-1270.567	190.1658	1.887678	0.663652
132	-1079.269	-1269.502	190.2331	1.812781	0.6785249
138	-1074.057	-1264.341	190.2846	1.812781	0.4877627
144	-1084.948	-1275.228	190.2797	1.812781	0.5524066
150	-1086.164	-1276.466	190.3016	1.771454	0.6191566
156	-1092.385	-1282.664	190.2796	1.815524	0.5366202
162	-1094.387	-1284.513	190.126	1.947889	0.3987424
168	-1095.911	-1285.888	189.9765	2.108663	0.425218
174	-1096.917	-1286.833	189.9163	2.108663	0.3328407
180	-1096.356	-1286.283	189.9268	2.108663	0.3437852
186	-1090.253	-1280.084	189.8309	2.108663	0.2689079
192	-1088.232	-1278.259	190.0271	2.000457	0.3353825
198	-1096.056	-1286.463	190.4063	1.691204	0.4915803
204	-1082.423	-1272.637	190.2145	1.876754	0.5587195
210	-1085.89	-1276.106	190.2163	1.876754	0.5491855
216	-1078.65	-1268.901	190.2508	1.836928	0.5738575
222	-1083.066	-1273.382	190.3156	1.746671	0.645108
228	-1067.807	-1258.093	190.2855	1.746671	0.7034573
234	-1078.764	-1269.09	190.326	1.746671	0.6201464
240	-1092.888	-1283.117	190.2287	1.868942	0.5013738
246	-1080.728	-1270.902	190.174	1.901987	0.611347
252	-1091.772	-1281.958	190.1862	1.901987	0.4342934
258	-1080.991	-1271.195	190.2036	1.888816	0.4507083
264	-1077.675	-1267.858	190.183	1.888816	0.6224312
270	-1096.525	-1286.559	190.0339	1.385749	1.327076
276	-1106.1	-1295.991	189.8908	1.018366	1.708635
282	-1083.678	-1272.1	188.422	0.9985289	2.677561
288	-1085.716	-1275.522	189.8063	1.197706	1.641032
294	-1076.479	-1266.831	190.3517	1.433813	1.005231
300	-1085.436	-1275.705	190.2685	1.563597	0.9577359
306	-1073.338	-1263.723	190.3849	1.415966	0.9898868
312	-1093.987	-1284.054	190.0673	1.585692	1.13001
318	-1077.847	-1267.852	190.0054	1.305724	1.412541
324	-1058.247	-1248.1	189.8534	1.330294	1.50942
330	-1068.951	-1259.486	190.5351	1.399653	0.8420725
336	-1076.433	-1267.037	190.6041	1.33912	0.8315476
342	-1082.472	-1272.849	190.3767	1.469636	0.9427058
348	-1060.268	-1250.133	189.8653	1.114285	1.658591
354	-1059.345	-1248.614	189.2685	0.9235406	2.191742
360	-1073.486	-1263.098	189.6118	0.9235406	1.965661
366	-1086.214	-1275.719	189.5043	1.029346	1.966743
372	-1077.676	-1266.558	188.8814	0.9758319	2.405694
378	-1077.371	-1266.764	189.3932	1.146983	1.962373
384	-1090.75	-1280.599	189.8486	1.377312	1.477705
390	-1095.025	-1285.365	190.3407	1.277861	1.160543
396	-1081.794	-1271.997	190.2033	1.30286	1.256424
402	-1092.947	-1283.339	190.3924	1.205799	1.17835
408	-1098.862	-1289.222	190.3597	1.030933	1.350203
414	-1110.001	-1300.342	190.3401	1.030933	1.365716
420	-1089.526	-1278.855	189.3287	1.173491	1.987841
426	-1081.809	-1271.167	189.3572	0.899741	2.149527
432	-1087.247	-1275.592	188.3459	0.6801038	2.917814
438	-1079.387	-1269	189.6133	0.8760578	1.99638
444	-1066.309	-1255.34	189.0304	1.1064	2.227436
450	-1064.358	-1253.662	189.3044	0.8701667	2.203021
456	-1064.393	-1253.804	189.411	0.8521631	2.145524
462	-1079.389	-1269.012	189.6224	0.8930536	1.978935
468	-1074.972	-1264.963	189.9911	1.079434	1.592932
474	-1078.872	-1267.656	188.7838	1.020156	2.439241
480	-1062.374	-1250.924	188.5507	0.9660255	2.618297
486	-1066.179	-1255.546	189.3669	0.909224	2.137037
492	-1051.021	-1241.033	190.012	1.053043	1.59691
498	-1057.282	-1246.894	189.6112	1.07888	1.860862
504	-1061.817	-1251.216	189.3989	1.291244	1.860862
510	-1072.144	-1261.654	189.5102	1.182565	1.859043
516	-1088.223	-1278.022	189.7995	1.048376	1.751732
522	-1083.565	-1272.594	189.0283	1.042192	2.270076
528	-1085.834	-1274.938	189.104	0.9380239	2.288309
534	-1077.368	-1267.373	190.0051	1.059653	1.597126
540	-1080.422	-1269.765	189.3424	1.202126	1.959445
546	-1079.2	-1269.191	189.9906	1.18937	1.51215
552	-1085.379	-1274.844	189.4652	1.033785	1.989962
558	-1074.062	-1263.703	189.6414	1.140319	1.797841
564	-1082.18	-1271.335	189.1549	1.016063	2.205382
570	-1098.946	-1288.275	189.3287	1.016063	2.092116
576	-1080.928	-1270.27	189.3429	0.8310452	2.203433
582	-1058.204	-1246.563	188.3592	0.8222167	2.823702
588	-1066.989	-1256.921	189.9316	0.9378977	1.736613
594	-1063.963	-1253.849	189.8858	1.130904	1.631923
600	-1073.945	-1263.743	189.7972	1.130904	1.695236
606	-1060.566	-1250.084	189.5185	1.137355	1.884237
612	-1063.936	-1253.582	189.6468	1.009082	1.884237
618	-1066.566	-1256.761	190.1952	1.283832	1.278871
624	-1065.167	-1254.671	189.5034	1.300623	1.782322
630	-1068.154	-1258.333	190.1793	1.225223	1.33916
636	-1069.268	-1259.317	190.0482	1.345004	1.348188
642	-1088.346	-1277.571	189.2251	1.061736	2.130078
648	-1089.374	-1278.643	189.2692	0.9378178	2.181985
654	-1083.066	-1272.422	189.3557	0.85134	2.181985
660	-1063.861	-1253.306	189.4449	1.065787	1.982139
666	-1057.526	-1247.713	190.1873	1.266281	1.299612
672	-1065.573	-1255.469	189.8953	1.055187	1.679383
678	-1069.778	-1259.624	189.8461	1.041336	1.723975
684	-1066.191	-1255.68	189.489	1.156358	1.891389
690	-1062.578	-1252.537	189.9589	1.077687	1.61759
696	-1075.834	-1265.347	189.5133	1.349649	1.741212
702	-1075.726	-1265.347	189.6208	1.115225	1.829372
708	-1076.813	-1266.93	190.1167	1.115225	1.473158
714	-1067.296	-1257.003	189.7078	1.130667	1.758376
720	-1066.459	-1254.701	188.2421	0.976656	2.801032
726	-1046.568	-1235.855	189.2872	1.132282	2.042828
732	-1053.542	-1243.04	189.4978	0.9216603	2.042828
738	-1065.572	-1255.054	189.4821	0.9373756	2.042828
744	-1057.205	-1246.429	189.2243	1.106732	2.101122
750	-1054.075	-1243.322	189.2471	0.99055	2.162125
756	-1071.146	-1260.367	189.221	1.166765	2.063749
762	-1068.654	-1256.224	187.5702	1.027138	3.174285
768	-1064.221	-1253.134	188.9128	1.096896	2.308969
774	-1057.829	-1247.728	189.8993	1.381955	1.435521
780	-1058.523	-1248.484	189.9608	1.118915	1.586212
786	-1073.703	-1263.843	190.14	1.330779	1.285647
792	-1071.031	-1261.248	190.217	1.318502	1.231948
798	-1088.902	-1278.178	189.2758	1.417209	1.85889
804	-1091.036	-1281.276	190.2401	1.073866	1.41029
810	-1079.155	-1268.164	189.0088	1.189678	2.187562
816	-1080.323	-1269.603	189.2806	0.9178612	2.187562
822	-1055.968	-1245.51	189.5426	1.098308	1.894354
828	-1064.986	-1254.252	189.2667	1.116784	2.06658
834	-1067.982	-1257.161	189.1785	0.9181693	2.25322
840	-1068.906	-1258.561	189.6559	0.9711592	1.903757
846	-1088.327	-1276.367	188.0399	1.168955	2.807046
852	-1084.667	-1274.033	189.3657	0.9156893	2.133603
858	-1090.059	-1279.642	189.5828	0.9192303	1.987915
864	-1093.144	-1282.091	188.9465	0.9192303	2.400347
870	-1082.56	-1272.438	189.8782	0.9548849	1.762122
876	-1082.161	-1271.858	189.6964	1.287243	1.655667
882	-1093.131	-1283.414	190.2832	1.520017	0.9875012
888	-1089.517	-1279.76	190.2429	1.379641	1.157084
894	-1083.853	-1273.51	189.6575	1.129211	1.794386
900	-1069.1	-1258.931	189.8307	1.129211	1.67265
906	-1063.845	-1253.756	189.9105	1.129211	1.615271
912	-1065.103	-1254.637	189.5339	0.9456092	2.00293
918	-1073.39	-1262.975	189.5854	0.9456092	1.968533
924	-1073.798	-1262.462	188.6639	0.9484298	2.559064
930	-1070.541	-1260.696	190.1552	1.057215	1.487847
936	-1081.128	-1269.612	188.484	1.043868	2.611375
942	-1074.018	-1263.136	189.1179	0.8518829	2.334395
948	-1071.947	-1260.667	188.72	0.8518829	2.584137
954	-1080.522	-1267.98	187.4581	0.7452487	3.406595
960	-1085.08	-1274.127	189.0472	0.9499896	2.316891
966	-1077.29	-1267.198	189.908	1.111034	1.630238
972	-1079.67	-1270.041	190.3709	1.49741	0.9190453
978	-1100.709	-1290.793	190.0839	1.473011	1.213826
984	-1098.172	-1288.701	190.529	1.480052	0.7409327
990	-1093.46	-1283.662	190.2022	1.594695	0.9939123
996	-1092.824	-1283.103	190.2796	1.594695	0.912459
