Iteration	Posterior	Likelihood	Prior	rate_log_sd	tree_length
0	-3629.121	-3819.617	190.4965	1.583357	0.6004373
6	-4196.186	-4387.235	191.0483	1.002653	0.6687982
12	-2854.71	-3043.316	188.6057	2.129588	1.829849
18	-2972.873	-3162.293	189.4203	2.129588	1.219803
24	-2848.356	-3034.622	186.2664	5.831243	0.4971665
30	-5275.922	-5467.715	191.7932	0.3030495	0.5263128
36	-3954.627	-4144.527	189.8999	0.4983947	2.056822
42	-2922.639	-3111.611	188.9724	2.243203	1.485428
48	-4497.335	-4688.629	191.2949	0.3972593	1.094454
54	-3237.718	-3427.578	189.8603	2.168154	0.70968
60	-5382.743	-5574.675	191.9315	0.1507916	0.4175016
66	-2850.27	-3038.709	188.4384	3.658846	0.4867662
72	-3220.849	-3411.223	190.3739	1.525462	0.88417
78	-3489.931	-3680.45	190.5189	1.355489	0.9122572
84	-5219.805	-5411.82	192.0143	0.05133396	0.6373713
90	-3423.121	-3612.317	189.1955	0.9145308	2.244667
96	-3879.803	-4069.612	189.8097	0.3003239	2.244667
102	-3579.541	-3768.956	189.4151	2.402507	0.2127502
108	-5243.362	-5435.116	191.7541	0.2819611	0.3444244
114	-3568.674	-3759.197	190.5233	1.492059	0.7311786
120	-3566.83	-3757.15	190.3192	1.465694	1.00587
126	-4111.057	-4301.904	190.8472	0.7335289	1.193415
132	-4115.972	-4306.973	191.0011	0.5796872	1.193415
138	-4541.454	-4732.912	191.4583	0.267864	1.062703
144	-4058.535	-4249.322	190.7877	1.308568	0.5267068
150	-5226.618	-5418.422	191.8038	0.1265938	0.8473941
156	-3022.305	-3209.7	187.3947	1.706751	2.872177
162	-4690.865	-4882.211	191.3462	0.02125051	1.368514
168	-3099.846	-3289.502	189.6555	1.697431	1.379939
174	-2816.805	-3004.973	188.168	3.929568	0.4926013
180	-4254.234	-4445.073	190.839	1.154931	0.3054522
186	-4836.338	-5028.125	191.787	0.2774426	0.6400926
192	-3570.697	-3761.279	190.5821	1.361551	0.8309651
198	-2837.405	-3023.869	186.4639	1.928393	3.295538
204	-3007.753	-3196.625	188.8715	3.004866	0.2366559
210	-3005.36	-3194.448	189.088	2.074166	1.525437
216	-3346.281	-3536.563	190.2821	1.798075	0.5992203
222	-2995.574	-3185.115	189.5405	2.202161	1.047083
228	-6045.908	-6237.608	191.7	0.2653319	0.2848489
234	-3142.849	-3332.691	189.8416	2.112398	0.817838
240	-6021.067	-6212.859	191.7915	0.1700067	0.2823823
246	-5568.74	-5760.598	191.858	0.1608968	0.3269223
252	-2920.656	-3109.493	188.8378	3.033596	0.9156019
258	-5625.165	-5817.044	191.8789	0.1979904	0.4049507
264	-4037.089	-4225.485	188.3968	0.09250717	3.238249
270	-3503.269	-3693.517	190.2479	1.818815	0.3858068
276	-3428.106	-3618.354	190.2479	1.818815	0.3858068
282	-4918.88	-5110.753	191.873	0.1992008	0.6214315
288	-4298.55	-4489.928	191.3782	0.6940354	0.6214315
294	-3406.887	-3597.529	190.6421	1.431722	0.6172194
300	-3133.493	-3322.577	189.0841	1.413556	1.990836
306	-4963.603	-5154.113	190.5096	1.191563	0.1759105
312	-2851.107	-3039.933	188.8267	3.199898	0.7127883
318	-2854.951	-3044.085	189.1338	2.919876	0.6631622
324	-2956.902	-3146.574	189.6714	2.130129	0.9891718
330	-3071.897	-3261.376	189.4791	2.130129	1.168734
336	-3784.252	-3972.228	187.9763	0.3650973	3.325504
342	-3415.318	-3603.69	188.3717	0.8342965	2.808777
348	-3928.442	-4118.493	190.0513	0.5179968	1.942836
354	-3044.96	-3234.455	189.4954	1.973077	1.287467
360	-3852.925	-4043.621	190.6965	1.302489	0.7561468
366	-4659.897	-4850.482	190.5846	1.302489	0.2415808
372	-3416.853	-3607.335	190.4812	1.302489	1.007051
378	-3330.846	-3520.845	189.9996	1.364073	1.371518
384	-3348.928	-3537.975	189.0472	1.215962	2.145525
390	-4485.549	-4676.731	191.1817	0.6831951	0.9227203
396	-4415.913	-4607.149	191.2365	0.6615467	0.8856905
402	-3884.725	-4075.538	190.8134	1.084623	0.8856905
408	-3066.803	-3255.848	189.0455	3.051854	0.4874306
414	-4466.939	-4657.842	190.9031	1.190714	0.4577728
420	-3873.297	-4064.051	190.7534	1.190714	0.8304567
426	-4065.657	-4255.336	189.6788	0.09257854	2.459722
432	-2820.434	-3009.015	188.5808	3.478037	0.652489
438	-2850.509	-3039.517	189.0084	2.809835	0.9721831
444	-3106.984	-3297.766	190.7814	0.9554182	1.052667
450	-5630.02	-5820.879	190.8599	0.842243	0.1761616
456	-2816.919	-3005.464	188.5451	3.54394	0.5683436
462	-5235.594	-5427.596	192.0025	0.08660666	0.5683436
468	-4250.129	-4441.157	191.0279	0.2546637	1.43455
474	-4126.773	-4315.617	188.8433	2.313107	0.08507039
480	-3460.163	-3650.326	190.1636	1.89034	0.366345
486	-3136.447	-3326.504	190.0571	1.89034	0.826214
492	-3556.617	-3746.527	189.9099	0.9622786	1.734744
498	-3472.772	-3662.053	189.2809	0.9454074	2.169508
504	-2985.704	-3175.471	189.7668	2.133206	0.8834248
510	-3062.394	-3252.224	189.8299	2.133206	0.8059669
516	-3865.339	-4056.179	190.8399	0.7577873	1.178827
522	-4017.816	-4209.028	191.2121	0.7577873	0.7969787
528	-4098.024	-4288.851	190.8268	1.26828	0.4652666
534	-4501.48	-4692.677	191.1968	0.8875517	0.5861376
540	-3924.898	-4115.717	190.8195	0.8135281	1.147787
546	-3960.825	-4151.822	190.9967	0.8135281	0.9803182
552	-2891.669	-3079.088	187.4188	3.036172	2.019294
558	-3829.197	-4020.029	190.8317	1.073666	0.8771821
564	-3865.466	-4056.228	190.7617	1.244941	0.7447239
570	-3270.943	-3458.913	187.9702	1.010869	2.944894
576	-3069.293	-3259.292	189.9989	2.031688	0.7060395
582	-2885.19	-3074.589	189.3984	1.655645	1.604897
588	-4193.039	-4384.399	191.3598	0.1824808	1.226178
594	-4414.363	-4605.441	191.0779	0.1673811	1.462956
600	-3407.516	-3595.504	187.9878	0.7234271	3.10655
606	-3699.745	-3890.575	190.8299	0.9556372	1.00527
612	-2818.837	-3006.905	188.0679	3.797918	0.9217088
618	-5479.854	-5671.434	191.5798	0.4084513	0.3010677
624	-4796.738	-4988.361	191.6231	0.4629661	0.4276466
630	-4796.592	-4987.358	190.7657	1.066945	0.2184363
636	-4669.866	-4861.23	191.3647	0.6418716	0.7448325
642	-4331.15	-4522.348	191.1987	0.8952554	0.5438346
648	-4050.709	-4241.063	190.3539	0.1842297	1.963729
654	-3396.055	-3586.386	190.3308	1.214208	1.223902
660	-3761.864	-3952.541	190.6768	0.5889275	1.447433
666	-4911.107	-5102.866	191.7599	0.320981	0.5972309
672	-4379.379	-4570.293	190.9147	0.08549568	1.643811
678	-4485.531	-4676.977	191.4461	0.5057771	0.8206365
684	-3554.729	-3744.443	189.7147	0.6867441	2.054749
690	-3693.621	-3884.222	190.6016	1.305924	0.8747176
696	-5018.981	-5209.297	190.3158	1.305924	0.1561803
702	-3816.167	-4005.789	189.6223	0.5473615	2.206205
708	-2919.805	-3109.222	189.4176	2.136477	1.21624
714	-3943.985	-4134.657	190.6723	0.5177158	1.504704
720	-3137.187	-3326.668	189.481	1.805468	1.4315
726	-4385.39	-4576.252	190.8616	0.4693488	1.397114
732	-5414.853	-5606.417	191.5643	0.4306556	0.3062839
738	-4270.82	-4462.159	191.3386	0.07495908	1.33195
744	-2881.094	-3070.361	189.267	2.146547	1.33195
750	-5336.306	-5528.007	191.7016	0.3680585	0.3908409
756	-2819.033	-3006.735	187.7019	3.188162	1.722152
762	-4123.285	-4313.813	190.5275	0.05953712	1.930869
768	-5793.222	-5985.046	191.8242	0.1910967	0.3235281
774	-4191.606	-4382.495	190.8893	0.4204424	1.413614
780	-4535.133	-4726.487	191.3534	0.472007	0.9647015
786	-2857.689	-3045.999	188.3103	3.515113	0.9647015
792	-2820.625	-3008.842	188.2173	3.870107	0.5750026
798	-3064.803	-3254.656	189.8533	1.678817	1.234811
804	-3848.883	-4038.864	189.9819	1.946481	0.2625372
810	-2959.928	-3146.317	186.3886	2.720147	2.867819
816	-3999.179	-4188.084	188.9051	0.2035489	2.867819
822	-3974.45	-4164.934	190.4841	0.5280962	1.635185
828	-4619.386	-4810.715	191.3294	0.7641079	0.455825
834	-4078.221	-4268.882	190.6614	1.40122	0.3790179
840	-4036.583	-4227.226	190.6434	1.40122	0.3544146
846	-3474.972	-3662.919	187.947	0.4503077	3.292588
852	-5363.225	-5554.884	191.6596	0.4281132	0.4327726
858	-3945.354	-4135.937	190.5828	0.3362546	1.701641
864	-3147.716	-3337.314	189.5971	1.310633	1.709659
870	-6262.47	-6454.063	191.5927	0.1580365	0.1902002
876	-6629.97	-6821.549	191.5789	0.1301916	0.1780852
882	-4767.765	-4958.9	191.1349	0.9446928	0.4108648
888	-4630.845	-4822.504	191.6587	0.06284124	1.067052
894	-4733.178	-4924.825	191.6471	0.4209168	0.6318613
900	-4298.994	-4489.733	190.739	0.1982401	1.68879
906	-3521.536	-3712.132	190.5964	1.388419	0.776516
912	-4987.456	-5177.648	190.1911	1.264738	0.1240802
918	-6013.564	-6205.246	191.682	0.171172	0.2266615
924	-5840.211	-6031.956	191.7452	0.171172	0.256109
930	-2826.284	-3014.75	188.4662	3.527291	0.7641313
936	-3902.12	-4093.008	190.8875	1.144025	0.704538
942	-4448.144	-4639.08	190.936	1.144025	0.4120271
948	-3527.822	-3718.272	190.4503	1.144025	1.181722
954	-6019.714	-6211.554	191.8401	0.1351443	0.2916266
960	-5009.605	-5201.064	191.4598	0.5993752	0.3737953
966	-2954.729	-3144.391	189.6621	2.396327	0.6533565
972	-3529.346	-3719.971	190.6244	1.378463	0.750325
978	-2825.823	-3013.244	187.4211	4.337905	1.031289
984	-3326.398	-3516.701	190.3032	1.562567	0.9218252
990	-3013.52	-3202.839	189.3189	2.71731	0.6962813
996	-5522.603	-5714.498	191.8948	0.08890595	0.7781011
