Iteration	Posterior	Likelihood	Prior	rate_log_sd	tree_length
0	-1039.663	-1229.565	189.9026	1.007058	1.708314
6	-1043.6	-1233.15	189.5495	1.037996	1.930556
12	-1040.105	-1229.836	189.7309	1.356007	1.580919
18	-1039.028	-1228.847	189.819	1.131928	1.679026
24	-1039.374	-1229.525	190.1518	1.024364	1.514999
30	-1032.732	-1222.074	189.3415	0.9428716	2.131646
36	-1034.547	-1223.691	189.1444	0.7813404	2.362381
42	-1027.224	-1216.302	189.0779	0.8478064	2.362381
48	-1032.88	-1221.838	188.9579	0.9987667	2.342685
54	-1037.14	-1225.818	188.6771	0.8697244	2.599677
60	-1037.159	-1226.234	189.0757	0.9609651	2.291685
66	-1048.39	-1238.064	189.6738	1.288496	1.670958
72	-1048.17	-1238.325	190.1542	1.243453	1.344602
78	-1056.024	-1246.221	190.1967	1.17879	1.362185
84	-1052.194	-1242.377	190.1829	1.351454	1.232879
90	-1048.918	-1239.068	190.1493	1.385074	1.232879
96	-1049.183	-1239.405	190.2225	1.482879	1.082159
102	-1049.237	-1239.535	190.2985	1.431855	1.058811
108	-1050.68	-1240.763	190.0828	1.431855	1.249397
114	-1038.297	-1228.66	190.3629	1.458149	0.9692723
120	-1044.823	-1235.046	190.2238	1.168256	1.349063
126	-1051.333	-1241.688	190.3555	1.548215	0.8790828
132	-1046.597	-1236.985	190.3877	1.501406	0.8958928
138	-1040.137	-1230.558	190.421	1.216115	1.144154
144	-1040	-1230.281	190.2811	1.388741	1.114857
150	-1036.259	-1226.784	190.5247	1.483884	0.741719
156	-1027.792	-1218.111	190.3183	1.483884	0.9885434
162	-1026.386	-1216.699	190.313	1.555718	0.9185846
168	-1031.507	-1221.816	190.3081	1.719648	0.7109056
174	-1030.597	-1220.96	190.3631	1.719648	0.5911797
180	-1027.782	-1218.013	190.2309	1.86633	0.486531
186	-1036.543	-1226.791	190.248	1.849285	0.4860922
192	-1037.808	-1228.166	190.3588	1.656973	0.7304523
198	-1039.964	-1230.331	190.3667	1.683053	0.6711755
204	-1033.466	-1223.844	190.3786	1.533921	0.8688745
210	-1026.768	-1217.236	190.4679	1.532111	0.7545675
216	-1033.753	-1224.116	190.3632	1.696797	0.6499678
222	-1035.64	-1225.969	190.3296	1.759199	0.5694802
228	-1040.061	-1230.296	190.2346	1.856105	0.5613004
234	-1037.634	-1227.955	190.3214	1.759798	0.5961647
240	-1043.401	-1233.723	190.3219	1.759798	0.5947096
246	-1037.569	-1227.594	190.0242	1.598824	1.156641
252	-1039.972	-1230.32	190.3474	1.485591	0.9568651
258	-1043.188	-1233.589	190.4013	1.235621	1.144363
264	-1053.579	-1244.014	190.4352	1.390971	0.9639614
270	-1035.478	-1225.269	189.7917	1.003208	1.788644
276	-1038.46	-1228.284	189.8238	1.104381	1.695216
282	-1039.749	-1229.595	189.8463	1.209901	1.603367
288	-1041.806	-1231.154	189.3479	1.168267	1.978473
294	-1044.317	-1234.558	190.2409	1.281225	1.243148
300	-1047.418	-1237.793	190.3749	1.176697	1.218325
306	-1041.661	-1231.481	189.8198	1.167255	1.653247
312	-1041.022	-1231.011	189.9895	0.9271859	1.703352
318	-1036.996	-1226.331	189.3346	0.9947905	2.102167
324	-1034.434	-1224.246	189.8111	1.065553	1.731599
330	-1029.788	-1219.395	189.6063	0.7817051	2.063639
336	-1031.193	-1220.169	188.9765	0.7531592	2.485884
342	-1034.681	-1223.71	189.0295	0.8121101	2.415531
348	-1037.661	-1227.068	189.4066	1.160361	1.944412
354	-1045.854	-1235.757	189.903	1.248774	1.533175
360	-1032.247	-1222.15	189.903	1.248774	1.533175
366	-1028.259	-1218.157	189.8987	1.380805	1.43691
372	-1031.265	-1220.935	189.6705	1.31332	1.655545
378	-1039.972	-1229.582	189.6098	1.098094	1.848687
384	-1040.292	-1229.824	189.5314	1.289472	1.7706
390	-1039.285	-1229.377	190.0922	1.289472	1.357337
396	-1049.651	-1239.696	190.0452	1.336418	1.357337
402	-1059.081	-1248.114	189.0323	0.9988641	2.295241
408	-1047.599	-1237.196	189.5974	0.9500827	1.95746
414	-1050.319	-1239.168	188.8488	0.8778543	2.487739
420	-1035.958	-1225.998	190.0405	1.083027	1.554053
426	-1045.442	-1235.26	189.8175	1.235021	1.606027
432	-1051.458	-1240.376	188.9184	1.13275	2.282425
438	-1052.358	-1241.94	189.5819	0.9421026	1.973218
444	-1050.125	-1239.47	189.3441	1.126449	2.008907
450	-1053.192	-1242.596	189.4041	1.043403	2.024235
456	-1054.021	-1243.842	189.8207	1.000004	1.770726
462	-1052.827	-1242.289	189.4622	1.071647	1.966659
468	-1051.838	-1241.591	189.7531	1.224899	1.659732
474	-1050.594	-1240.267	189.6734	1.304575	1.659732
480	-1069.545	-1259.864	190.3196	1.339845	1.124234
486	-1062.493	-1252.311	189.818	1.264371	1.584271
492	-1060.746	-1250.788	190.042	1.175094	1.484296
498	-1058.848	-1248.78	189.9318	1.301885	1.471798
504	-1063.642	-1253.659	190.0173	1.11383	1.548455
510	-1063.36	-1253.004	189.6437	1.147515	1.791208
516	-1060.913	-1250.707	189.7949	0.9963686	1.791208
522	-1059.622	-1249.442	189.8201	0.8286561	1.889027
528	-1063.578	-1252.599	189.0205	1.048588	2.27093
534	-1054.191	-1243.448	189.2568	0.9137445	2.205629
540	-1050.443	-1240.229	189.786	0.9060636	1.859508
546	-1050.092	-1240.208	190.1159	1.146765	1.449791
552	-1055.669	-1245.88	190.2115	1.347973	1.211669
558	-1059.369	-1249.567	190.1982	1.292328	1.269385
564	-1060.761	-1251.002	190.2403	1.170203	1.334356
570	-1051.043	-1241.202	190.1587	1.236023	1.346972
576	-1050.815	-1240.508	189.6923	1.21873	1.707332
582	-1047.316	-1237.096	189.7795	1.147658	1.695935
588	-1049.697	-1239.02	189.3234	1.075827	2.056237
594	-1053.788	-1242.242	188.4539	1.035888	2.634955
600	-1043.933	-1233.469	189.5369	1.091894	1.902619
606	-1044.878	-1234.828	189.9496	1.229017	1.513226
612	-1038.554	-1228.554	190	1.108478	1.565177
618	-1043.886	-1233.916	190.0304	1.263343	1.425942
624	-1033.783	-1223.812	190.0286	1.357628	1.353694
630	-1036.541	-1226.73	190.1891	1.436619	1.15427
636	-1038.456	-1228.783	190.3268	1.298885	1.15427
642	-1045.393	-1235.741	190.3478	1.337862	1.100384
648	-1035.78	-1225.487	189.7066	1.304472	1.635966
654	-1038.735	-1228.837	190.1022	1.184878	1.431085
660	-1055.658	-1245.556	189.8975	1.167956	1.596612
666	-1043.645	-1233.857	190.2122	1.362508	1.198618
672	-1041.495	-1231.671	190.1767	1.384829	1.209857
678	-1040.968	-1231.11	190.1413	1.285866	1.321014
684	-1042.216	-1232.229	190.0131	1.348907	1.372818
690	-1031.998	-1222.023	190.0246	1.35541	1.358598
696	-1044.872	-1235.186	190.3142	1.691711	0.7457471
702	-1031.599	-1221.882	190.2827	1.74569	0.7098616
708	-1028.065	-1218.386	190.3217	1.289808	1.166761
714	-1036.37	-1226.551	190.1818	1.31539	1.263932
720	-1041.945	-1232.124	190.1785	1.0958	1.440852
726	-1044.365	-1233.763	189.3977	1.115587	1.98038
732	-1038.373	-1228.47	190.0971	1.290445	1.352673
738	-1032.457	-1222.515	190.0582	1.364902	1.324308
744	-1043.68	-1233.957	190.2773	1.134623	1.333223
750	-1044.289	-1233.755	189.4665	1.332158	1.786039
756	-1039.712	-1229.164	189.4521	1.346587	1.786039
762	-1042.959	-1233.008	190.0481	1.135246	1.509626
768	-1040.528	-1230.581	190.0529	1.322655	1.362173
774	-1037.665	-1227.98	190.3148	1.407614	1.066258
780	-1052.254	-1242.448	190.1941	1.58244	1.014127
786	-1046.281	-1236.603	190.3224	1.556252	0.9075672
792	-1054.193	-1244.584	190.3907	1.556252	0.8268206
798	-1044.887	-1235.235	190.3474	1.481092	0.9615706
804	-1048.89	-1239.208	190.3184	1.371275	1.096759
810	-1039.215	-1229.012	189.7969	1.38077	1.513918
816	-1043.89	-1233.784	189.8945	1.171815	1.595963
822	-1045.81	-1235.785	189.9748	1.09151	1.595963
828	-1052.205	-1241.399	189.1945	1.09151	2.1306
834	-1045.274	-1235.087	189.8124	1.312979	1.552668
840	-1036.717	-1226.531	189.814	1.169551	1.655742
846	-1031.095	-1220.808	189.7129	1.270678	1.655742
852	-1032.147	-1221.577	189.4306	1.021044	2.021479
858	-1034.646	-1224.497	189.852	1.131185	1.656037
864	-1027.367	-1217.151	189.7834	1.148673	1.692421
870	-1033.541	-1223.563	190.0222	1.237738	1.451828
876	-1039.51	-1229.152	189.6425	1.210463	1.7482
882	-1039.099	-1228.019	188.9199	0.9530568	2.395754
888	-1031.595	-1221.147	189.552	0.9908786	1.960538
894	-1022.75	-1212.564	189.8138	1.028909	1.755415
900	-1031.421	-1220.161	188.7405	1.028909	2.460941
906	-1041.14	-1230.408	189.2679	1.067735	2.098055
912	-1039.507	-1228.857	189.35	0.9229107	2.139145
918	-1037.917	-1226.845	188.9283	1.091417	2.302544
924	-1038.063	-1227.241	189.1781	0.9408237	2.238951
930	-1036.877	-1226.419	189.5417	0.9408237	2.000966
936	-1041.921	-1231.313	189.3915	1.007046	2.056643
942	-1035.215	-1224.671	189.4555	0.943034	2.056643
948	-1034.761	-1224.884	190.1231	1.124446	1.461263
954	-1032.375	-1222.165	189.7893	1.229059	1.630741
960	-1033.979	-1223.662	189.683	1.066614	1.820036
966	-1040.709	-1230.26	189.5506	1.107333	1.882827
972	-1047.658	-1237.741	190.0838	1.102015	1.507781
978	-1049.846	-1238.894	189.0481	1.235881	2.131897
984	-1040.937	-1230.873	189.9362	1.068694	1.640401
990	-1044.188	-1234.358	190.1703	1.266651	1.31311
996	-1050.056	-1240.185	190.129	1.219733	1.383265
1002	-1050.089	-1240.493	190.4043	1.391238	0.9952261
1008	-1047.522	-1237.565	190.0429	1.544521	1.187651
1014	-1052.771	-1242.913	190.1418	1.427711	1.203103
1020	-1047.852	-1237.978	190.1269	1.393987	1.244171
1026	-1045.046	-1235.385	190.3383	1.40442	1.046972
1032	-1045.694	-1235.993	190.299	1.258874	1.213036
1038	-1044.408	-1234.4	189.9919	1.101503	1.576168
1044	-1040.442	-1229.874	189.4323	1.146231	1.936592
1050	-1047.862	-1237.014	189.1517	1.158498	2.114741
1056	-1040.367	-1229.787	189.4207	1.019383	2.02915
1062	-1050.901	-1240.285	189.3837	1.094752	2.003683
1068	-1047.119	-1236.513	189.3938	1.014347	2.050302
1074	-1047.075	-1236.303	189.2275	1.009606	2.162492
1080	-1053.285	-1243.096	189.8107	1.053986	1.739961
1086	-1043.277	-1233.494	190.2169	1.26906	1.273169
1092	-1036.458	-1226.32	189.8613	1.160982	1.627902
1098	-1041.155	-1231.127	189.9721	1.192601	1.523539
1104	-1047.675	-1237.726	190.0515	1.142567	1.501645
1110	-1043.635	-1233.793	190.1579	1.200698	1.375519
1116	-1041.435	-1231.097	189.6624	0.9699283	1.900199
1122	-1046.911	-1236.458	189.5468	1.030309	1.93758
1128	-1045.915	-1235.466	189.5508	1.123639	1.871546
1134	-1043.704	-1233.339	189.6348	1.039607	1.871546
1140	-1043.636	-1233.167	189.5315	0.9564914	1.997299
1146	-1045.462	-1233.986	188.524	0.8604093	2.699766
1152	-1046.194	-1235.775	189.581	0.8760529	2.017863
1158	-1050.941	-1240.007	189.0657	0.7378326	2.439556
1164	-1054.815	-1243.948	189.1335	0.8567817	2.321323
1170	-1044.505	-1233.778	189.273	1.069727	2.093399
1176	-1047.182	-1237.112	189.9299	1.419058	1.383035
1182	-1048.136	-1238.293	190.1568	1.361876	1.246073
1188	-1049.689	-1239.845	190.1568	1.361876	1.246073
1194	-1041.328	-1231.663	190.3344	1.619869	0.8175449
1200	-1043.562	-1233.877	190.3154	1.411058	1.062488
1206	-1048.073	-1238.225	190.1519	1.199337	1.381243
1212	-1041.498	-1230.475	188.9767	1.002252	2.328508
1218	-1047.452	-1237.424	189.9723	1.086163	1.601706
1224	-1047.35	-1237.109	189.7594	0.9750705	1.830444
1230	-1043.47	-1232.664	189.194	0.9938401	2.194424
1236	-1038.033	-1227.308	189.275	1.101524	2.071196
1242	-1044.772	-1234.757	189.9848	1.011205	1.646811
1248	-1050.371	-1239.618	189.2471	1.122196	2.075982
1254	-1041.152	-1230.619	189.4666	1.335782	1.783497
1260	-1036.117	-1226.065	189.9474	1.592034	1.22865
1266	-1037.203	-1227.238	190.0351	1.592034	1.153058
1272	-1041	-1230.934	189.9345	1.265843	1.496954
1278	-1039.74	-1229.762	190.0228	1.231227	1.456325
1284	-1036.63	-1226.209	189.5786	1.166496	1.823134
1290	-1029.464	-1219.295	189.8302	1.157844	1.652556
1296	-1027.062	-1216.814	189.7521	1.235355	1.652965
1302	-1036.542	-1226.156	189.6138	1.02444	1.896213
1308	-1033.644	-1223.496	189.8525	1.179828	1.62064
1314	-1045.406	-1235.258	189.8521	1.179828	1.620903
1320	-1048.114	-1238.115	190.0014	1.622692	1.15566
1326	-1047.618	-1237.884	190.2657	1.622692	0.896635
1332	-1047.729	-1237.816	190.0862	1.40774	1.26655
1338	-1053.566	-1243.738	190.1719	1.383844	1.214814
1344	-1053.696	-1243.935	190.2386	1.37238	1.167228
1350	-1051.838	-1242.075	190.2372	1.373767	1.167228
1356	-1044.379	-1234.67	190.2914	1.319537	1.167228
1362	-1048.086	-1237.7	189.6132	1.051833	1.877973
1368	-1043.071	-1232.538	189.4677	1.177915	1.891167
1374	-1032.437	-1221.985	189.5487	1.102698	1.887249
1380	-1033.529	-1222.42	188.8907	1.17045	2.276048
1386	-1032.151	-1221.517	189.3665	1.116996	2.000298
1392	-1039.504	-1229.348	189.8435	1.339223	1.51016
1398	-1031.226	-1220.614	189.3875	1.195777	1.933361
1404	-1028.769	-1218.786	190.0174	1.344254	1.373112
1410	-1025.916	-1216.227	190.3107	1.344299	1.128205
1416	-1040.903	-1231.133	190.2299	1.48396	1.074299
1422	-1051.39	-1241.861	190.4712	1.517648	0.770818
1428	-1055.215	-1245.602	190.3866	1.542287	0.8492307
1434	-1049.093	-1239.456	190.3628	1.529016	0.8927746
1440	-1045.873	-1236.284	190.4117	1.26754	1.106281
1446	-1043.938	-1234.131	190.1933	1.450956	1.137852
1452	-1048.048	-1238.23	190.1824	1.363814	1.22293
1458	-1044.68	-1234.835	190.155	1.293799	1.303567
1464	-1046.481	-1236.708	190.2267	1.47123	1.089132
1470	-1036.879	-1227.145	190.2658	1.432146	1.089132
1476	-1033.918	-1224.298	190.3802	1.432146	0.9781905
1482	-1039.013	-1229.396	190.3832	1.637428	0.722696
1488	-1032.204	-1222.31	190.1058	1.597248	1.084351
1494	-1040.102	-1230.343	190.2417	1.417767	1.124176
1500	-1043.515	-1233.665	190.1508	1.417767	1.203918
1506	-1045.234	-1235.372	190.1373	1.274366	1.333438
1512	-1051.78	-1240.979	189.1991	1.043883	2.158664
1518	-1059.69	-1249.449	189.759	0.966398	1.836676
1524	-1058.876	-1248.361	189.4853	0.9957971	2.001893
1530	-1060.8	-1250.008	189.2081	0.8910074	2.251691
1536	-1059.188	-1248.29	189.1017	1.305868	2.050713
1542	-1050.603	-1240.404	189.8012	1.243339	1.611781
1548	-1046.574	-1236.527	189.9527	1.291495	1.463844
1554	-1059.986	-1249.561	189.5742	1.246895	1.770449
1560	-1056.978	-1246.176	189.198	1.153572	2.087603
1566	-1048.15	-1237.895	189.7443	1.153734	1.716491
1572	-1050.769	-1240.182	189.4131	0.955273	2.076563
1578	-1045.633	-1235.361	189.7286	0.9311853	1.88156
1584	-1042.863	-1231.791	188.9277	1.021572	2.347432
1590	-1041.327	-1229.855	188.5274	0.7588956	2.75982
1596	-1042.932	-1232.439	189.5075	0.8541911	2.080993
1602	-1050.333	-1238.9	188.5679	0.8643008	2.670434
1608	-1043.005	-1232.607	189.6023	1.035723	1.896323
1614	-1053.88	-1243.408	189.5287	1.109373	1.896323
1620	-1040.246	-1229.798	189.552	1.086083	1.896323
1626	-1046.438	-1236.109	189.6708	1.027843	1.855047
1632	-1044.702	-1234.09	189.3882	1.033865	2.04112
1638	-1048.377	-1237.86	189.4833	1.207947	1.860079
1644	-1035.331	-1225.124	189.7933	1.323209	1.559254
1650	-1033.538	-1223.332	189.7944	1.307758	1.569796
1656	-1036.787	-1226.652	189.8653	1.236867	1.569796
1662	-1039.174	-1229.255	190.0807	1.383401	1.291056
1668	-1045.235	-1235.511	190.2762	1.41625	1.094185
1674	-1046.576	-1236.302	189.7258	1.392895	1.557626
1680	-1042.177	-1231.27	189.0933	1.058225	2.217944
1686	-1049.715	-1239.559	189.8442	1.129178	1.662996
1692	-1049.177	-1238.953	189.7759	1.197474	1.662996
1698	-1045.235	-1235.565	190.3298	1.366259	1.090851
1704	-1041.678	-1232.105	190.4268	1.304618	1.057714
1710	-1054.736	-1245.013	190.2771	1.41812	1.091643
1716	-1046.771	-1237.11	190.3386	1.41812	1.033525
1722	-1049.103	-1239.505	190.4017	1.61235	0.7331517
1728	-1043.253	-1233.399	190.1453	1.486424	1.148995
1734	-1050.628	-1240.671	190.0434	1.454425	1.263378
1740	-1055.423	-1245.612	190.1884	1.542587	1.058182
1746	-1051.994	-1241.914	189.92	1.542587	1.292312
1752	-1040.469	-1230.776	190.3076	1.784634	0.5540274
1758	-1046.76	-1237.069	190.3093	1.784634	0.5444839
1764	-1043.985	-1234.157	190.172	1.923511	0.533093
1770	-1040.797	-1231.017	190.2206	1.874345	0.4641058
1776	-1048.674	-1238.944	190.2704	1.707539	0.7861206
1782	-1037.429	-1227.535	190.1059	1.476221	1.192247
1788	-1038.743	-1229.162	190.4197	1.426704	0.9426898
1794	-1041.361	-1231.598	190.2365	1.426704	1.120837
1800	-1026.589	-1216.947	190.3577	1.508513	0.9213037
1806	-1035.404	-1225.83	190.4265	1.480632	0.8751877
1812	-1035.741	-1226.057	190.3157	1.499654	0.9751512
1818	-1042.991	-1233.35	190.3594	1.505352	0.9229484
1824	-1044.024	-1234.285	190.2609	1.52381	1.006101
1830	-1040.829	-1231.163	190.3339	1.52381	0.9305213
1836	-1044.823	-1235.209	190.3863	1.281953	1.11628
1842	-1043.173	-1232.598	189.4252	1.336906	1.811404
1848	-1045.839	-1235.995	190.1562	1.623901	1.010616
1854	-1039.941	-1230.274	190.3324	1.427214	1.030697
1860	-1044.107	-1234.046	189.9388	1.217293	1.529953
1866	-1043.591	-1233.605	190.0146	1.141469	1.529953
1872	-1047.852	-1237.73	189.8782	1.277927	1.529953
1878	-1040.401	-1230.014	189.6127	1.037007	1.88841
1884	-1038.752	-1228.586	189.8334	0.9599569	1.78976
1890	-1020.697	-1210.083	189.3856	0.8949842	2.134098
1896	-1027.836	-1217.009	189.1735	1.107126	2.134098
1902	-1032.624	-1222.466	189.8423	1.326146	1.520763
1908	-1030.334	-1220.462	190.1285	1.085783	1.486459
1914	-1038.341	-1227.996	189.655	1.049872	1.850771
1920	-1028.296	-1218.027	189.7312	1.049872	1.798258
1926	-1029.5	-1219.436	189.9364	1.180435	1.559023
1932	-1027.814	-1217.109	189.2954	1.033771	2.102313
1938	-1028.667	-1218.281	189.6138	0.9034041	1.977764
1944	-1033.216	-1221.748	188.5323	0.9069701	2.666067
1950	-1041.277	-1230.232	188.9557	1.154328	2.244682
1956	-1036.72	-1226.056	189.3351	0.9241617	2.148064
1962	-1048.81	-1237.892	189.0813	0.8865131	2.3356
1968	-1047.541	-1237.166	189.6252	1.205646	1.763694
1974	-1045.671	-1235.23	189.5587	0.9485313	1.984432
1980	-1037.521	-1226.698	189.1767	1.002659	2.199939
1986	-1039.199	-1227.981	188.7813	0.8257446	2.562308
1992	-1034.333	-1223.136	188.8023	0.8047808	2.562308
1998	-1035.962	-1225.528	189.5656	0.8989945	2.012867
2004	-1029.946	-1219.616	189.6702	0.7944194	2.012867
2010	-1031.745	-1220.864	189.1185	0.7760025	2.382168
2016	-1042.045	-1230.882	188.8367	0.8917862	2.486579
2022	-1036.142	-1225.876	189.7335	0.9900271	1.837922
2028	-1041.453	-1230.06	188.6074	0.9443072	2.596631
2034	-1035.562	-1225.337	189.7755	0.9719496	1.821478
2040	-1029.849	-1219.809	189.9605	1.169901	1.548981
2046	-1031.313	-1220.305	188.9912	0.9955764	2.323564
2052	-1038.032	-1227.783	189.7507	1.241249	1.649747
2058	-1040.818	-1229.821	189.0026	1.170154	2.204186
2064	-1047.415	-1236.661	189.2454	0.9273501	2.204186
2070	-1041.819	-1231.097	189.2783	0.8945154	2.204186
2076	-1041.2	-1230.196	188.9965	1.004828	2.314261
2082	-1041.506	-1231.467	189.9615	1.045204	1.639135
2088	-1040.019	-1229.757	189.7372	1.144627	1.72794
2094	-1038	-1228.031	190.031	1.144627	1.515433
2100	-1036.662	-1226.183	189.521	1.144627	1.877593
2106	-1038.914	-1228.742	189.8274	1.312548	1.54194
2112	-1041.991	-1232.332	190.3413	1.388426	1.059337
2118	-1047.783	-1238.082	190.2989	1.388426	1.098884
2124	-1037.925	-1228.13	190.205	1.482263	1.098884
2130	-1036.015	-1225.844	189.8283	1.316923	1.538004
2136	-1040.926	-1231.03	190.1049	1.384158	1.270579
2142	-1041.503	-1231.668	190.1652	1.384158	1.220202
2148	-1037.576	-1227.953	190.3769	1.374203	1.038915
2154	-1039.875	-1230.092	190.2176	1.336984	1.215818
2160	-1035.19	-1225.334	190.1443	1.549373	1.09307
2166	-1046.946	-1237.186	190.2405	1.352901	1.18248
2172	-1051.427	-1241.36	189.9334	1.296076	1.474967
2178	-1044.3	-1234.419	190.1184	1.084175	1.495242
2184	-1049.727	-1239.666	189.9395	1.029871	1.665884
2190	-1062.784	-1252.897	190.1132	1.065042	1.513499
2196	-1052.127	-1242.158	190.0302	1.148042	1.513499
2202	-1053.501	-1243.634	190.133	1.148042	1.435684
2208	-1045.804	-1235.84	190.0352	1.357734	1.348379
2214	-1048.834	-1239.332	190.4975	1.488417	0.7749464
2220	-1053.282	-1243.575	190.2928	1.488417	1.009527
2226	-1051.776	-1242.059	190.2837	1.488417	1.018523
2232	-1054.196	-1244.223	190.0274	1.260503	1.430409
2238	-1045.262	-1235.714	190.4523	1.260503	1.075268
2244	-1040.292	-1230.456	190.1639	1.266793	1.318166
2250	-1047.816	-1238.101	190.2843	1.483705	1.022485
2256	-1048.695	-1239.014	190.3185	1.429377	1.042042
2262	-1042.178	-1232.539	190.3612	1.511043	0.9146906
2268	-1045.494	-1235.505	190.0111	1.545865	1.213755
2274	-1041.062	-1231.333	190.2714	1.470997	1.047307
2280	-1040.223	-1230.454	190.2312	1.763738	0.7620813
2286	-1041.696	-1232.134	190.4381	1.576092	0.7330414
2292	-1042.642	-1232.79	190.1486	1.340971	1.270195
2298	-1045.476	-1235.654	190.1779	1.340971	1.24591
2304	-1044.154	-1234.385	190.2311	1.157634	1.351716
2310	-1046.34	-1236.024	189.6838	1.009023	1.858971
2316	-1048.272	-1238.132	189.86	1.009023	1.736968
2322	-1051.948	-1241.664	189.7166	1.152425	1.736968
2328	-1044.939	-1233.731	188.7923	1.156108	2.347958
2334	-1036.495	-1225.497	189.0022	0.9462246	2.347958
2340	-1040.598	-1229.946	189.3477	1.173998	1.974774
2346	-1045.947	-1235.14	189.1937	1.039481	2.165027
2352	-1040.24	-1229.491	189.251	0.9674627	2.174595
2358	-1041.317	-1231.475	190.1583	1.163532	1.404248
2364	-1025.666	-1215.538	189.8726	1.14717	1.629711
2370	-1030.214	-1220.141	189.9262	0.9596522	1.725147
2376	-1033.572	-1222.677	189.105	1.022694	2.2333
2382	-1033.672	-1223.514	189.8417	1.02879	1.735918
2388	-1032.43	-1222.359	189.9294	1.04558	1.661847
2394	-1033.051	-1223.07	190.0185	1.046593	1.596847
2400	-1033.077	-1222.946	189.8695	1.046593	1.703774
2406	-1030.27	-1220.417	190.1475	1.121005	1.445329
2412	-1028.879	-1218.857	189.9783	1.280973	1.452362
2418	-1033.415	-1223.299	189.8833	1.153927	1.617121
2424	-1027.691	-1217.101	189.4106	1.213792	1.905623
2430	-1024	-1214.009	190.0085	1.378221	1.353329
2436	-1032.397	-1222.306	189.9093	1.207729	1.558843
2442	-1036.585	-1226.646	190.06	1.286231	1.385176
2448	-1047.925	-1237.647	189.7225	1.14687	1.736685
2454	-1042.239	-1231.127	188.8878	0.8737514	2.465863
2460	-1037.506	-1226.532	189.0256	0.9690652	2.318545
2466	-1032.578	-1222.237	189.659	1.032811	1.859669
2472	-1029.079	-1219.352	190.2732	1.205181	1.279407
2478	-1031.585	-1221.661	190.0754	1.116204	1.503509
2484	-1030.743	-1220.28	189.5362	0.9133074	2.02292
2490	-1036.981	-1226.5	189.5188	0.9534155	2.007835
2496	-1038.226	-1227.256	189.03	0.9184851	2.347907
2502	-1041.49	-1230.525	189.0349	0.9136354	2.347907
2508	-1038.59	-1228.621	190.0301	1.100707	1.548695
2514	-1051.944	-1241.873	189.9282	1.104023	1.620744
2520	-1050.85	-1239.333	188.4829	1.076057	2.592166
2526	-1037.708	-1227.227	189.5193	1.070229	1.929144
2532	-1033.868	-1223.547	189.6798	0.9541682	1.899071
2538	-1040.999	-1229.808	188.8096	0.9054719	2.495014
2544	-1043.075	-1232.291	189.2161	0.8941884	2.24446
2550	-1044.869	-1234.076	189.207	0.814121	2.301633
2556	-1048.012	-1236.883	188.8708	0.8651585	2.481952
2562	-1045.748	-1235.287	189.5395	1.03508	1.939244
2568	-1051.767	-1241.423	189.6555	1.074455	1.833561
2574	-1047.085	-1237.055	189.9696	1.225785	1.500658
2580	-1048.056	-1237.992	189.9351	1.08592	1.628824
2586	-1046.193	-1235.834	189.6404	1.024322	1.878154
2592	-1048.316	-1237.527	189.2111	1.303169	1.979752
2598	-1042.277	-1232.401	190.1234	1.329479	1.300242
2604	-1030.882	-1220.686	189.8043	0.9597553	1.810057
2610	-1038.612	-1228.371	189.7587	1.050012	1.77908
2616	-1046.673	-1235.244	188.571	1.081684	2.533935
2622	-1035.77	-1225.407	189.6373	1.135933	1.803668
2628	-1046.832	-1236.739	189.9067	1.098038	1.640556
2634	-1049.996	-1239.802	189.8056	1.017071	1.769354
2640	-1056.126	-1245.878	189.7523	1.094188	1.752721
2646	-1048.972	-1238.689	189.7169	1.129648	1.752721
2652	-1040.669	-1230.257	189.5877	1.129648	1.842197
2658	-1042.104	-1232.389	190.2852	1.126633	1.333329
2664	-1047.991	-1237.398	189.4068	1.039027	2.025372
2670	-1046.6	-1235.275	188.6747	0.7893449	2.650803
2676	-1038.805	-1228.607	189.8018	1.175759	1.660055
2682	-1042.339	-1232.292	189.9537	1.316192	1.444258
2688	-1043.13	-1232.925	189.7946	1.241328	1.618006
2694	-1044.776	-1234.002	189.2264	0.7721919	2.316041
2700	-1047.543	-1236.601	189.0579	0.8226284	2.390959
2706	-1046.272	-1236.151	189.8785	1.016427	1.718694
2712	-1039.914	-1229.979	190.0655	1.081278	1.536863
2718	-1040.263	-1229.855	189.5921	1.08583	1.869146
2724	-1047.334	-1236.981	189.6467	1.031266	1.869146
2730	-1043.728	-1233.332	189.6039	1.074094	1.869146
2736	-1043.632	-1233.062	189.4301	1.06865	1.9901
2742	-1051.063	-1240.806	189.7424	1.054965	1.786963
2748	-1049.342	-1239.014	189.6722	1.054965	1.835479
2754	-1052.674	-1242.37	189.696	1.031089	1.835479
2760	-1060.426	-1250.367	189.9411	0.918237	1.743744
2766	-1052.364	-1241.842	189.4782	1.021502	1.989465
2772	-1047.905	-1237.496	189.5915	1.130366	1.839084
2778	-1044.941	-1234.95	190.0091	1.287812	1.423527
2784	-1042.428	-1232.273	189.8444	1.240973	1.582049
2790	-1033.807	-1224.04	190.2328	1.25838	1.268851
2796	-1038.478	-1227.741	189.2626	0.8989516	2.211426
2802	-1036.455	-1226.026	189.571	1.103726	1.871378
2808	-1038.097	-1227.668	189.5707	1.104022	1.871378
2814	-1042.884	-1232.685	189.8008	1.190137	1.65048
2820	-1042.639	-1232.141	189.502	1.061033	1.947042
2826	-1053.439	-1243.299	189.8592	1.122567	1.657012
2832	-1058.576	-1248.438	189.8617	1.185775	1.609634
2838	-1056.368	-1245.763	189.3952	1.03328	2.036859
2844	-1063.229	-1251.606	188.3761	1.042128	2.679
2850	-1071.937	-1259.866	187.929	1.247371	2.826774
2856	-1073.708	-1261.879	188.171	1.005368	2.826774
2862	-1067.642	-1256.771	189.1287	1.019596	2.220002
2868	-1057.971	-1247.799	189.8282	1.124215	1.678012
2874	-1059.89	-1249.317	189.4272	1.124215	1.954842
2880	-1050.11	-1239.299	189.1895	1.199753	2.062809
2886	-1050.822	-1240.73	189.908	1.160472	1.594381
2892	-1050.815	-1241.143	190.3278	1.475818	0.9871181
2898	-1049.144	-1238.947	189.8032	1.196081	1.644474
2904	-1050.214	-1239.404	189.1906	1.360606	1.954965
2910	-1031.38	-1221.058	189.678	1.215189	1.719911
2916	-1041.123	-1231.147	190.0238	1.386998	1.334099
2922	-1036.724	-1226.594	189.8705	1.386998	1.453702
2928	-1045.331	-1235.561	190.2303	1.386998	1.161641
2934	-1036.116	-1226.244	190.1281	1.214535	1.38798
2940	-1044.102	-1234.478	190.3757	1.214535	1.185237
2946	-1042.646	-1232.72	190.0739	1.351844	1.322161
2952	-1045.015	-1235.25	190.235	1.210146	1.306501
2958	-1047.172	-1237.253	190.081	1.123947	1.493491
2964	-1046.77	-1236.84	190.0695	1.135445	1.493491
2970	-1040.558	-1230.525	189.9673	0.9685443	1.689783
2976	-1044.833	-1234.262	189.4289	1.116268	1.95904
2982	-1049.66	-1239.523	189.8637	1.234138	1.572969
2988	-1048.772	-1238.511	189.7384	0.9720076	1.846952
2994	-1044.224	-1233.319	189.0943	1.017816	2.243285
3000	-1044.844	-1234.192	189.3483	0.8595721	2.18145
3006	-1043.879	-1233.367	189.4881	0.9471624	2.032328
3012	-1038.86	-1228.518	189.6576	0.9922167	1.888303
3018	-1041.905	-1231.87	189.965	0.9922167	1.674561
3024	-1043.551	-1232.685	189.1335	0.7988051	2.358157
3030	-1047.448	-1235.94	188.4919	0.8844364	2.704746
3036	-1042.493	-1232.018	189.5249	0.9615795	1.998271
3042	-1042.25	-1231.734	189.4837	0.8320816	2.111098
3048	-1038.417	-1227.677	189.2602	0.9081666	2.207054
3054	-1036.727	-1226.076	189.3488	0.8195095	2.207054
3060	-1036.215	-1225.395	189.1806	1.013727	2.190226
3066	-1043.436	-1233.202	189.7658	1.01369	1.79933
3072	-1052.475	-1241.226	188.7512	1.011906	2.464948
3078	-1053.738	-1243.69	189.9515	1.082237	1.61964
3084	-1050.696	-1240.366	189.6697	0.9790615	1.889062
3090	-1037.927	-1228.352	190.4253	1.106143	1.235314
3096	-1039.89	-1229.681	189.7915	1.047154	1.758183
3102	-1050.946	-1241.196	190.2499	1.226646	1.280921
3108	-1032.219	-1222.327	190.1076	1.19571	1.418556
3114	-1040.571	-1230.163	189.592	1.274388	1.738774
3120	-1038.371	-1228.578	190.2072	1.275146	1.276115
3126	-1056.35	-1246.206	189.8555	1.439335	1.425107
3132	-1048.193	-1237.897	189.7045	1.200044	1.71196
3138	-1048.998	-1238.914	189.9163	1.311551	1.476224
3144	-1034.099	-1224.421	190.3221	1.742634	0.6394622
3150	-1042.289	-1232.573	190.2835	1.742634	0.7136889
3156	-1031.529	-1221.906	190.3778	1.32771	1.082087
3162	-1034.373	-1224.647	190.274	1.431543	1.082087
3168	-1041.656	-1231.606	189.9496	1.323718	1.441614
3174	-1038.195	-1228.389	190.1941	1.496881	1.095506
3180	-1040.004	-1230.406	190.4016	1.251154	1.130225
3186	-1029.29	-1219.039	189.7486	1.194942	1.684271
3192	-1032.173	-1221.523	189.3506	0.9775509	2.10298
3198	-1029.911	-1220.093	190.1823	1.15429	1.392715
3204	-1031.449	-1221.824	190.3748	1.306666	1.104216
3210	-1030.274	-1220.56	190.2857	1.306666	1.183414
3216	-1035.455	-1225.956	190.5012	1.3153	0.9739483
3222	-1032.913	-1222.774	189.8614	1.293931	1.530516
3228	-1028.347	-1218.5	190.1528	1.339873	1.267639
3234	-1030.595	-1220.933	190.3385	1.33503	1.111479
3240	-1038.337	-1228.588	190.2512	1.336427	1.187536
3246	-1041.423	-1231.341	189.9182	1.281182	1.497629
3252	-1043.738	-1234.024	190.2854	1.218085	1.258659
3258	-1040.058	-1230.145	190.0869	1.216052	1.418821
3264	-1041.553	-1231.793	190.24	1.216052	1.297664
3270	-1042.322	-1232.569	190.2474	1.328777	1.197356
3276	-1039.341	-1229.128	189.7863	1.048684	1.760771
3282	-1035.317	-1225.036	189.7194	0.9932529	1.845441
3288	-1030.295	-1219.806	189.5109	1.145503	1.883868
3294	-1031.481	-1221.418	189.9367	1.202506	1.542472
3300	-1028.892	-1218.64	189.7473	1.133688	1.728507
3306	-1029.736	-1218.936	189.2003	0.9794892	2.199616
3312	-1033.706	-1222.68	188.9737	0.8987838	2.396079
3318	-1040.398	-1229.58	189.1818	0.8682974	2.283096
3324	-1041.09	-1230.214	189.1231	0.8978021	2.301761
3330	-1040.062	-1228.81	188.7483	0.9708729	2.49245
3336	-1033.234	-1222.094	188.8605	0.8631415	2.48963
3342	-1044.047	-1233.001	188.9547	0.7669862	2.490882
3348	-1040.425	-1229.253	188.828	0.9038476	2.484522
3354	-1053.289	-1242.362	189.0729	0.9501733	2.300403
3360	-1047.9	-1237.136	189.2357	0.7873261	2.300403
3366	-1047.537	-1236.887	189.3505	0.9106396	2.146838
3372	-1055.027	-1244.3	189.2735	0.9876116	2.146838
3378	-1046.738	-1235.711	188.9736	0.9581122	2.358542
3384	-1039.335	-1228.302	188.9673	0.9644285	2.358542
3390	-1037.664	-1226.502	188.839	0.8626893	2.503385
3396	-1034.119	-1223.766	189.6464	1.005055	1.887218
3402	-1039.57	-1229.134	189.5642	1.03461	1.922896
3408	-1037.554	-1227.749	190.1949	1.082131	1.438775
3414	-1029.266	-1219.385	190.1195	1.283494	1.34039
3420	-1035.729	-1225.859	190.1297	1.185459	1.409357
3426	-1040.16	-1230.102	189.9425	1.131909	1.59005
3432	-1037.98	-1227.103	189.122	1.039238	2.211608
3438	-1042.231	-1232.11	189.8785	1.064943	1.68434
3444	-1046.983	-1237.195	190.2122	1.184568	1.34529
3450	-1044.646	-1234.617	189.9714	1.184568	1.53003
3456	-1046.917	-1236.544	189.6273	1.09324	1.839987
3462	-1046.205	-1235.769	189.5637	1.311208	1.732843
3468	-1046.164	-1236.221	190.0574	1.178768	1.469902
3474	-1051.398	-1241.149	189.751	0.9574992	1.848296
3480	-1048.837	-1238.1	189.2627	0.954044	2.175662
3486	-1046.721	-1236.091	189.37	0.846778	2.175662
3492	-1040.737	-1229.803	189.0664	1.024428	2.256999
3498	-1038.14	-1227.902	189.7621	1.195226	1.674514
3504	-1044.907	-1234.947	190.0395	1.413276	1.300333
3510	-1046.153	-1236.343	190.19	1.653798	0.9454819
3516	-1045.391	-1235.451	190.06	1.579002	1.142471
3522	-1045.884	-1236.089	190.2052	1.433821	1.142471
3528	-1053.153	-1243.468	190.315	1.323992	1.142471
3534	-1068.599	-1258.736	190.1368	1.51136	1.134295
3540	-1039.153	-1229.366	190.2122	1.508698	1.067688
3546	-1044.643	-1234.912	190.2686	1.536744	0.9853222
3552	-1045.809	-1236.222	190.413	1.621668	0.6989569
3558	-1052.032	-1242.442	190.4097	1.547913	0.8132305
3564	-1043.027	-1233.39	190.3633	1.645197	0.7417803
3570	-1054.972	-1245.187	190.2151	1.497081	1.075828
3576	-1043.02	-1233.005	189.9852	1.567327	1.217524
3582	-1047.426	-1237.718	190.292	1.363305	1.127917
3588	-1055.687	-1245.949	190.262	1.430387	1.094212
3594	-1057.684	-1248.01	190.3256	1.688569	0.7330417
3600	-1053.423	-1243.816	190.3935	1.663201	0.6569528
3606	-1050.472	-1240.83	190.3579	1.489936	0.941095
3612	-1045.806	-1235.973	190.1675	1.680397	0.941095
3618	-1037.785	-1228.267	190.4825	1.383138	0.9219075
3624	-1037.241	-1227.721	190.4791	1.447121	0.8524997
3630	-1041.365	-1231.579	190.2146	1.356055	1.202079
3636	-1046.481	-1236.788	190.3075	1.331335	1.142648
3642	-1052.295	-1242.549	190.2537	1.590495	0.9450244
3648	-1055.491	-1245.916	190.4253	1.622421	0.6749487
3654	-1046.319	-1236.806	190.4878	1.561085	0.6728596
3660	-1059.522	-1249.973	190.4511	1.561085	0.736177
3666	-1046.015	-1236.343	190.3274	1.561085	0.8965064
3672	-1045.424	-1235.799	190.3752	1.62309	0.7571821
3678	-1045.104	-1235.543	190.4395	1.633503	0.6193931
3684	-1047.59	-1238.093	190.5033	1.473755	0.7873289
3690	-1059.588	-1249.973	190.3851	1.311026	1.090775
3696	-1052.112	-1242.122	190.0102	1.388265	1.343971
3702	-1055.1	-1245.528	190.4279	1.48992	0.8625021
3708	-1049.787	-1240.215	190.4281	1.48992	0.8622851
3714	-1049.432	-1239.768	190.3357	1.600897	0.8397954
3720	-1042.838	-1233.11	190.2712	1.600897	0.9147913
3726	-1047.683	-1238.131	190.4487	1.600897	0.6713193
3732	-1053.153	-1243.552	190.3988	1.520039	0.8613419
3738	-1039.77	-1230.123	190.3528	1.520039	0.9140506
3744	-1047.602	-1237.997	190.395	1.457816	0.9358026
3750	-1039.212	-1229.641	190.4297	1.383054	0.977828
3756	-1038.812	-1229.275	190.4629	1.459116	0.8574925
3762	-1044.268	-1234.635	190.3673	1.394436	1.028616
3768	-1042.717	-1232.989	190.2721	1.254436	1.239462
3774	-1053.167	-1243.412	190.2446	1.535465	1.010633
3780	-1043.315	-1233.696	190.381	1.2855	1.117809
3786	-1049.429	-1239.481	190.0519	1.367982	1.326852
3792	-1060.926	-1250.912	189.9857	1.602688	1.186888
3798	-1051.878	-1242.086	190.2077	1.639145	0.9421879
3804	-1063.136	-1253.163	190.0272	1.694769	1.066697
3810	-1047.516	-1237.818	190.3013	1.420687	1.066697
3816	-1042.157	-1232.147	189.9893	1.126809	1.559494
3822	-1041.826	-1231.312	189.486	1.064063	1.955762
3828	-1049.482	-1238.133	188.6509	1.13555	2.450274
3834	-1045.161	-1234.074	188.9126	1.080231	2.319695
3840	-1045.013	-1234.249	189.2361	1.053411	2.128298
3846	-1046.371	-1236.303	189.9325	1.1893	1.555326
3852	-1048.918	-1238.877	189.9587	1.163159	1.555326
3858	-1048.595	-1238.161	189.566	1.195053	1.812104
3864	-1050.963	-1239.959	188.9955	1.060453	2.279381
3870	-1042.875	-1232.395	189.5204	1.156749	1.869724
3876	-1037.023	-1226.628	189.6048	1.14034	1.823074
3882	-1049.108	-1238.735	189.6273	1.207577	1.760883
3888	-1046.675	-1237.161	190.4855	1.435303	0.8589752
3894	-1039.115	-1229.39	190.2755	1.477943	1.03672
3900	-1042.892	-1233.009	190.1173	1.311519	1.319683
3906	-1043.974	-1234.052	190.0783	1.448814	1.238952
3912	-1053.263	-1243.429	190.1667	1.697294	0.9236925
3918	-1050.385	-1240.613	190.2285	1.381266	1.168276
3924	-1041.468	-1231.026	189.5584	1.27308	1.76321
3930	-1032.861	-1222.855	189.9945	1.344323	1.390966
3936	-1037.572	-1227.747	190.1756	1.376181	1.218149
3942	-1033.045	-1223.3	190.2553	1.460055	1.072889
3948	-1030.696	-1220.942	190.2463	1.432075	1.107068
3954	-1039.816	-1229.973	190.1567	1.460315	1.161928
3960	-1047.086	-1237.367	190.2811	1.560214	0.9480916
3966	-1051.493	-1241.831	190.3379	1.180973	1.245862
3972	-1044.905	-1234.716	189.8109	1.087583	1.716231
3978	-1059.588	-1249.991	190.4033	1.253601	1.126516
3984	-1048.078	-1238.106	190.0282	1.286941	1.409369
3990	-1049.654	-1239.651	189.9968	1.299838	1.423689
3996	-1049.786	-1239.68	189.8941	1.286021	1.51207
4002	-1040.33	-1229.611	189.2812	1.105197	2.064705
4008	-1039.958	-1229.702	189.7435	1.132976	1.731714
4014	-1039.214	-1229.297	190.083	1.218	1.42033
4020	-1042.814	-1232.387	189.5731	1.208076	1.798212
4026	-1041.023	-1230.64	189.6172	1.187472	1.781884
4032	-1042.922	-1232.7	189.7778	1.191784	1.665744
4038	-1051.706	-1241.65	189.9447	1.161871	1.566568
4044	-1046.397	-1236.56	190.1632	1.150576	1.410455
4050	-1053.055	-1243.294	190.2388	1.17529	1.331532
4056	-1046.158	-1236.011	189.8531	1.27243	1.552615
4062	-1048.473	-1237.394	188.9217	1.052027	2.331886
4068	-1035.577	-1225.159	189.5819	0.9800648	1.947744
4074	-1039.538	-1229.275	189.7372	1.012369	1.820025
4080	-1037.488	-1226.288	188.8001	0.8951596	2.507387
4086	-1032.34	-1221.762	189.422	0.8812091	2.11937
4092	-1040.603	-1229.721	189.1176	0.8521744	2.334361
4098	-1046.202	-1235.472	189.2693	0.7729886	2.288116
4104	-1041.123	-1230.033	188.9105	0.806356	2.493865
4110	-1041.435	-1230.212	188.7768	0.9419183	2.49269
4116	-1043.833	-1233.764	189.9302	0.9661647	1.717735
4122	-1037.599	-1226.908	189.3096	1.055604	2.078636
4128	-1034.707	-1223.85	189.1431	1.222424	2.078426
4134	-1033.99	-1223.949	189.9588	1.244971	1.49439
4140	-1023.163	-1212.88	189.7172	1.121123	1.758444
4146	-1029.048	-1219.364	190.3156	1.276895	1.183298
4152	-1035.878	-1225.913	190.0357	1.350135	1.354016
4158	-1045.079	-1235.316	190.237	1.597517	0.9552317
4164	-1035.727	-1226.087	190.3604	1.407569	1.022548
4170	-1025.208	-1214.722	189.5136	1.218939	1.831749
4176	-1036.621	-1226.314	189.6927	1.059846	1.817991
4182	-1037.04	-1226.974	189.934	1.152559	1.581218
4188	-1032.645	-1222.06	189.4151	0.8477697	2.145718
4194	-1029.536	-1219.307	189.7713	1.014706	1.794836
4200	-1040.732	-1230.694	189.962	1.243869	1.49281
4206	-1041.557	-1231.095	189.5386	1.054719	1.926635
4212	-1038.475	-1227.556	189.0815	1.047155	2.232678
4218	-1038.155	-1227.585	189.4307	0.9017246	2.100214
4224	-1033.98	-1224.083	190.1029	1.219983	1.403413
4230	-1037.5	-1226.573	189.0726	1.15612	2.167946
4236	-1029.653	-1219.232	189.5791	1.194335	1.803554
4242	-1028.47	-1218.466	189.9961	1.412479	1.335872
4248	-1029.147	-1219.506	190.3593	1.518418	0.9086557
4254	-1027.859	-1218.025	190.1654	1.418346	1.190822
4260	-1031.123	-1220.612	189.4891	1.162904	1.886854
4266	-1030.446	-1220.188	189.7422	1.102899	1.75372
4272	-1035.987	-1225.502	189.5153	0.9890574	1.986393
4278	-1039.487	-1228.294	188.807	0.8286726	2.544542
4284	-1038.253	-1226.862	188.6085	1.027166	2.544542
4290	-1040.329	-1229.676	189.3473	0.944017	2.127094
4296	-1047.609	-1237.298	189.6889	0.9164346	1.91848
4302	-1037.122	-1227.276	190.154	1.254331	1.336097
4308	-1036.09	-1226.443	190.3531	1.251943	1.172425
4314	-1033.204	-1223.462	190.2583	1.35276	1.167147
4320	-1034.518	-1224.782	190.264	1.35276	1.162139
4326	-1036.22	-1226.694	190.474	1.35276	0.9632885
4332	-1037.142	-1227.224	190.0825	1.319851	1.340889
4338	-1035.815	-1225.811	189.9954	1.270927	1.446932
4344	-1034.105	-1224.117	190.0113	1.25502	1.446932
4350	-1026.819	-1216.78	189.9612	1.23518	1.4999
4356	-1031.434	-1220.965	189.5312	1.16223	1.858597
4362	-1037.791	-1227.242	189.4513	1.184414	1.897922
4368	-1041.15	-1231.067	189.9168	1.191795	1.565066
4374	-1041.825	-1231.671	189.846	1.103579	1.680013
4380	-1047.504	-1237.012	189.5071	1.153857	1.880716
4386	-1042.546	-1232.06	189.5139	1.138596	1.886528
4392	-1046.33	-1235.912	189.5816	0.954389	1.965191
4398	-1040.372	-1229.971	189.5989	1.095954	1.857627
4404	-1040.622	-1229.413	188.7906	1.020639	2.434681
4410	-1042.567	-1231.887	189.3208	1.020639	2.094294
4416	-1036.374	-1226.36	189.9859	1.316506	1.419254
4422	-1039.746	-1229.795	190.0492	1.518541	1.204622
4428	-1039.496	-1229.955	190.4591	1.547431	0.7447797
4434	-1040.626	-1231.002	190.376	1.547431	0.8558053
4440	-1037.74	-1228.207	190.4663	1.547431	0.7337684
4446	-1035.07	-1225.445	190.3755	1.548089	0.8556093
4452	-1031.24	-1221.209	189.9692	1.548089	1.247195
4458	-1030.118	-1220.32	190.2023	1.590841	0.9976792
4464	-1041.483	-1231.503	190.0197	1.307952	1.399695
4470	-1047.056	-1237.335	190.2786	1.326949	1.171981
4476	-1041.871	-1230.92	189.049	1.143932	2.191155
4482	-1047.319	-1237.002	189.6833	1.029293	1.845445
4488	-1039.459	-1228.944	189.4848	1.131728	1.910929
4494	-1038.771	-1228.676	189.9049	1.352908	1.453445
4500	-1041.977	-1231.912	189.9342	1.3489	1.434116
4506	-1036.438	-1226.119	189.6807	1.159373	1.757252
4512	-1038.372	-1228.27	189.8987	1.203477	1.569763
4518	-1036.031	-1225.979	189.9475	1.203477	1.533776
4524	-1050.724	-1240.427	189.7035	1.092537	1.787926
4530	-1053.602	-1243.297	189.6954	1.104869	1.784934
4536	-1063.919	-1253.646	189.7276	1.072725	1.784934
4542	-1073.462	-1262.142	188.6794	1.241909	2.36519
4548	-1060.061	-1249.976	189.9146	1.112769	1.624187
4554	-1050.959	-1241.027	190.0679	1.206148	1.441091
4560	-1044.513	-1234.165	189.6521	1.166132	1.772426
4566	-1046.344	-1235.613	189.269	0.9494556	2.174553
4572	-1040.768	-1230.498	189.7291	0.9494556	1.868773
4578	-1052.256	-1242.419	190.1624	1.142241	1.417539
4584	-1048.889	-1238.527	189.6378	1.21806	1.746156
4590	-1048.732	-1237.544	188.8126	0.8086947	2.553441
4596	-1044.284	-1233.824	189.5394	0.9993785	1.963302
4602	-1045.8	-1235.557	189.7571	1.027887	1.795561
4608	-1056.411	-1245.753	189.342	1.126658	2.010199
4614	-1055.781	-1245.844	190.0635	1.312199	1.362043
4620	-1045.455	-1235.344	189.8894	1.35198	1.465962
4626	-1038.814	-1229.072	190.2577	1.35198	1.168343
4632	-1038.675	-1229.021	190.3465	1.437761	1.006495
4638	-1037.115	-1227.54	190.4252	1.299045	1.06451
4644	-1036.81	-1226.465	189.6553	1.08903	1.823653
4650	-1031.774	-1221.777	190.0029	1.084404	1.580672
4656	-1026.52	-1214.917	188.3972	0.7054139	2.871515
4662	-1031.316	-1220.274	188.958	0.8700571	2.424075
4668	-1041.395	-1229.76	188.3655	0.9847921	2.720689
4674	-1042.615	-1232.565	189.9497	1.030988	1.657756
4680	-1044.498	-1234.182	189.6845	1.025303	1.847363
4686	-1045.88	-1235.747	189.8676	1.145616	1.634457
4692	-1051.217	-1241.17	189.9531	1.060082	1.634457
4698	-1056.362	-1246.677	190.315	1.335482	1.132269
4704	-1037.029	-1226.577	189.5486	1.246581	1.788519
4710	-1036.023	-1226.058	190.0356	1.310567	1.38524
4716	-1040.677	-1230.983	190.3055	1.420121	1.063244
4722	-1036.226	-1225.945	189.7191	1.284794	1.641143
4728	-1032.544	-1222.825	190.281	1.100849	1.357171
4734	-1035.335	-1224.942	189.6068	1.141601	1.820833
4740	-1030.833	-1220.141	189.3082	1.135844	2.026524
4746	-1037.725	-1227.087	189.3617	1.138551	1.989103
4752	-1039.94	-1229.774	189.8342	1.158551	1.649171
4758	-1049.577	-1239.165	189.5881	1.386591	1.662052
4764	-1042.743	-1232.334	189.5915	1.088318	1.867904
4770	-1052.131	-1241.319	189.1875	0.9898647	2.201233
4776	-1048.482	-1237.714	189.2325	0.9448119	2.201233
4782	-1042.547	-1231.511	188.9644	0.7456717	2.498158
4788	-1039.293	-1228.405	189.1115	0.9537911	2.273401
4794	-1049.639	-1238.972	189.3323	1.12317	2.018965
4800	-1045.668	-1235.279	189.6109	1.12317	1.830684
4806	-1045.104	-1234.575	189.4709	1.263188	1.830684
4812	-1048.709	-1238.985	190.2755	1.125775	1.341768
4818	-1040.324	-1230.599	190.2755	1.125775	1.341768
4824	-1039.659	-1229.617	189.9586	1.125775	1.582805
4830	-1036.457	-1226.655	190.1978	1.125775	1.402828
4836	-1041.834	-1231.036	189.2021	0.9805238	2.197804
4842	-1046.183	-1235.456	189.2731	0.9196627	2.191251
4848	-1044.957	-1233.775	188.8182	0.8308788	2.536164
4854	-1041.22	-1230.564	189.3445	0.8893529	2.1646
4860	-1037.974	-1227.533	189.5584	1.022065	1.935299
4866	-1050.114	-1239.332	189.2188	1.023808	2.158912
4872	-1052.814	-1242.568	189.7534	1.271121	1.626247
4878	-1042.103	-1231.896	189.7933	1.23125	1.626247
4884	-1035.844	-1226.198	190.3539	1.414574	1.022091
4890	-1046.467	-1236.828	190.3605	1.414574	1.015574
4896	-1033.91	-1224.354	190.4436	1.454708	0.8853114
4902	-1038.853	-1229.169	190.3158	1.482819	0.9921759
4908	-1026.558	-1216.965	190.4069	1.482819	0.8951847
4914	-1033.9	-1224.201	190.3013	1.639048	0.8351142
4920	-1035.6	-1225.856	190.2553	1.660815	0.8645722
4926	-1039.811	-1229.928	190.1173	1.942207	0.6511082
4932	-1039.011	-1229.168	190.1561	1.896963	0.664441
4938	-1043.369	-1233.608	190.239	1.85862	0.4951569
4944	-1040.668	-1231.018	190.35	1.669994	0.7236465
4950	-1035.58	-1225.833	190.2526	1.789092	0.6863546
4956	-1032.355	-1222.589	190.2338	1.61782	0.9371217
4962	-1029.461	-1219.574	190.1135	1.222491	1.393187
4968	-1029.208	-1219.306	190.0977	1.305748	1.340015
4974	-1026.822	-1216.581	189.759	1.055272	1.775223
4980	-1034.056	-1224.285	190.2295	1.138508	1.368076
4986	-1036.446	-1225.874	189.4289	1.396514	1.767455
4992	-1041.099	-1230.975	189.8758	1.174525	1.607595
4998	-1038.455	-1228.323	189.8677	1.182632	1.607595
5004	-1037.737	-1227.039	189.3021	1.120923	2.040439
5010	-1043.139	-1233.318	190.1798	1.241206	1.325932
5016	-1053.739	-1243.697	189.958	1.193143	1.533627
5022	-1036.929	-1226.814	189.8856	1.265567	1.533627
5028	-1049.974	-1240.082	190.1082	1.34514	1.29985
5034	-1063.51	-1253.598	190.0881	1.34514	1.316105
5040	-1055.817	-1245.75	189.9328	1.253948	1.507151
5046	-1057.417	-1247.173	189.7564	1.147778	1.712163
5052	-1054.784	-1245.165	190.3804	1.287585	1.116525
5058	-1044.771	-1234.759	189.9886	1.221245	1.489749
5064	-1041.74	-1231.813	190.073	1.183768	1.454286
5070	-1045.798	-1235.177	189.3784	0.9525357	2.101151
5076	-1050.044	-1239.575	189.5315	0.8780713	2.04934
5082	-1044.791	-1233.878	189.0867	0.8704924	2.342361
5088	-1041.057	-1229.849	188.7927	0.9885729	2.453511
5094	-1036.621	-1225.989	189.3685	1.023478	2.060982
5100	-1040.66	-1229.975	189.3152	1.023478	2.096112
5106	-1039.329	-1228.703	189.3737	1.044053	2.043963
5112	-1031.036	-1220.57	189.5338	1.052133	1.931581
5118	-1040.379	-1229.301	188.9217	1.059116	2.327329
5124	-1040.724	-1230.215	189.4916	1.059116	1.955316
5130	-1049.251	-1238.554	189.3025	0.9516546	2.151359
5136	-1053.006	-1243.275	190.2685	1.286799	1.21518
5142	-1048.862	-1239.159	190.2972	1.327172	1.155443
5148	-1040.758	-1230.79	190.0312	1.416902	1.304089
5154	-1047.807	-1238.287	190.4801	1.485837	0.8022429
5160	-1039.856	-1230.074	190.2183	1.833293	0.6674714
5166	-1046.031	-1236.249	190.218	1.763521	0.7810666
5172	-1035.986	-1226.292	190.306	1.675207	0.7815928
5178	-1046.682	-1237.081	190.3993	1.64057	0.6897326
5184	-1047.617	-1237.962	190.3453	1.75204	0.5122333
5190	-1035.396	-1225.709	190.3138	1.730118	0.6823384
5196	-1032.962	-1222.725	189.7632	1.259313	1.627753
5202	-1029.883	-1219.951	190.0676	1.160754	1.475807
5208	-1027.412	-1216.937	189.5251	1.054201	1.936083
5214	-1026.555	-1216.346	189.7913	0.9692861	1.812457
5220	-1035.5	-1225.142	189.6422	1.118389	1.812457
5226	-1040.764	-1229.068	188.3044	0.9208404	2.797065
5232	-1034.241	-1223.872	189.6305	1.018676	1.888739
5238	-1034.566	-1224.431	189.8649	0.9835715	1.751366
5244	-1040.333	-1230.225	189.8925	0.9559939	1.751366
5250	-1038.07	-1227.255	189.1847	1.082608	2.142763
5256	-1031.914	-1221.7	189.7863	0.9923946	1.799907
5262	-1034.062	-1223.504	189.4414	1.428253	1.736519
5268	-1024.461	-1214.493	190.0318	1.172999	1.493602
5274	-1038.138	-1228.192	190.0533	1.151425	1.493602
5280	-1034.395	-1223.755	189.36	1.160888	1.97534
5286	-1038.249	-1227.317	189.0681	1.025602	2.255157
5292	-1044.043	-1232.223	188.18	0.9349763	2.864001
5298	-1038.867	-1227.624	188.7566	0.7670636	2.613997
5304	-1038.552	-1227.489	188.9376	0.8544225	2.446769
5310	-1051.554	-1241.117	189.5638	0.8381394	2.054443
5316	-1039.974	-1229.524	189.5499	1.000722	1.95538
5322	-1045.813	-1234.549	188.7365	1.177658	2.369669
5328	-1034.665	-1224.545	189.8799	1.038069	1.702473
5334	-1027.855	-1217.697	189.8427	1.038069	1.728722
5340	-1037.818	-1228.017	190.1983	1.224408	1.324588
5346	-1041.034	-1231.295	190.2614	1.191562	1.300167
5352	-1057.223	-1246.954	189.7317	1.348289	1.586033
5358	-1040.011	-1230.111	190.1009	1.206969	1.415065
5364	-1042.473	-1232.186	189.7122	1.10738	1.771503
5370	-1038.792	-1228.844	190.0515	1.194301	1.462631
5376	-1038.231	-1228.055	189.8236	1.246216	1.593413
5382	-1044.72	-1234.836	190.1159	1.305841	1.325382
5388	-1037.309	-1227.129	189.8206	1.305841	1.551909
5394	-1036.992	-1227.073	190.0811	1.477421	1.21246
5400	-1040.323	-1230.448	190.1254	1.169028	1.425424
5406	-1036.967	-1226.947	189.9801	1.160288	1.541624
5412	-1032.334	-1221.649	189.3147	1.242423	1.95098
5418	-1033.034	-1222.254	189.2197	1.021648	2.159694
5424	-1037.799	-1227.498	189.6998	1.057271	1.814871
5430	-1051.758	-1240.728	188.9706	0.8402881	2.434894
5436	-1047.796	-1237.612	189.8161	1.088191	1.712078
5442	-1041.135	-1230.726	189.5911	1.214505	1.781245
5448	-1043.357	-1233.4	190.0432	1.353958	1.344989
5454	-1035.365	-1225.639	190.2747	1.542146	0.9735858
5460	-1037.002	-1226.747	189.745	1.305859	1.607193
5466	-1047.2	-1236.676	189.4754	1.270641	1.822472
5472	-1033.688	-1223.501	189.8136	1.008876	1.769508
5478	-1038.548	-1227.471	188.9226	0.9723098	2.381894
5484	-1037.541	-1226.487	188.9457	0.9491857	2.381894
5490	-1036.685	-1225.475	188.7902	0.9491857	2.479781
5496	-1036.889	-1226.693	189.8047	1.195569	1.64378
5502	-1034.827	-1224.703	189.876	1.124219	1.64378
5508	-1037.149	-1226.495	189.3461	1.021933	2.076802
5514	-1046.168	-1235.411	189.2429	1.125115	2.076802
5520	-1048.434	-1238.176	189.7425	1.125292	1.737804
5526	-1043.695	-1233.776	190.0815	1.12226	1.49439
5532	-1050.883	-1240.9	190.0177	1.29634	1.410275
5538	-1048.006	-1237.539	189.5333	1.216302	1.819995
5544	-1052.453	-1242.082	189.6295	1.196736	1.766903
5550	-1048.968	-1238.004	189.0362	0.9678283	2.312558
5556	-1054.586	-1244.076	189.4901	0.8460163	2.097785
5562	-1059.515	-1248.469	188.954	0.991805	2.349643
5568	-1062.644	-1252.477	189.8331	1.17897	1.635238
5574	-1057.617	-1247.407	189.7902	1.29775	1.580169
5580	-1041.413	-1231.423	190.0099	1.304851	1.409746
5586	-1028.823	-1218.172	189.3489	1.038425	2.064036
5592	-1029.916	-1219.26	189.3446	1.043013	2.063863
5598	-1031.7	-1221.491	189.7911	1.016209	1.780029
5604	-1041.497	-1231.279	189.7823	1.156932	1.687334
5610	-1039.95	-1230.088	190.138	1.301927	1.310748
5616	-1042.382	-1231.768	189.386	1.31542	1.853093
5622	-1049.797	-1239.378	189.5811	1.11712	1.855335
5628	-1049.433	-1239.329	189.8957	1.113177	1.637538
5634	-1056.746	-1246.415	189.6692	1.339702	1.637538
5640	-1056.202	-1246.42	190.2185	1.387684	1.171424
5646	-1050.316	-1240.563	190.2475	1.469387	1.071478
5652	-1052.314	-1242.492	190.1779	1.569779	1.042229
5658	-1051.747	-1241.779	190.032	1.396393	1.32002
5664	-1056.356	-1246.041	189.6849	1.214215	1.715781
5670	-1054.413	-1244.257	189.8435	1.37045	1.486701
5676	-1053.007	-1243.01	190.0024	1.211525	1.486701
5682	-1052.715	-1242.81	190.0948	1.101873	1.499718
5688	-1043.314	-1233.126	189.8118	1.304586	1.559345
5694	-1046.287	-1236.495	190.2078	1.304586	1.251319
5700	-1050.152	-1239.673	189.5206	1.082209	1.92019
5706	-1043.16	-1232.381	189.221	1.061358	2.132979
5712	-1058.45	-1248.197	189.7471	1.194306	1.685811
5718	-1057.839	-1247.609	189.7701	1.106422	1.731679
5724	-1059.993	-1249.189	189.1957	1.106422	2.120035
5730	-1054.971	-1245.006	190.0349	1.395228	1.318638
5736	-1058.757	-1248.547	189.7896	1.426883	1.484815
5742	-1053.113	-1242.977	189.864	0.9274785	1.791032
5748	-1054.16	-1244.063	189.9026	1.127362	1.622368
5754	-1054.236	-1243.828	189.5917	1.104152	1.856901
5760	-1052.415	-1242.561	190.146	1.163662	1.413685
5766	-1059.963	-1250.244	190.2805	1.163662	1.3073
5772	-1057.254	-1247.558	190.3039	1.360149	1.120035
5778	-1060.739	-1250.771	190.032	1.48498	1.247426
5784	-1051.906	-1242.251	190.3449	1.640102	0.7762022
5790	-1042.61	-1232.994	190.3841	1.507734	0.8927088
5796	-1048.851	-1238.973	190.1211	1.466338	1.187653
5802	-1037.758	-1227.536	189.7781	1.064358	1.755569
5808	-1038.091	-1227.743	189.6524	1.070513	1.838364
5814	-1030.779	-1220.979	190.1996	1.110036	1.413664
5820	-1030.921	-1220.964	190.0432	1.314908	1.375858
5826	-1028.082	-1218.154	190.0728	1.28533	1.375858
5832	-1044.36	-1234.808	190.4482	1.231163	1.106179
5838	-1044.571	-1234.804	190.233	1.446299	1.106179
5844	-1040.151	-1230.133	189.9819	1.178127	1.527075
5850	-1043.567	-1232.918	189.3515	1.245554	1.924072
5856	-1041.821	-1231.203	189.3813	0.9014212	2.132718
5862	-1037.845	-1227.368	189.5233	1.079908	1.919959
5868	-1042.364	-1231.601	189.2372	0.9733175	2.179765
5874	-1041.296	-1231.073	189.7768	0.9733175	1.819679
5880	-1037.456	-1226.98	189.5248	1.225277	1.819679
5886	-1039.176	-1228.971	189.7949	1.179794	1.662081
5892	-1039.84	-1229.719	189.8783	1.07856	1.674796
5898	-1046.167	-1235.868	189.7006	1.134493	1.760688
5904	-1040.784	-1230.599	189.8144	1.020667	1.760688
5910	-1036.735	-1226.228	189.4934	0.9564072	2.022675
5916	-1036.012	-1225.316	189.304	1.145832	2.022675
5922	-1035.643	-1224.939	189.2958	1.154073	2.022675
5928	-1034.962	-1224.758	189.7957	1.281993	1.587704
5934	-1033.557	-1223.502	189.9449	1.166027	1.563332
5940	-1038.602	-1228.566	189.9638	1.074134	1.616616
5946	-1042.851	-1232.567	189.716	1.074134	1.791973
5952	-1037.012	-1226.457	189.4443	1.074134	1.976972
5958	-1035.335	-1225.211	189.8765	1.018011	1.719026
5964	-1043.515	-1233.312	189.7973	1.19588	1.648827
5970	-1050.055	-1240.187	190.1326	1.321558	1.299148
5976	-1047.638	-1237.368	189.7302	1.124825	1.746782
5982	-1050.48	-1240.372	189.8921	0.885659	1.800543
5988	-1047.557	-1237.259	189.7026	1.016185	1.841232
5994	-1040.706	-1230.835	190.1296	0.9692746	1.572187
6000	-1032.445	-1222.212	189.7669	1.14858	1.704181
6006	-1031.039	-1221.299	190.2598	1.14858	1.336067
6012	-1036	-1226.087	190.0869	1.321523	1.336067
6018	-1032.847	-1222.136	189.2889	1.065051	2.086045
6024	-1049.853	-1239.076	189.2226	0.9315172	2.216268
6030	-1054.493	-1244.269	189.7759	1.023867	1.785307
6036	-1044.047	-1233.573	189.5262	1.044	1.942209
6042	-1042.347	-1231.766	189.4195	1.290518	1.847219
6048	-1043.078	-1233.46	190.3821	1.393982	1.01459
6054	-1029.576	-1219.973	190.3972	1.472522	0.9175036
6060	-1039.237	-1229.744	190.5066	1.472522	0.7844702
6066	-1043.886	-1234.23	190.3437	1.557587	0.8818958
6072	-1047.05	-1237.089	190.039	1.480974	1.244915
6078	-1046.331	-1236.635	190.304	1.393339	1.089693
6084	-1045.251	-1234.77	189.5193	1.353162	1.734557
6090	-1051.257	-1240.433	189.1757	0.9862818	2.211165
6096	-1055.329	-1243.951	188.6222	0.8546476	2.642882
6102	-1047.488	-1236.469	188.9806	0.8614683	2.415249
6108	-1039.758	-1228.598	188.8392	0.88515	2.489215
6114	-1038.757	-1226.535	187.7778	1.069133	3.025464
6120	-1034.713	-1224.178	189.4649	1.076921	1.961291
6126	-1039.092	-1228.637	189.5447	1.001498	1.958362
6132	-1046.507	-1236.142	189.6348	1.143049	1.800512
6138	-1042.052	-1232.051	189.9992	1.314961	1.410184
6144	-1039.831	-1230.037	190.2059	1.314961	1.244246
6150	-1046.384	-1236.604	190.22	1.43928	1.124326
6156	-1042.146	-1232.372	190.2259	1.478782	1.082874
6162	-1040.496	-1230.781	190.2853	1.464517	1.040167
6168	-1042.378	-1232.767	190.389	1.53789	0.8516638
6174	-1043.102	-1233.463	190.3609	1.53789	0.8848106
6180	-1046.637	-1236.876	190.2388	1.519074	1.032392
6186	-1039.818	-1230.188	190.3703	1.437891	0.9824419
6192	-1039.665	-1230.043	190.3782	1.437891	0.9743314
6198	-1034.893	-1225.141	190.2475	1.364539	1.166277
6204	-1036.228	-1226.294	190.066	1.211117	1.438736
6210	-1038.914	-1229.396	190.4824	1.328177	0.9800428
6216	-1031.039	-1221.253	190.2143	1.330461	1.224107
6222	-1029.889	-1220.087	190.1986	1.242692	1.309592
6228	-1035.251	-1225.315	190.0633	1.372063	1.314362
6234	-1032.553	-1222.874	190.3207	1.290917	1.166624
6240	-1029.167	-1219.422	190.2551	1.356562	1.166624
6246	-1036.572	-1227.082	190.5097	1.356562	0.9212907
6252	-1036.537	-1226.746	190.209	1.642216	0.9375755
6258	-1043.488	-1233.79	190.3014	1.763092	0.640026
6264	-1044.169	-1234.497	190.3276	1.763092	0.5613136
6270	-1043.145	-1233.374	190.2293	1.842498	0.6224452
6276	-1037.602	-1227.878	190.2756	1.815986	0.557125
6282	-1041.422	-1231.76	190.3381	1.753463	0.557125
6288	-1040.785	-1231.064	190.2794	1.786732	0.6361343
6294	-1045.021	-1235.444	190.4223	1.578328	0.7536981
6300	-1043.866	-1234.031	190.1656	1.698857	0.9232204
6306	-1039.782	-1229.723	189.9413	1.50492	1.305657
6312	-1039.762	-1230.08	190.3179	1.433475	1.038635
6318	-1048.18	-1238.221	190.041	1.480677	1.243526
6324	-1047.4	-1237.569	190.1693	1.352333	1.243526
6330	-1042.682	-1233.045	190.3631	1.36959	1.056557
6336	-1049.291	-1239.714	190.4235	1.155351	1.195051
6342	-1043.172	-1233.209	190.0371	1.256229	1.426245
6348	-1045.632	-1235.688	190.0555	1.275416	1.397134
6354	-1050.32	-1239.794	189.4744	0.9571091	2.034838
6360	-1046.968	-1235.883	188.9149	1.063915	2.328645
6366	-1043.742	-1233.222	189.4802	1.195825	1.870482
6372	-1040.212	-1229.524	189.3116	1.011542	2.106292
6378	-1030.374	-1220.308	189.9334	1.223879	1.529054
6384	-1035.761	-1225.909	190.148	1.212106	1.374315
6390	-1039.163	-1229.216	190.0528	1.108744	1.525891
6396	-1046.028	-1235.491	189.4627	1.113171	1.938385
6402	-1048.352	-1237.702	189.3499	1.008693	2.08303
6408	-1051.255	-1241.454	190.1998	1.064129	1.448806
6414	-1045.235	-1234.939	189.7041	1.065324	1.806339
6420	-1045.717	-1235.137	189.42	1.199048	1.909209
6426	-1049.024	-1238.259	189.2354	1.045491	2.133945
6432	-1060.972	-1250.228	189.2563	0.8806292	2.227346
6438	-1051.188	-1240.747	189.5595	1.122812	1.8662
6444	-1050.669	-1239.975	189.3068	0.9729461	2.13467
6450	-1056.121	-1246.313	190.1916	1.076177	1.445853
6456	-1062.37	-1252.642	190.2726	1.25198	1.241124
6462	-1051.137	-1241.198	190.0602	1.450562	1.252674
6468	-1044.968	-1235.041	190.0728	1.227454	1.420897
6474	-1045.491	-1235.478	189.9876	1.227454	1.485843
6480	-1050.792	-1240.832	190.0402	1.258115	1.422393
6486	-1055.094	-1244.871	189.7769	1.170324	1.681673
6492	-1062.563	-1252.456	189.893	1.170324	1.598139
6498	-1060.988	-1250.013	189.0256	0.980242	2.311397
6504	-1060.524	-1249.278	188.7536	0.799918	2.59552
6510	-1063.267	-1252.812	189.5446	0.8207438	2.078559
6516	-1075.214	-1264.529	189.3151	1.170136	1.999105
6522	-1065.402	-1254.347	188.9447	0.9008825	2.413075
6528	-1066.145	-1255.574	189.4286	0.8442694	2.139157
6534	-1057.07	-1245.849	188.779	0.8777457	2.531437
6540	-1060.378	-1249.994	189.6159	0.9365058	1.95419
6546	-1053.648	-1242.366	188.7186	0.9323895	2.534974
6552	-1054.562	-1244.28	189.7177	0.9855411	1.851846
6558	-1053.784	-1243.301	189.5169	1.299768	1.773553
6564	-1054.564	-1244.572	190.0079	1.265245	1.441768
6570	-1041.153	-1231.338	190.1853	1.517651	1.084486
6576	-1048.454	-1238.796	190.3422	1.570254	0.868897
6582	-1045.907	-1236.271	190.3642	1.624341	0.7712017
6588	-1055.314	-1245.673	190.3587	1.679306	0.6930563
6594	-1054.348	-1244.602	190.2536	1.796316	0.6708061
6600	-1047.029	-1237.437	190.4078	1.616462	0.7167294
6606	-1052.602	-1242.92	190.3179	1.750394	0.6312075
6612	-1042.854	-1233.035	190.1818	1.501995	1.102099
6618	-1043.785	-1234.051	190.2657	1.319967	1.189189
6624	-1040.096	-1230.202	190.1062	1.205241	1.412295
6630	-1044.973	-1235.069	190.0961	1.405363	1.26037
6636	-1037.116	-1226.749	189.6321	1.260166	1.720603
6642	-1030.025	-1219.839	189.8138	1.157922	1.664172
6648	-1047.626	-1237.336	189.7106	1.175893	1.724651
6654	-1044.524	-1233.351	188.8272	1.175893	2.313144
6660	-1041.05	-1230.04	188.9903	1.012787	2.313144
6666	-1045.378	-1234.482	189.1039	1.102153	2.182605
6672	-1047.043	-1237.225	190.1817	1.102153	1.433566
6678	-1037.449	-1227.452	190.0031	1.453019	1.297585
6684	-1031.368	-1221.629	190.261	1.60344	0.9231872
6690	-1032.945	-1223.276	190.3312	1.434575	1.024667
6696	-1028.189	-1218.331	190.1425	1.366767	1.253911
6702	-1030.98	-1221.27	190.2897	1.32106	1.167368
6708	-1032.717	-1222.774	190.0574	1.320786	1.360105
6714	-1033.318	-1222.912	189.5948	1.114582	1.847636
6720	-1043.893	-1232.776	188.8832	1.02764	2.37178
6726	-1032.064	-1221.882	189.8173	1.023088	1.75701
6732	-1029.338	-1218.845	189.5067	0.8233027	2.101778
6738	-1030.988	-1220.354	189.3664	0.9802289	2.090853
6744	-1032.522	-1221.604	189.0825	0.8129974	2.381509
6750	-1043.552	-1232.592	189.0405	0.8611334	2.377648
6756	-1044.794	-1234.533	189.7386	0.9493555	1.862362
6762	-1035.334	-1224.706	189.3727	1.173632	1.958277
6768	-1030.487	-1220.132	189.6449	1.026574	1.873603
6774	-1038.572	-1228.416	189.844	1.195427	1.615484
6780	-1042.227	-1232.217	189.9897	1.205262	1.500938
6786	-1050.302	-1240.386	190.0845	1.205262	1.428981
6792	-1050.509	-1240.455	189.9458	1.001981	1.681271
6798	-1043.397	-1232.625	189.2281	1.10522	2.099634
6804	-1038.895	-1228.712	189.8174	1.277467	1.57514
6810	-1039.698	-1230.065	190.3672	1.345797	1.075146
6816	-1048.937	-1238.911	189.9734	1.493362	1.288906
6822	-1048.017	-1238.419	190.4016	1.493362	0.8891598
6828	-1042.735	-1233.041	190.3062	1.560769	0.9204832
6834	-1036.868	-1226.981	190.1127	1.548565	1.12258
6840	-1038.824	-1228.557	189.7329	1.398345	1.548345
6846	-1043.609	-1232.573	188.9635	1.219085	2.197814
6852	-1037.555	-1227.43	189.8757	1.294299	1.519639
6858	-1040.308	-1230.242	189.9339	1.193672	1.551115
6864	-1033.527	-1222.561	189.0347	1.070326	2.247872
6870	-1044.668	-1233.761	189.0927	1.012335	2.247872
6876	-1050.974	-1240.09	189.1165	1.009784	2.234193
6882	-1041.922	-1231.464	189.5428	1.030475	1.940112
6888	-1041.153	-1230.535	189.3814	0.9587989	2.095073
6894	-1042.472	-1232.233	189.7617	1.558018	1.405821
6900	-1042.457	-1232.881	190.4247	1.198327	1.156633
6906	-1049.475	-1239.428	189.9528	1.198327	1.533661
6912	-1043.538	-1233.541	190.003	1.205676	1.490684
6918	-1036.486	-1225.227	188.7409	1.205676	2.349147
6924	-1039.587	-1229.194	189.6076	1.047289	1.884903
6930	-1052.194	-1241.77	189.5758	1.031065	1.917467
6936	-1048.031	-1237.753	189.7218	1.241903	1.669905
6942	-1052.701	-1242.682	189.9807	1.25602	1.469484
6948	-1042.763	-1232.464	189.7001	1.130329	1.763957
6954	-1039.409	-1229.451	190.0426	1.147784	1.504412
6960	-1036.581	-1226.534	189.9534	1.195254	1.535493
6966	-1036.859	-1226.792	189.9331	1.198589	1.548061
6972	-1032.687	-1222.62	189.9331	1.198549	1.548061
6978	-1035.26	-1224.965	189.7051	1.149221	1.747254
6984	-1036.18	-1226.24	190.0609	1.149221	1.489566
6990	-1039.386	-1229.276	189.8903	1.209987	1.57114
6996	-1042.803	-1233.033	190.2299	1.251599	1.276804
7002	-1037.052	-1226.653	189.6013	1.312274	1.705567
7008	-1035.789	-1225.845	190.0562	1.104691	1.526375
7014	-1044.684	-1234.99	190.3064	1.55837	0.9228531
7020	-1048.59	-1238.768	190.1782	1.482131	1.123411
7026	-1044.826	-1235.135	190.3089	1.351436	1.123411
7032	-1039.146	-1229.415	190.2695	1.279933	1.220151
7038	-1043.702	-1233.404	189.7015	1.133859	1.760486
7044	-1040.829	-1230.435	189.6061	1.133859	1.826627
7050	-1037.024	-1226.844	189.8199	1.076264	1.717825
7056	-1031.522	-1220.969	189.4473	0.9997844	2.024519
7062	-1034.403	-1223.657	189.2539	1.031546	2.130984
7068	-1039.453	-1228.843	189.3896	1.068276	2.017322
7074	-1039.337	-1229.332	189.9944	1.051224	1.611002
7080	-1037.944	-1227.753	189.8095	1.039025	1.751326
7086	-1038.256	-1227.531	189.2752	1.026346	2.120454
7092	-1048.152	-1237.402	189.2495	0.9262875	2.202243
7098	-1040.84	-1230.475	189.6347	0.9382803	1.940352
7104	-1043.666	-1233.403	189.7375	1.059325	1.787349
7110	-1046.515	-1236.292	189.7766	0.9915573	1.807229
7116	-1041.298	-1231.428	190.1308	1.235387	1.36955
7122	-1051.013	-1241.238	190.2251	1.465328	1.096037
7128	-1055.204	-1245.335	190.1311	1.471584	1.174486
7134	-1051.497	-1241.957	190.4598	1.390086	0.9389973
7140	-1056.771	-1247.244	190.473	1.391572	0.923109
7146	-1055.527	-1245.758	190.231	1.475378	1.081309
7152	-1050.782	-1241.264	190.4816	1.416252	0.8858363
7158	-1046.838	-1236.525	189.6872	1.247421	1.690607
7164	-1049.711	-1239.902	190.1907	1.129231	1.405727
7170	-1043.585	-1233.242	189.6572	1.048912	1.849928
7176	-1038.096	-1227.847	189.7513	1.118782	1.736225
7182	-1035.239	-1225.307	190.0683	1.14924	1.483978
7188	-1034.651	-1223.947	189.2955	1.047353	2.093347
7194	-1035.431	-1224.202	188.7717	1.030252	2.440496
7200	-1041.857	-1230.917	189.0599	1.060911	2.237696
7206	-1047.467	-1236.943	189.4759	1.392459	1.737443
7212	-1045.012	-1234.929	189.9175	1.242205	1.527321
7218	-1042.992	-1232.204	189.2124	1.166709	2.069508
7224	-1042.663	-1232.794	190.131	1.365608	1.264408
7230	-1043.832	-1234.173	190.341	1.365608	1.081088
7236	-1045.042	-1234.755	189.7133	1.242066	1.675856
7242	-1045.675	-1235.974	190.2983	1.406132	1.08306
7248	-1046.216	-1236.536	190.3202	1.76438	0.5851655
7254	-1052.581	-1242.826	190.2448	1.647843	0.8918853
7260	-1049.582	-1239.857	190.2751	1.470012	1.044712
7266	-1051.036	-1241.083	190.0466	1.823213	0.9173296
7272	-1047.765	-1238.238	190.4738	1.390169	0.9237891
7278	-1026.597	-1216.564	189.9672	1.260476	1.476345
7284	-1035.093	-1224.617	189.5235	1.028737	1.95426
7290	-1031.68	-1221.006	189.3258	0.922005	2.155474
7296	-1032.394	-1220.957	188.5621	0.922005	2.638418
7302	-1046.403	-1235.407	189.004	0.7494156	2.470978
7308	-1051.193	-1239.355	188.1624	0.8617475	2.9189
7314	-1042.449	-1231.048	188.599	0.7854334	2.69977
7320	-1046.854	-1235.195	188.3407	0.8075262	2.843856
7326	-1055.36	-1243.68	188.3199	0.8283087	2.843856
7332	-1050.497	-1239.857	189.3603	1.026618	2.064335
7338	-1051.501	-1241.019	189.5173	0.8004585	2.109804
7344	-1057.348	-1246.219	188.8712	0.8955816	2.462597
7350	-1052.817	-1241.831	189.0144	0.9007281	2.369084
7356	-1056.641	-1245.58	188.9394	1.011142	2.34661
7362	-1048.418	-1238.422	190.0043	1.107832	1.562426
7368	-1051.62	-1241.533	189.9128	1.238006	1.533863
7374	-1054.444	-1244.856	190.4121	1.485788	0.8858322
7380	-1053.153	-1243.332	190.1785	1.471893	1.132346
7386	-1065.21	-1255.165	189.9553	1.281735	1.469262
7392	-1058.195	-1248.016	189.8212	1.301209	1.554861
7398	-1056.477	-1246.27	189.7925	1.229411	1.628146
7404	-1053.616	-1242.806	189.1894	0.9808933	2.2058
7410	-1038.9	-1228.085	189.1849	0.9022975	2.259327
7416	-1045.505	-1235.123	189.6181	0.840098	2.017138
7422	-1043.363	-1232.429	189.0662	0.8405022	2.374391
7428	-1040.59	-1229.546	188.9559	0.7977336	2.470886
7434	-1040.012	-1228.662	188.6508	0.831014	2.639828
7440	-1047.061	-1235.594	188.5331	0.9487183	2.639828
7446	-1041.893	-1231.698	189.8049	0.9839514	1.792867
7452	-1044.59	-1234.364	189.7737	0.9667436	1.826289
7458	-1047.236	-1236.775	189.5385	0.9709614	1.982952
7464	-1058.41	-1248.059	189.6493	1.133266	1.797218
7470	-1060.056	-1249.436	189.3803	0.9283154	2.115781
7476	-1062.106	-1251.629	189.5234	1.063337	1.931078
7482	-1081.508	-1271.363	189.8545	1.218245	1.591319
7488	-1071.626	-1261.366	189.7398	1.090276	1.764201
7494	-1070.637	-1260.867	190.23	1.215261	1.306376
7500	-1063.191	-1253.003	189.8115	1.170719	1.656682
7506	-1069.223	-1259.042	189.8188	1.265152	1.583104
7512	-1071.585	-1260.916	189.3316	1.139295	2.008673
7518	-1060.746	-1250.679	189.9326	1.294639	1.47663
7524	-1043.818	-1233.506	189.6881	1.256585	1.683481
7530	-1044.394	-1234.308	189.9138	1.11554	1.622813
7536	-1057.067	-1246.981	189.9136	1.060276	1.662693
7542	-1047.658	-1237.674	190.0155	1.176199	1.503386
7548	-1049.001	-1239.099	190.0974	1.228055	1.401384
7554	-1040.147	-1229.979	189.8315	1.364355	1.500294
7560	-1037.499	-1227.491	189.9919	1.141341	1.546924
7566	-1046.62	-1236.528	189.908	1.356726	1.448218
7572	-1060.296	-1249.359	189.0625	1.356726	2.042961
7578	-1051.276	-1241.279	190.0028	1.262677	1.447605
7584	-1046.465	-1236.707	190.2425	1.252722	1.26549
7590	-1053.309	-1243.531	190.2225	1.603215	0.9644655
7596	-1040.688	-1231.036	190.348	1.615545	0.8053982
7602	-1046.544	-1236.8	190.2557	1.615545	0.9157706
7608	-1044.256	-1234.579	190.3232	1.589269	0.8688611
7614	-1040.295	-1230.552	190.2577	1.626311	0.9016359
7620	-1040.68	-1230.783	190.1025	1.504489	1.170696
7626	-1041.82	-1231.995	190.1755	1.586093	1.028825
7632	-1036.293	-1226.518	190.225	1.603964	0.9610653
7638	-1035.961	-1226.274	190.3133	1.603964	0.8631953
7644	-1032.998	-1223.029	190.0309	1.460863	1.268362
7650	-1041.362	-1231.585	190.2235	1.316545	1.228083
7656	-1031.62	-1222.113	190.4933	1.402993	0.8876791
7662	-1036.566	-1226.55	189.9847	1.199096	1.509311
7668	-1040.452	-1230.005	189.5521	1.199096	1.818885
7674	-1043.477	-1233	189.5227	0.99314	1.978675
7680	-1046.661	-1236.062	189.4002	1.115614	1.978675
7686	-1048.835	-1238.85	190.015	1.160984	1.515196
7692	-1049.509	-1239.703	190.1944	1.480548	1.110203
7698	-1045.369	-1235.563	190.1941	1.5518	1.043898
7704	-1047.584	-1237.63	190.0462	1.967038	0.7345279
7710	-1046.119	-1236.318	190.1987	1.898694	0.4890025
7716	-1044.168	-1234.39	190.2226	1.874991	0.4992273
7722	-1044.846	-1235.135	190.2891	1.808296	0.5098381
7728	-1049.648	-1239.781	190.1336	1.958658	0.4497209
7734	-1059.867	-1250	190.1329	1.961744	0.4621148
7740	-1051.743	-1241.983	190.2405	1.346841	1.187738
7746	-1047.354	-1237.594	190.2405	1.346841	1.187738
7752	-1040.045	-1230.197	190.1518	1.508724	1.123202
7758	-1046.867	-1237.029	190.1611	1.479282	1.141253
7764	-1046.707	-1236.597	189.8904	1.479282	1.366818
7770	-1042.733	-1233.076	190.3428	1.479282	0.9681527
7776	-1044.517	-1234.91	190.3937	1.427313	0.9692535
7782	-1049.768	-1239.813	190.0447	1.400739	1.306244
7788	-1049.721	-1239.818	190.0976	1.436031	1.233507
7794	-1039.6	-1229.571	189.971	1.440522	1.33356
7800	-1041.196	-1231.12	189.9241	1.228116	1.532819
7806	-1028.97	-1218.628	189.6584	1.097232	1.815838
7812	-1044.444	-1234.528	190.0833	1.000625	1.583154
7818	-1041.326	-1231.355	190.0292	1.205183	1.471292
7824	-1044.953	-1234.499	189.5453	1.27739	1.76937
7830	-1032.651	-1222.205	189.5532	1.269446	1.76937
7836	-1042.689	-1231.689	188.9998	0.904902	2.375662
7842	-1032.582	-1222.39	189.8077	1.056756	1.740117
7848	-1030.775	-1220.241	189.4654	1.131999	1.923888
7854	-1038.884	-1228.867	189.9835	1.167923	1.533405
7860	-1033.517	-1223.818	190.3008	1.512394	0.9773005
7866	-1037.654	-1227.795	190.1412	1.639922	1.00963
7872	-1047.238	-1237.611	190.3732	1.590865	0.8047258
7878	-1045.542	-1235.853	190.3114	1.357666	1.11549
7884	-1040.476	-1230.715	190.2387	1.307394	1.222997
7890	-1042.712	-1232.838	190.1257	1.249931	1.362047
7896	-1043.415	-1233.458	190.0424	1.249931	1.427014
7902	-1042.105	-1232.272	190.1671	1.233502	1.342234
7908	-1029.162	-1219.39	190.2275	1.568915	0.9943323
7914	-1037.189	-1227.282	190.0934	1.45526	1.2208
7920	-1036.867	-1226.775	189.9079	1.640979	1.220624
7926	-1030.715	-1221.111	190.3958	1.383053	1.01188
7932	-1029.35	-1219.597	190.2465	1.292435	1.229048
7938	-1047.136	-1237.567	190.4313	1.370412	0.9889713
7944	-1046.462	-1236.704	190.2418	1.570732	0.9779974
7950	-1043.411	-1233.734	190.3228	1.580795	0.8792443
7956	-1042.521	-1232.353	189.8318	1.421342	1.457024
7962	-1042.868	-1233.229	190.3603	1.549231	0.8723161
7968	-1050.319	-1240.558	190.2387	1.811312	0.6706369
7974	-1049.579	-1239.941	190.3627	1.691808	0.6616239
7980	-1050.729	-1241.09	190.3603	1.59772	0.8126339
7986	-1046.966	-1237.077	190.1108	1.59772	1.079299
7992	-1046.313	-1236.745	190.4314	1.483458	0.8660148
7998	-1044.984	-1234.926	189.9418	1.324153	1.447267
8004	-1049.6	-1239.765	190.1648	1.324153	1.270696
8010	-1056.856	-1246.507	189.6508	1.626601	1.438521
8016	-1055.277	-1245.245	189.9679	1.596116	1.20778
8022	-1053.133	-1243.353	190.2202	1.721491	0.8335165
8028	-1050.29	-1240.501	190.2112	1.418169	1.151013
8034	-1053.56	-1243.446	189.8855	1.290256	1.515341
8040	-1052.225	-1242.132	189.9076	1.290256	1.498792
8046	-1058.62	-1248.528	189.9081	1.466751	1.3627
8052	-1058.26	-1248.198	189.9384	1.590913	1.237126
8058	-1053.952	-1244.316	190.3646	1.629907	0.7626116
8064	-1047.77	-1238.084	190.3142	1.743086	0.6557507
8070	-1062.607	-1253.043	190.4358	1.591769	0.7112512
8076	-1051.39	-1241.78	190.3898	1.633363	0.7185811
8082	-1049.113	-1239.411	190.2974	1.508714	0.9845586
8088	-1049.545	-1239.688	190.1428	1.704687	0.9415706
