Iteration	Posterior	Likelihood	Prior	rate_log_sd	tree_length
0	-1042.972	-1232.142	189.1701	0.858966	2.296577
6	-1045.334	-1234.261	188.9266	0.9381721	2.400926
12	-1062.828	-1252.743	189.9151	1.037897	1.677566
18	-1071.572	-1260.888	189.3163	1.138334	2.019483
24	-1065.252	-1255.225	189.9732	1.128192	1.57037
30	-1055.969	-1246.377	190.4077	1.231783	1.142048
36	-1061.191	-1250.383	189.1918	1.231783	2.040081
42	-1072.21	-1262.369	190.1584	1.046284	1.493669
48	-1055.907	-1245.392	189.4847	0.972816	2.017607
54	-1056.548	-1246.368	189.8202	1.141496	1.671336
60	-1050.173	-1240.436	190.2635	1.538575	0.9886156
66	-1049.774	-1240.046	190.2725	1.609026	0.9043873
72	-1043.248	-1233.431	190.1834	1.151048	1.39442
78	-1038.317	-1228.594	190.277	1.409996	1.099137
84	-1059.122	-1249.128	190.0061	1.336909	1.387756
90	-1058.223	-1248.587	190.3639	1.412857	1.01391
96	-1041.655	-1231.985	190.33	1.265557	1.180626
102	-1042.915	-1232.834	189.9191	1.236724	1.530195
108	-1047.55	-1237.083	189.5333	1.042542	1.938417
114	-1049.024	-1238.479	189.4555	0.9310564	2.0646
120	-1053.425	-1243.584	190.1595	1.050928	1.489368
126	-1049.932	-1239.797	189.8647	1.066191	1.693254
132	-1055.36	-1245.143	189.7826	1.116399	1.715854
138	-1056.426	-1245.728	189.3019	1.043586	2.091611
144	-1053.152	-1243.231	190.0794	1.123865	1.494769
150	-1051.047	-1240.925	189.8778	1.325419	1.494769
156	-1056.623	-1246.323	189.6998	1.250479	1.679534
162	-1051.564	-1240.892	189.3282	0.8990055	2.168879
168	-1054.862	-1244.155	189.2923	1.03451	2.103852
174	-1053.57	-1243.534	189.9635	1.048943	1.634987
180	-1054.54	-1244.815	190.2749	1.588798	0.9240788
186	-1056.334	-1246.818	190.4836	1.480615	0.8044919
192	-1056.026	-1246.196	190.1702	1.637803	0.9826396
198	-1048.274	-1237.962	189.6882	1.370241	1.60174
204	-1040.663	-1230.872	190.209	1.568541	1.013111
210	-1037.819	-1228.024	190.2053	1.443944	1.133382
216	-1042.703	-1232.679	189.9753	1.476617	1.300971
222	-1038.14	-1228.128	189.9882	1.247318	1.470411
228	-1038.988	-1229.059	190.0708	1.055679	1.551877
234	-1033.487	-1223.81	190.3232	1.2444	1.204722
240	-1045.951	-1235.492	189.5412	1.037016	1.936789
246	-1047.999	-1237.765	189.7658	1.037016	1.78319
252	-1048.754	-1238.578	189.8235	1.09908	1.699144
258	-1046.663	-1236.232	189.5691	1.107602	1.869997
264	-1045.394	-1235.206	189.8118	1.210141	1.628151
270	-1049.48	-1239.414	189.9341	1.09991	1.619447
276	-1041.002	-1231.169	190.1667	1.156716	1.403016
282	-1040.388	-1230.393	190.0051	1.254993	1.451735
288	-1039.577	-1229.497	189.9198	1.29264	1.487853
294	-1048.74	-1238.497	189.7569	1.212399	1.665928
300	-1048.516	-1238.326	189.8101	1.159181	1.665928
306	-1043.637	-1232.817	189.1807	1.097757	2.13554
312	-1048.773	-1239.019	190.2462	1.220809	1.28871
318	-1056.617	-1246.841	190.2243	1.57891	0.9874446
324	-1055.947	-1246.034	190.0873	1.120517	1.491318
330	-1042.721	-1232.46	189.7389	1.359127	1.572828
336	-1042.916	-1232.683	189.7671	1.237691	1.640473
342	-1046.381	-1236.138	189.7571	1.309372	1.595843
348	-1041.529	-1231.507	189.978	1.300323	1.437802
354	-1052.146	-1241.64	189.4934	1.2976	1.791353
360	-1061.035	-1251.307	190.2717	1.799398	0.6240925
366	-1037.157	-1227.503	190.3458	1.72896	0.614798
372	-1040.1	-1230.431	190.3306	1.511654	0.9470874
378	-1043.438	-1233.825	190.3869	1.445945	0.9569492
384	-1041.881	-1231.897	190.0164	1.326487	1.387843
390	-1038.77	-1228.708	189.9375	1.307026	1.463542
396	-1045.361	-1235.277	189.9162	1.357103	1.441606
402	-1042.523	-1232.253	189.7295	1.246542	1.661139
408	-1036.867	-1226.126	189.2584	1.203056	2.014987
414	-1039.778	-1229.235	189.4573	1.148515	1.918164
420	-1040.244	-1229.685	189.4411	0.9268081	2.076893
426	-1037.711	-1227.119	189.4083	0.8804201	2.1288
432	-1042.477	-1230.214	187.7373	0.9418425	3.125631
438	-1044.868	-1233.353	188.4846	0.8236199	2.746413
444	-1038.275	-1228.077	189.8011	1.108181	1.708585
450	-1033.5	-1223.417	189.9177	1.258595	1.514915
456	-1030.71	-1220.756	190.0459	1.467403	1.250526
462	-1034.974	-1225.194	190.2208	1.467403	1.098052
468	-1032.126	-1222.433	190.3066	1.468549	1.015547
474	-1034.404	-1224.666	190.2612	1.628228	0.8955106
480	-1039.265	-1229.623	190.3576	1.519386	0.909478
486	-1037.839	-1228.007	190.1676	1.379919	1.221754
492	-1039.279	-1229.06	189.7806	1.343219	1.553822
498	-1045.078	-1235.242	190.1641	1.360299	1.241283
504	-1048.64	-1238.736	190.0959	1.46195	1.213065
510	-1049.894	-1240.184	190.2902	1.288282	1.195407
516	-1044.019	-1234.13	190.111	1.192771	1.418233
522	-1048.381	-1237.916	189.5355	1.249225	1.795745
528	-1045.42	-1235.684	190.2637	1.432878	1.090377
534	-1041.162	-1231.231	190.0697	1.516011	1.189149
540	-1029.689	-1219.166	189.4771	1.217329	1.857925
546	-1033.6	-1223.426	189.8261	1.019248	1.753555
552	-1044.519	-1234.127	189.6084	1.140991	1.820149
558	-1045.567	-1234.569	189.0019	1.0888	2.257066
564	-1051.705	-1240.91	189.2051	0.9510765	2.214899
570	-1051.809	-1240.901	189.0923	0.881852	2.331593
576	-1047.405	-1236.675	189.27	1.156712	2.038052
582	-1057.093	-1246.941	189.848	1.193826	1.613773
588	-1058.419	-1248.519	190.1	1.185518	1.43228
594	-1056.179	-1246.338	190.1597	1.155153	1.409646
600	-1052.397	-1242.345	189.9476	1.459149	1.337364
606	-1039.57	-1229.751	190.1812	1.351772	1.234076
612	-1039.139	-1229.491	190.3518	1.277902	1.150706
618	-1040.472	-1230.62	190.1488	1.290902	1.310928
624	-1040.03	-1230.104	190.0742	1.046673	1.556006
630	-1039.572	-1229.008	189.4359	0.8655991	2.120485
636	-1037.498	-1226.778	189.2808	0.973008	2.151591
642	-1046.916	-1236.183	189.2674	0.9864568	2.151591
648	-1049.342	-1239.461	190.1189	1.068945	1.506283
654	-1052.054	-1241.547	189.4932	1.032096	1.972375
660	-1051.54	-1241.018	189.4771	0.9060571	2.066808
666	-1038.668	-1227.748	189.0797	0.9423916	2.301007
672	-1043.637	-1231.962	188.325	0.9423916	2.771381
678	-1040.02	-1229.683	189.6632	0.9998748	1.879275
684	-1037.944	-1227.862	189.9178	1.188536	1.566692
690	-1040.845	-1231.042	190.1972	1.188536	1.354099
696	-1039.265	-1229.663	190.3978	1.41696	0.9756926
702	-1043.563	-1233.665	190.1024	1.309456	1.333293
708	-1042.702	-1232.944	190.2424	1.467548	1.077961
714	-1033.325	-1223.579	190.2544	1.380442	1.146175
720	-1035.407	-1225.702	190.2955	1.481679	1.013525
726	-1037.87	-1227.985	190.1148	1.274229	1.351496
732	-1045.107	-1233.354	188.2472	1.024929	2.76846
738	-1042.179	-1231.106	188.9269	1.045211	2.332872
744	-1049.9	-1239.602	189.7015	1.11734	1.77204
750	-1052.182	-1241.97	189.7877	1.088807	1.731685
756	-1059.051	-1248.976	189.9257	1.115103	1.614519
762	-1049.487	-1239.833	190.3461	1.258474	1.172802
768	-1048.335	-1237.945	189.6101	1.364382	1.662218
774	-1047.879	-1237.712	189.8328	1.163735	1.646408
780	-1043.577	-1233.786	190.2089	1.43619	1.137051
786	-1040.772	-1230.674	189.9025	1.387744	1.428642
792	-1036.29	-1226.71	190.4199	1.291815	1.076305
798	-1033.235	-1223.334	190.0991	1.423278	1.242978
804	-1034.728	-1224.994	190.2662	1.611559	0.9085441
810	-1039.641	-1230.064	190.423	1.611559	0.6991821
816	-1047.648	-1237.993	190.3445	1.740746	0.5828335
822	-1036.36	-1226.774	190.4139	1.590118	0.7486612
828	-1035.114	-1225.454	190.3405	1.590118	0.8471408
834	-1038.288	-1228.543	190.2554	1.701125	0.8146618
840	-1031.682	-1222.027	190.3449	1.38473	1.059408
846	-1031.878	-1222.127	190.2486	1.392083	1.141027
852	-1041.483	-1231.935	190.4524	1.503221	0.8157283
858	-1041.36	-1231.743	190.3828	1.481714	0.9231707
864	-1033.514	-1223.649	190.135	1.292806	1.320482
870	-1041.562	-1231.759	190.1967	1.102415	1.421803
876	-1037.039	-1226.872	189.8331	1.166646	1.644142
882	-1040.069	-1230.164	190.0949	1.225933	1.40499
888	-1051.34	-1240.886	189.5461	1.204251	1.819462
894	-1050.342	-1240.575	190.2325	1.754214	0.7738054
900	-1052.354	-1242.545	190.1913	1.613932	0.9854462
906	-1050.588	-1241.069	190.4811	1.348664	0.9601744
912	-1055.818	-1245.746	189.9285	1.348664	1.438697
918	-1039.101	-1228.736	189.6351	1.128608	1.810269
924	-1051.496	-1241.783	190.2876	1.273646	1.210115
930	-1036.981	-1227.125	190.1446	1.416715	1.210115
936	-1042.216	-1231.935	189.7191	1.097682	1.773471
942	-1052.795	-1242.486	189.6911	1.125664	1.773471
948	-1052.301	-1242.054	189.7531	1.261871	1.633182
954	-1043.527	-1233.194	189.6667	1.348251	1.633182
960	-1043.404	-1233.773	190.3692	1.503383	0.9143338
966	-1032.893	-1222.879	189.9857	1.554901	1.227673
972	-1032.117	-1222.314	190.197	1.575932	1.01771
978	-1038.001	-1228.313	190.3123	1.572819	0.9003752
984	-1047.706	-1238.015	190.3097	1.456854	1.023988
990	-1048.758	-1238.381	189.6233	1.239354	1.741385
996	-1047.743	-1237.299	189.5556	1.134193	1.861075
1002	-1040.555	-1230.643	190.0884	1.194503	1.434301
1008	-1043.557	-1233.523	189.9663	1.316538	1.434301
1014	-1043.381	-1232.823	189.4418	1.16994	1.914138
1020	-1032.009	-1221.584	189.5751	1.212872	1.793453
1026	-1039.785	-1229.499	189.7141	1.223383	1.688602
1032	-1042.487	-1232.277	189.7901	1.308977	1.572063
1038	-1046.629	-1236.784	190.1547	1.356594	1.252203
1044	-1049.544	-1239.87	190.3262	1.472881	0.9916493
1050	-1048.133	-1238.428	190.2943	1.574761	0.9181308
1056	-1050.299	-1240.57	190.2717	1.304288	1.197546
1062	-1047.508	-1237.629	190.1211	1.380507	1.260201
1068	-1051.763	-1241.618	189.8554	1.217141	1.591461
1074	-1047.937	-1237.71	189.7734	1.136989	1.707812
1080	-1049.837	-1239.674	189.8367	1.267442	1.568306
1086	-1049.203	-1239.393	190.1901	1.318963	1.254083
1092	-1054.19	-1244.316	190.1255	1.369103	1.266041
1098	-1046.968	-1236.868	189.8993	1.213885	1.561656
1104	-1052.405	-1242.193	189.7877	1.206997	1.647781
1110	-1041.942	-1231.842	189.8999	1.211208	1.563198
1116	-1036.275	-1225.581	189.3059	1.18972	1.992202
1122	-1039.893	-1229.962	190.0691	1.466388	1.231962
1128	-1052.665	-1242.926	190.2606	1.249103	1.253484
1134	-1045.503	-1235.062	189.559	1.101352	1.881136
1140	-1040.79	-1230.444	189.6532	1.117634	1.805373
1146	-1043.233	-1232.854	189.6213	1.088783	1.847174
1152	-1030.314	-1219.987	189.6727	1.146004	1.772113
1158	-1033.698	-1222.985	189.2866	0.9343827	2.172917
1164	-1043.038	-1232.891	189.8525	1.174768	1.624287
1170	-1047.934	-1237.712	189.7775	1.126453	1.712335
1176	-1051.037	-1240.642	189.6046	1.151448	1.815545
1182	-1056.543	-1246.37	189.8278	1.188058	1.632563
1188	-1055.152	-1244.912	189.7601	0.9296615	1.861095
1194	-1051.344	-1241.554	190.2104	1.147283	1.376199
1200	-1057.703	-1247.684	189.9813	1.234253	1.485482
1206	-1056.318	-1246.603	190.2853	1.26189	1.222083
1212	-1042.579	-1232.913	190.3344	1.212806	1.222083
1218	-1047.072	-1237.246	190.1749	1.46116	1.145149
1224	-1050.902	-1240.106	189.2044	1.207147	2.048039
1230	-1047.536	-1237.765	190.2293	1.475846	1.082383
1236	-1040.129	-1230.444	190.3148	1.393663	1.07929
1242	-1037.712	-1228.017	190.3046	1.256263	1.210449
1248	-1039.771	-1229.967	190.1961	1.364795	1.210449
1254	-1035.439	-1225.44	190.0013	1.364795	1.369639
1260	-1031.961	-1221.532	189.5709	1.187321	1.814068
1266	-1034.758	-1224.065	189.3072	1.155972	2.01382
1272	-1035.897	-1225.792	189.8945	1.079307	1.662708
1278	-1045.717	-1235.137	189.4207	1.214477	1.898266
1284	-1046.755	-1236.972	190.2167	1.031214	1.460962
1290	-1068.48	-1258.715	190.2358	1.175611	1.333612
1296	-1080.609	-1270.699	190.0902	1.32596	1.329839
1302	-1058.755	-1248.331	189.5763	0.9871089	1.946784
1308	-1061.661	-1251.694	190.0336	1.304054	1.39189
1314	-1058.567	-1248.446	189.8787	1.182746	1.599493
1320	-1055.559	-1245.997	190.4375	1.32444	1.028432
1326	-1039.96	-1230.236	190.276	1.473157	1.040797
1332	-1039.475	-1229.62	190.1452	1.210313	1.377922
1338	-1036.208	-1226.277	190.0691	1.181432	1.458997
1344	-1036.823	-1227.125	190.3018	1.259317	1.210235
1350	-1039.154	-1229.047	189.8931	1.259317	1.532679
1356	-1036.458	-1226.241	189.7831	1.226878	1.636787
1362	-1051.866	-1241.075	189.2092	1.000719	2.180154
1368	-1054.062	-1244.174	190.1117	1.261823	1.363725
1374	-1063.71	-1252.122	188.4113	1.056953	2.648214
1380	-1044.607	-1234.075	189.468	0.9980165	2.011951
1386	-1039.688	-1229.779	190.0914	1.152231	1.464226
1392	-1036.335	-1226.452	190.1167	1.245481	1.372725
1398	-1036.488	-1226.782	190.2946	1.289723	1.19039
1404	-1036.379	-1226.105	189.7254	1.255584	1.657579
1410	-1034.82	-1224.965	190.1451	1.337597	1.275825
1416	-1035.311	-1225.424	190.1136	1.296204	1.334953
1422	-1027.656	-1217.515	189.8591	1.198396	1.602389
1428	-1042.827	-1232.587	189.7594	1.089244	1.751249
1434	-1064.039	-1253.082	189.0429	0.9421339	2.324685
1440	-1059.526	-1248.783	189.2566	0.8932274	2.219024
1446	-1055.009	-1243.104	188.0945	0.9287749	2.919425
1452	-1050.397	-1239.264	188.8671	1.043166	2.37218
1458	-1038.865	-1228.49	189.6253	1.22866	1.747482
1464	-1037.345	-1227.531	190.1859	1.338892	1.240958
1470	-1046.636	-1236.884	190.2479	1.613482	0.9265755
1476	-1044.227	-1234.448	190.2211	1.495861	1.07138
1482	-1038.41	-1228.511	190.101	1.55888	1.123802
1488	-1043.885	-1233.665	189.7795	1.142825	1.699352
1494	-1046.751	-1236.089	189.3382	1.004144	2.093693
1500	-1043.019	-1232.137	189.1179	1.220326	2.096401
1506	-1046.596	-1236.407	189.811	1.205397	1.63211
1512	-1043.129	-1232.694	189.5646	1.037439	1.920694
1518	-1042.537	-1232.426	189.8887	0.9893479	1.730594
1524	-1038.14	-1228.095	189.955	1.288467	1.464347
1530	-1049.729	-1239.285	189.5553	1.278679	1.761453
1536	-1037.351	-1226.251	188.9003	1.017025	2.36766
1542	-1036.53	-1225.399	188.8697	0.920755	2.447751
1548	-1038.109	-1227.033	188.924	0.8121088	2.481815
1554	-1035.441	-1224.158	188.7165	0.7700274	2.636942
1560	-1034.495	-1223.416	188.9206	0.7617604	2.515454
1566	-1031.092	-1220.293	189.2015	1.024683	2.169542
1572	-1031.265	-1220.815	189.5491	1.250058	1.785759
1578	-1033.614	-1223.539	189.9254	1.067327	1.649178
1584	-1037.799	-1227.063	189.264	0.7987779	2.274968
1590	-1026.805	-1215.743	188.938	1.124861	2.274968
1596	-1025.172	-1214.655	189.4834	1.046156	1.969516
1602	-1027.521	-1216.736	189.2155	0.9696263	2.196186
1608	-1033.173	-1222.601	189.428	1.168585	1.924402
1614	-1034.475	-1223.647	189.1716	1.01327	2.196353
1620	-1035.881	-1225.014	189.1336	1.05127	2.196353
1626	-1034.268	-1223.763	189.495	1.051229	1.958347
1632	-1041.085	-1230.763	189.6774	1.170377	1.751844
1638	-1042.005	-1231.745	189.7402	1.342418	1.584066
1644	-1048.117	-1238.553	190.4363	1.55308	0.7700643
1650	-1047.872	-1237.552	189.6801	1.006108	1.863498
1656	-1048.534	-1237.746	189.2118	0.9899764	2.185376
1662	-1035.99	-1225.609	189.6188	1.178066	1.787315
1668	-1040.655	-1230.424	189.7687	1.175722	1.683655
1674	-1038.701	-1227.627	188.9264	0.9484502	2.394581
1680	-1036.197	-1225.24	189.0427	1.049426	2.256139
1686	-1037.552	-1227.078	189.5253	0.9345645	2.016036
1692	-1044.513	-1234.168	189.6549	1.112175	1.807976
1698	-1043.666	-1233.656	189.9894	1.26999	1.452275
1704	-1039.496	-1229.583	190.0879	1.281501	1.366996
1710	-1042.324	-1231.604	189.2797	1.341758	1.907567
1716	-1042.706	-1232.332	189.6258	1.300012	1.696885
1722	-1036.569	-1225.973	189.4036	1.186558	1.928747
1728	-1037.901	-1227.818	189.9174	1.105335	1.627587
1734	-1034.669	-1224.967	190.2981	1.160425	1.295635
1740	-1033.758	-1224.081	190.3233	1.279478	1.17435
1746	-1026.557	-1216.807	190.2502	1.352595	1.17435
1752	-1027.419	-1217.592	190.1731	1.352595	1.240159
1758	-1031.77	-1221.852	190.0821	1.393324	1.281795
1764	-1028.571	-1218.554	189.9833	1.179098	1.525252
1770	-1029.125	-1219.011	189.8861	1.122728	1.637556
1776	-1032.145	-1221.97	189.8251	1.120639	1.682739
1782	-1035.47	-1224.544	189.0746	0.9462986	2.301801
1788	-1036.635	-1226.376	189.7409	1.118598	1.743648
1794	-1039.129	-1228.913	189.7834	1.2202	1.641377
1800	-1052.908	-1243.298	190.3901	1.632644	0.7193127
1806	-1055.088	-1245.441	190.3538	1.627247	0.7817602
1812	-1053.855	-1244.338	190.4822	1.498827	0.7817602
1818	-1051.332	-1241.434	190.1021	1.609903	1.076064
1824	-1038.2	-1228.24	190.04	1.609903	1.132807
1830	-1045.016	-1235.427	190.4106	1.543535	0.8177311
1836	-1043.448	-1233.557	190.1089	1.399704	1.254448
1842	-1042.4	-1232.172	189.7713	1.329109	1.571052
1848	-1042.673	-1232.55	189.8765	1.064276	1.686229
1854	-1034.135	-1224.242	190.107	1.215131	1.403985
1860	-1031.897	-1221.982	190.0853	1.141868	1.47674
1866	-1033.636	-1223.593	189.957	1.235541	1.502767
1872	-1033.265	-1223.619	190.3544	1.39041	1.044994
1878	-1032.051	-1222.251	190.1997	1.39041	1.185393
1884	-1035.72	-1226.011	190.2913	1.506064	0.9933693
1890	-1039.11	-1229.075	189.9644	1.272243	1.469568
1896	-1038.521	-1228.767	190.2465	1.227577	1.28289
1902	-1039.432	-1229.139	189.7066	1.188799	1.718367
1908	-1043.454	-1233.624	190.1693	1.188799	1.375892
1914	-1044.3	-1233.522	189.2216	1.177879	2.056077
1920	-1042.572	-1232.026	189.4535	1.228246	1.866545
1926	-1038.045	-1227.473	189.4281	1.067188	1.992423
1932	-1049.557	-1239.129	189.5727	1.134741	1.848987
1938	-1048.777	-1238.859	190.082	1.374069	1.29765
1944	-1049.151	-1239.266	190.1148	1.443705	1.212506
1950	-1048.851	-1239.096	190.2451	1.443705	1.097557
1956	-1038.764	-1228.737	189.9732	1.311371	1.432963
1962	-1040.017	-1230.214	190.1969	1.311371	1.25471
1968	-1046.502	-1236.596	190.0939	1.311371	1.338566
1974	-1052.049	-1242.244	190.1945	1.234129	1.31983
1980	-1041.984	-1231.432	189.4479	1.167324	1.911777
1986	-1042.552	-1232.266	189.714	1.16125	1.732568
1992	-1041.602	-1231.551	189.9491	1.372867	1.404108
1998	-1045.151	-1234.629	189.4778	1.372867	1.749832
2004	-1040.986	-1230.317	189.3313	0.9535892	2.131316
2010	-1046.5	-1234.769	188.2688	0.6304001	2.994144
2016	-1056.147	-1245.347	189.1993	0.871684	2.269708
2022	-1047.487	-1237.198	189.711	0.9800308	1.860251
2028	-1041.376	-1230.943	189.5675	1.096482	1.878711
2034	-1048.225	-1237.372	189.1472	1.025902	2.203961
2040	-1048.233	-1237.396	189.1634	1.009732	2.203961
2046	-1045.195	-1234.391	189.1963	1.089853	2.130498
2052	-1048.34	-1237.75	189.4097	1.043912	2.020148
2058	-1041.787	-1231.806	190.0196	1.043912	1.598015
2064	-1039.175	-1229.129	189.9534	1.075652	1.623038
2070	-1052.142	-1242.056	189.9134	1.310946	1.478872
2076	-1044.966	-1235.268	190.3027	1.241207	1.224864
2082	-1052.486	-1242.725	190.2389	1.104575	1.387374
2088	-1047.519	-1237.663	190.1449	1.198596	1.387374
2094	-1047.668	-1237.74	190.072	1.255227	1.400004
2100	-1044.566	-1234.997	190.4308	1.456051	0.898444
2106	-1041.66	-1231.868	190.2089	1.450281	1.124491
2112	-1038.244	-1228.027	189.783	1.412809	1.500355
2118	-1039.078	-1228.524	189.4463	1.2368	1.865674
2124	-1045.405	-1235.28	189.8751	1.207063	1.5844
2130	-1041.94	-1230.834	188.8933	0.9604748	2.407848
2136	-1045.955	-1235.7	189.7453	1.003341	1.820663
2142	-1039.497	-1228.911	189.4138	1.147793	1.948019
2148	-1039.558	-1228.756	189.1977	0.9201417	2.239617
2154	-1039.286	-1228.341	189.0552	1.06265	2.239617
2160	-1044.395	-1234.157	189.7615	1.202861	1.669478
2166	-1047.872	-1237.708	189.8361	1.158375	1.647897
2172	-1046.95	-1235.557	188.6073	1.111645	2.492575
2178	-1031.731	-1221.611	189.8799	1.265346	1.538005
2184	-1039.041	-1228.911	189.8705	1.277113	1.536237
2190	-1034.471	-1224.586	190.1146	1.108218	1.48002
2196	-1036.548	-1226.809	190.2609	1.168687	1.319035
2202	-1042.735	-1232.966	190.2314	1.246251	1.280001
2208	-1037.647	-1227.461	189.8135	1.312302	1.552413
2214	-1033.446	-1223.336	189.8892	1.179138	1.594507
2220	-1033.309	-1222.935	189.6263	0.9534856	1.935759
2226	-1038.844	-1228.507	189.6633	1.192307	1.746372
2232	-1046.607	-1236.763	190.1553	1.263954	1.327341
2238	-1036.962	-1227.029	190.0673	1.01355	1.585398
2244	-1039.135	-1228.387	189.2514	1.076338	2.103291
2250	-1043.717	-1232.584	188.8667	0.9484811	2.432187
2256	-1048.607	-1237.49	188.8839	0.9313292	2.432187
2262	-1043.267	-1231.519	188.2513	0.8926544	2.846447
2268	-1049.869	-1238.629	188.7594	0.8952642	2.532697
2274	-1038.739	-1228.984	190.2446	1.470582	1.073094
2280	-1047.754	-1238.157	190.4027	1.694866	0.4933216
2286	-1045.646	-1235.941	190.2952	1.799627	0.5385648
2292	-1045.769	-1236.142	190.3738	1.5394	0.868043
2298	-1040.084	-1230.43	190.3462	1.393379	1.049973
2304	-1047.571	-1237.728	190.1566	1.383653	1.227927
2310	-1038.603	-1228.879	190.2761	1.27837	1.215903
2316	-1045.243	-1234.813	189.5701	1.296186	1.738893
2322	-1036.084	-1226.168	190.084	1.232761	1.408144
2328	-1038.659	-1229.032	190.3732	1.422513	0.9950871
2334	-1040.302	-1230.588	190.2863	1.396893	1.102701
2340	-1038.848	-1228.686	189.8376	1.342551	1.512019
2346	-1047.165	-1236.573	189.4084	1.201477	1.915445
2352	-1050.845	-1240.786	189.9406	1.01631	1.674787
2358	-1054.63	-1244.111	189.4805	1.020328	1.988698
2364	-1052.396	-1242.476	190.0795	1.434721	1.249738
2370	-1042.467	-1232.803	190.3352	1.46673	0.9887589
2376	-1053.813	-1243.684	189.8708	1.560839	1.31741
2382	-1052.539	-1242.713	190.1738	1.915482	0.4382561
2388	-1057.281	-1247.56	190.2793	1.815808	0.536408
2394	-1048.512	-1238.85	190.3381	1.571658	0.8720601
2400	-1047.864	-1237.576	189.7122	1.022028	1.830603
2406	-1039.278	-1228.665	189.3872	1.006961	2.059549
2412	-1047.214	-1237.634	190.4202	1.433037	0.9353615
2418	-1057.156	-1247.589	190.433	1.417854	0.9379286
2424	-1044.185	-1234.099	189.9142	1.41322	1.399858
2430	-1044.896	-1234.767	189.8714	1.237479	1.564814
2436	-1032.984	-1222.608	189.624	1.217404	1.756292
2442	-1029.892	-1219.714	189.8216	1.139578	1.671718
2448	-1029.208	-1218.609	189.4007	1.080085	2.002129
2454	-1039.605	-1228.617	189.0128	1.057797	2.26998
2460	-1034.463	-1223.142	188.6782	0.9526016	2.547539
2466	-1044.331	-1233.752	189.4211	0.9855194	2.051349
2472	-1056.972	-1245.99	189.0181	0.9171598	2.356323
2478	-1057.29	-1246.352	189.0618	0.8734896	2.356323
2484	-1056.586	-1245.584	188.998	0.8472571	2.413263
2490	-1055.16	-1244.976	189.8162	1.08389	1.715101
2496	-1055.79	-1244.818	189.0274	1.096232	2.235897
2502	-1046.854	-1236.157	189.3035	1.069603	2.073468
2508	-1049.722	-1239.027	189.3058	1.067286	2.073468
2514	-1051.782	-1240.935	189.153	1.220098	2.073468
2520	-1042.968	-1232.3	189.3323	1.051979	2.066072
2526	-1042.142	-1231.565	189.4227	0.8919133	2.11187
2532	-1036.453	-1225.91	189.4562	1.001803	2.017239
2538	-1039.855	-1229.557	189.7017	1.002876	1.850963
2544	-1039.117	-1228.334	189.217	0.9866178	2.18424
2550	-1042.754	-1232.634	189.8802	0.9878695	1.737644
2556	-1035.165	-1224.656	189.4913	1.125527	1.910706
2562	-1043.205	-1233.564	190.3591	1.484473	0.9456747
2568	-1046.739	-1237.138	190.3991	1.396864	0.9947816
2574	-1044.818	-1234.714	189.8962	1.201916	1.57274
2580	-1050.415	-1240.669	190.2537	1.131474	1.354534
2586	-1047.892	-1237.547	189.6556	1.169318	1.767806
2592	-1043.655	-1233.802	190.1468	1.077319	1.479018
2598	-1043.263	-1233.183	189.9202	1.210882	1.548521
2604	-1037.659	-1227.624	189.9646	1.210882	1.515508
2610	-1045.222	-1235.247	190.0254	1.238143	1.449059
2616	-1056.996	-1247.059	190.0629	1.141913	1.493607
2622	-1055.087	-1245.038	189.9518	1.29683	1.460465
2628	-1047.859	-1236.915	189.0555	1.143332	2.18734
2634	-1043.532	-1232.925	189.3937	1.042564	2.031719
2640	-1047.517	-1237.033	189.5166	1.107508	1.905799
2646	-1049.23	-1239.504	190.2735	1.363699	1.144125
2652	-1050.332	-1240.394	190.062	1.309713	1.36517
2658	-1050.309	-1240.153	189.8435	1.470575	1.410262
2664	-1045.209	-1235.286	190.0773	1.168359	1.46273
2670	-1047.603	-1237.718	190.115	1.194388	1.413885
2676	-1053.37	-1243.09	189.7201	1.341168	1.599668
2682	-1047.1	-1236.03	188.9307	0.7160545	2.537613
2688	-1041.234	-1230.994	189.7608	0.9870325	1.821248
2694	-1047.682	-1237.564	189.8819	1.296267	1.513552
2700	-1049.709	-1239.721	190.0124	1.165763	1.513552
2706	-1043.397	-1233.18	189.7826	1.147035	1.694189
2712	-1040.351	-1229.641	189.2894	1.156716	2.025143
2718	-1045.195	-1235.146	189.9512	1.02486	1.66107
2724	-1045.271	-1235.066	189.7953	1.267801	1.598287
2730	-1051.644	-1241.58	189.9356	1.274068	1.489913
2736	-1054.435	-1244.831	190.3965	1.258711	1.128021
2742	-1044.829	-1234.321	189.4923	1.029272	1.974867
2748	-1042.835	-1232.113	189.2771	1.117243	2.059409
2754	-1033.495	-1223.442	189.9478	1.085519	1.61994
2760	-1033.57	-1222.908	189.3377	0.9352074	2.139118
2766	-1040.961	-1229.91	188.9498	0.9306495	2.391055
2772	-1040.204	-1229.931	189.7274	0.9544326	1.866529
2778	-1040.077	-1229.796	189.7188	1.189041	1.709609
2784	-1046.469	-1236.119	189.6494	1.258455	1.709609
2790	-1063.25	-1252.253	189.0032	0.9023168	2.375153
2796	-1047.163	-1237.052	189.889	1.127596	1.631999
2802	-1046.848	-1236.756	189.9075	1.009081	1.703405
2808	-1044.833	-1233.819	188.9857	0.8174671	2.439757
2814	-1037.339	-1225.904	188.565	0.9371104	2.627311
2820	-1038.114	-1226.87	188.756	0.9371104	2.508697
2826	-1037.724	-1227.14	189.4157	1.067928	2.000229
2832	-1043.986	-1233.422	189.4357	1.098432	1.966445
2838	-1050.08	-1239.125	189.0447	1.098432	2.22331
2844	-1053.416	-1243.002	189.5868	0.9666056	1.953491
2850	-1052.574	-1241.689	189.1148	1.02115	2.227978
2856	-1051.247	-1240.985	189.7377	1.001279	1.827329
2862	-1048.258	-1236.772	188.514	0.8515727	2.711345
2868	-1047.063	-1236.063	189	0.922361	2.364463
2874	-1051.093	-1240.194	189.101	1.131017	2.165772
2880	-1047.733	-1236.858	189.1249	0.8338858	2.341365
2886	-1050.27	-1238.844	188.574	0.8685117	2.664067
2892	-1051.98	-1241.901	189.921	1.265201	1.507558
2898	-1042.652	-1232.323	189.6707	1.283189	1.676922
2904	-1048.708	-1237.798	189.0896	1.265149	2.085504
2910	-1042.877	-1232.181	189.3035	1.008427	2.113603
2916	-1048.206	-1238.05	189.8431	1.10864	1.678477
2922	-1046.419	-1236.289	189.87	1.204532	1.590024
2928	-1057.919	-1247.854	189.9354	1.13909	1.590024
2934	-1053.238	-1243.271	190.0322	1.067121	1.571845
2940	-1053.19	-1243.134	189.9442	1.155136	1.571845
2946	-1045.578	-1235.612	190.0343	1.478236	1.251174
2952	-1048.84	-1238.395	189.5551	1.216344	1.804949
2958	-1047.653	-1237.091	189.4373	1.214949	1.886646
2964	-1039.919	-1229.914	189.9943	1.29427	1.42989
2970	-1055.975	-1245.503	189.5275	1.23951	1.807963
2976	-1045.885	-1236.165	190.2798	1.390846	1.114104
2982	-1053.091	-1243.077	189.9859	1.341066	1.400259
2988	-1060.941	-1251.03	190.0887	1.261875	1.381821
2994	-1057.886	-1248.044	190.1581	1.261875	1.326807
3000	-1055.332	-1245.405	190.0734	1.496526	1.202731
3006	-1049.361	-1239.449	190.0884	1.634867	1.065466
3012	-1051.322	-1241.731	190.4092	1.3088	1.070437
3018	-1044.551	-1234.33	189.7794	1.12847	1.709604
3024	-1050.844	-1240.623	189.7794	1.12847	1.709604
3030	-1040.785	-1230.238	189.4527	1.02825	2.00198
3036	-1032.571	-1222.068	189.4971	0.9838688	2.00198
3042	-1037.252	-1226.69	189.4372	0.9697617	2.051069
3048	-1046.269	-1234.219	187.9501	0.8779608	3.036727
3054	-1046.774	-1235.918	189.1434	1.12244	2.14375
3060	-1044.953	-1234.698	189.7442	1.059146	1.782809
3066	-1043.862	-1233.531	189.6692	1.116174	1.79529
3072	-1036.446	-1226.434	189.988	1.259915	1.460956
3078	-1041.253	-1231.416	190.1624	1.5799	1.047372
3084	-1031.795	-1222.058	190.2629	1.770151	0.7019099
3090	-1039.365	-1229.683	190.3175	1.779801	0.5138015
3096	-1038.418	-1228.441	190.0231	2.025581	0.3594469
3102	-1049.544	-1239.478	189.9348	1.364206	1.421865
3108	-1050.406	-1240.391	189.9852	1.405716	1.349949
3114	-1047.537	-1237.698	190.1601	1.503654	1.120349
3120	-1049.332	-1239.701	190.3684	1.404743	1.017494
3126	-1051.584	-1242.013	190.4295	1.641944	0.6232869
3132	-1035.739	-1225.986	190.2474	1.845528	0.4529492
3138	-1031.995	-1222.125	190.1303	1.942507	0.3966295
3144	-1028.842	-1219.053	190.2113	1.880164	0.4466596
3150	-1036.45	-1226.539	190.0885	2.002826	0.4457662
3156	-1044.329	-1234.605	190.2755	1.802261	0.6065537
3162	-1036.789	-1227.159	190.3705	1.710228	0.5976372
3168	-1036.821	-1227.196	190.3752	1.715761	0.5600674
3174	-1043.797	-1234.15	190.3534	1.644443	0.7577922
3180	-1055.742	-1246.087	190.3443	1.753173	0.4922954
3186	-1043.499	-1233.897	190.398	1.657721	0.6589994
3192	-1055.013	-1245.011	189.9986	1.178678	1.514175
3198	-1059.643	-1249.257	189.614	1.09122	1.850509
3204	-1036.671	-1226.987	190.3159	1.780978	0.4805677
3210	-1041.882	-1232.253	190.3705	1.727103	0.5035113
3216	-1047.312	-1237.572	190.2601	1.826477	0.4292141
3222	-1045.057	-1235.446	190.389	1.695953	0.5838509
3228	-1051.238	-1241.459	190.2206	1.842487	0.643139
3234	-1051.029	-1241.352	190.3234	1.432132	1.0347
3240	-1056.566	-1246.625	190.0586	2.034931	0.5465891
3246	-1046.947	-1236.991	190.0434	2.034931	0.4079697
3252	-1042.237	-1232.448	190.2111	1.462515	1.111413
3258	-1043.523	-1233.768	190.2443	1.376196	1.158895
3264	-1049.832	-1240.15	190.3177	1.705069	0.7191212
3270	-1048.736	-1238.608	189.8724	1.193415	1.596363
3276	-1051.627	-1241.373	189.7461	1.180552	1.696271
3282	-1047.566	-1236.482	188.9159	1.042502	2.341583
3288	-1047.019	-1236.834	189.8153	1.165297	1.657824
3294	-1054.62	-1244.26	189.6409	1.53845	1.512638
3300	-1049.536	-1238.482	188.9458	1.166452	2.24324
3306	-1046.307	-1235.798	189.4914	0.9713625	2.014082
3312	-1040.803	-1230.295	189.4924	0.9398482	2.034377
3318	-1040.611	-1230.568	189.9569	1.165233	1.555097
3324	-1033.977	-1223.816	189.8388	1.283285	1.555097
3330	-1041.38	-1231.408	190.0277	1.094381	1.555097
3336	-1040.193	-1230.381	190.1886	1.185358	1.363404
3342	-1030.323	-1220.493	190.1699	1.352549	1.242922
3348	-1037.316	-1227.157	189.8407	1.146591	1.653049
3354	-1040.478	-1230.621	190.1428	1.332525	1.281902
3360	-1038.632	-1228.905	190.2729	1.332525	1.17206
3366	-1039.192	-1229.427	190.2349	1.648265	0.9024815
3372	-1040.349	-1230.804	190.4544	1.453372	0.8743386
3378	-1041.451	-1231.482	190.0309	1.551451	1.192069
3384	-1040.455	-1230.207	189.7515	1.262621	1.633814
3390	-1038.456	-1228.622	190.1662	1.305192	1.285107
3396	-1042.208	-1232.073	189.8654	1.375837	1.466097
3402	-1043.169	-1233.132	189.9629	1.543906	1.255884
3408	-1047.202	-1237.409	190.2075	1.331499	1.228975
3414	-1049.906	-1239.424	189.5176	1.239245	1.814989
3420	-1036.97	-1226.7	189.7297	1.098553	1.765477
3426	-1037.904	-1227.672	189.7679	1.198988	1.667638
3432	-1040.706	-1229.959	189.2538	1.113684	2.077152
3438	-1049.741	-1239.274	189.5326	1.070892	1.919707
3444	-1045.065	-1234.583	189.5189	1.084689	1.919707
3450	-1039.456	-1229.394	189.9377	1.308831	1.46207
3456	-1047.829	-1237.01	189.1809	1.015224	2.189063
3462	-1045.183	-1234.241	189.0584	1.045083	2.248853
3468	-1036.046	-1225.987	189.9411	1.091026	1.620774
3474	-1039.287	-1229.445	190.1582	1.473852	1.148699
3480	-1046.366	-1236.612	190.2468	1.835293	0.593478
3486	-1052.141	-1242.36	190.2189	1.728481	0.8263241
3492	-1054.086	-1244.549	190.4626	1.53391	0.7597269
3498	-1037.636	-1227.623	189.9861	1.127787	1.561141
3504	-1045.94	-1236.07	190.1297	1.429035	1.212295
3510	-1047.222	-1237.482	190.26	1.320587	1.19361
3516	-1056.275	-1246.468	190.1922	1.273414	1.289832
3522	-1072.077	-1262.347	190.2701	1.781693	0.6671385
3528	-1068.406	-1258.731	190.3254	1.756166	0.59507
3534	-1060.759	-1251.017	190.2578	1.680061	0.8382319
3540	-1060.703	-1251.158	190.4551	1.565771	0.7223319
3546	-1058.359	-1248.638	190.279	1.705015	0.7776628
3552	-1055.765	-1246.187	190.4217	1.62577	0.6755816
3558	-1064.463	-1254.602	190.1395	1.895598	0.6982593
3564	-1057.213	-1247.332	190.1188	1.938755	0.3714086
3570	-1051.325	-1241.496	190.1705	1.926243	0.4787048
3576	-1056.517	-1246.662	190.1456	1.926243	0.3948984
3582	-1058.472	-1248.633	190.1604	1.923834	0.5864418
3588	-1062.411	-1252.514	190.103	1.829324	0.8450259
3594	-1064.006	-1253.919	189.9133	1.202445	1.559777
3600	-1068.847	-1259.337	190.4903	1.524182	0.7324941
3606	-1058.587	-1248.664	190.077	1.691077	1.022442
3612	-1060.416	-1250.648	190.2323	1.666639	0.8845791
3618	-1056.622	-1246.724	190.1015	1.429261	1.235951
3624	-1048.905	-1239.191	190.2856	1.429261	1.07337
3630	-1047.365	-1237.375	190.0099	1.395566	1.338394
3636	-1051.82	-1241.898	190.0784	1.491231	1.202995
3642	-1064.728	-1254.408	189.6805	1.206864	1.724017
3648	-1068.094	-1256.897	188.8035	0.9113921	2.495129
3654	-1065.482	-1255.597	190.115	1.352813	1.288045
3660	-1049.874	-1239.346	189.4724	1.048596	1.97522
3666	-1050.383	-1239.921	189.5388	0.8849271	2.04003
3672	-1042.012	-1231.775	189.7624	0.987432	1.819857
3678	-1041.871	-1231.421	189.5501	1.14967	1.854276
3684	-1051.191	-1241.104	189.9128	0.9490048	1.742043
3690	-1036.361	-1225.941	189.5796	0.9786253	1.950241
3696	-1037.366	-1226.276	188.9101	0.7825058	2.509017
3702	-1026.888	-1216.347	189.4592	0.9718302	2.035177
3708	-1033.662	-1222.874	189.2128	0.8979135	2.244231
3714	-1040.342	-1229.863	189.5206	1.000765	1.975009
3720	-1044.985	-1234.985	190.0001	1.093523	1.576029
3726	-1035.466	-1225.6	190.1346	1.330671	1.290112
3732	-1039.584	-1229.574	189.9894	1.475873	1.290112
3738	-1036.938	-1226.578	189.6405	1.158529	1.785848
3744	-1034.159	-1223.923	189.7641	0.9812089	1.822957
3750	-1030.788	-1220.479	189.6908	1.241984	1.691937
3756	-1037.386	-1226.581	189.1954	1.164249	2.082328
3762	-1043.325	-1232.394	189.0687	1.01027	2.264611
3768	-1043.551	-1232.988	189.4374	0.9959929	2.033629
3774	-1037.046	-1226.973	189.9266	1.17212	1.572335
3780	-1037.406	-1226.968	189.5618	1.039949	1.920926
3786	-1028.879	-1218.406	189.5273	1.112392	1.895228
3792	-1032.289	-1222.407	190.1182	1.251819	1.366544
3798	-1040.619	-1230.393	189.7742	1.053307	1.765976
3804	-1038.188	-1227.343	189.1552	1.089495	2.157546
3810	-1037.252	-1227.226	189.9735	1.147518	1.555929
3816	-1038.728	-1228.665	189.9368	1.18417	1.555929
3822	-1045.247	-1234.878	189.6311	1.291405	1.699247
3828	-1043.717	-1233.487	189.7707	1.358999	1.549514
3834	-1038.209	-1228.266	190.0575	1.269194	1.400443
3840	-1032.832	-1222.812	189.9802	1.346524	1.400443
3846	-1034.088	-1224.37	190.2824	1.474039	1.033795
3852	-1034.814	-1224.917	190.1031	1.373199	1.281096
3858	-1031.491	-1221.748	190.2576	1.37116	1.15154
3864	-1038.651	-1228.116	189.4657	1.22172	1.862674
3870	-1043.265	-1233.267	190.002	1.22172	1.479315
3876	-1032.953	-1223.102	190.1496	1.228753	1.359956
3882	-1034.42	-1224.015	189.5955	1.102782	1.855243
3888	-1030.679	-1220.453	189.7738	1.09111	1.739842
3894	-1042.36	-1232.616	190.2553	1.187829	1.30811
3900	-1043.821	-1233.873	190.0525	1.103273	1.530235
3906	-1048.58	-1238.523	189.9426	1.384229	1.400357
3912	-1045.151	-1234.73	189.5791	1.238425	1.772918
3918	-1038.415	-1228.218	189.8027	1.238425	1.614281
3924	-1045.547	-1234.172	188.6251	1.211394	2.418766
3930	-1042.597	-1231.687	189.0894	1.040579	2.231817
3936	-1043.121	-1232.674	189.553	1.098382	1.887254
3942	-1040.97	-1230.621	189.6503	1.24376	1.719319
3948	-1040.05	-1230.032	189.9825	1.065895	1.608969
3954	-1051.247	-1240.478	189.2317	1.293786	1.972228
3960	-1047.378	-1237.059	189.6808	1.140398	1.770378
3966	-1047.897	-1237.392	189.4941	1.100098	1.926018
3972	-1056.384	-1246.571	190.187	1.311309	1.26298
3978	-1043.607	-1233.96	190.3527	1.22197	1.198678
3984	-1035.234	-1225.59	190.3557	1.24701	1.174408
3990	-1034.596	-1224.521	189.9255	1.213324	1.542784
3996	-1046.69	-1236.753	190.0635	1.07535	1.542784
4002	-1051.045	-1240.96	189.915	1.162511	1.58781
4008	-1040.464	-1230.709	190.2446	1.291205	1.23172
4014	-1043.349	-1233.285	189.9362	1.205041	1.540989
4020	-1047.45	-1237.756	190.3055	1.469242	1.015905
4026	-1055.996	-1246.392	190.3959	1.497786	0.8906103
4032	-1053.25	-1242.706	189.4561	1.445553	1.713997
4038	-1045.131	-1235.005	189.8738	1.23152	1.56744
4044	-1050.669	-1239.568	188.8985	1.175903	2.267519
4050	-1042.867	-1232.641	189.7745	0.9594215	1.830841
4056	-1044.24	-1233.606	189.3662	0.9404033	2.117134
4062	-1048.46	-1238.121	189.661	1.108869	1.806023
4068	-1048.916	-1238.338	189.4214	1.158042	1.935983
4074	-1051.175	-1241.276	190.1002	1.350159	1.30224
4080	-1060.256	-1250.368	190.1111	1.098729	1.489796
4086	-1048.406	-1238.147	189.7409	1.076133	1.773305
4092	-1046.129	-1236.185	190.056	1.076133	1.547726
4098	-1040.849	-1230.876	190.0276	1.169464	1.499358
4104	-1043.495	-1232.928	189.4325	1.209617	1.89356
4110	-1048.161	-1237.454	189.2923	0.971146	2.145299
4116	-1056.571	-1246.077	189.5066	0.8985023	2.052328
4122	-1048.947	-1238.309	189.3617	1.024828	2.064599
4128	-1047.861	-1237.773	189.9122	0.9801433	1.720561
4134	-1047.254	-1236.594	189.3393	0.9801433	2.108689
4140	-1033.276	-1223.035	189.7589	1.187949	1.681917
4146	-1037.601	-1227.419	189.8176	1.129241	1.681917
4152	-1041.242	-1231.147	189.9048	1.023031	1.69548
4158	-1051.062	-1240.625	189.5633	0.9502263	1.980249
4164	-1050.889	-1240.399	189.5101	0.9965919	1.984787
4170	-1049.581	-1238.945	189.3637	0.8020117	2.208751
4176	-1051.816	-1241.615	189.7992	1.156617	1.675563
4182	-1061.7	-1251.023	189.3228	1.289414	1.913842
4188	-1042.67	-1232.952	190.2823	1.079522	1.372937
4194	-1048.031	-1237.818	189.7869	1.110432	1.717055
4200	-1057.296	-1247.23	189.9344	1.511619	1.305781
4206	-1052.359	-1242.421	190.0612	1.384817	1.305781
4212	-1055.275	-1245.455	190.18	1.299908	1.278116
4218	-1047.507	-1237.755	190.2484	1.516649	1.025466
4224	-1038.132	-1228.502	190.3707	1.422748	0.9973016
4230	-1030.777	-1221.145	190.3677	1.608471	0.7884953
4236	-1025.553	-1215.439	189.8861	1.183921	1.593297
4242	-1033.301	-1223.357	190.0563	1.199416	1.455072
4248	-1048.628	-1238.351	189.7236	0.9912778	1.843925
4254	-1049.824	-1239.239	189.415	0.8897102	2.118334
4260	-1058.865	-1249.358	190.4931	1.485234	0.785525
4266	-1060.375	-1250.742	190.3668	1.527992	0.8893644
4272	-1057.87	-1247.381	189.5117	0.994706	1.984994
4278	-1056.329	-1245.692	189.3628	1.354628	1.842142
4284	-1050.557	-1240.813	190.2565	1.40024	1.126685
4290	-1051.584	-1241.515	189.9303	1.482021	1.33294
4296	-1045.367	-1235.6	190.2332	1.373837	1.170656
4302	-1045.887	-1235.974	190.0867	1.331511	1.328223
4308	-1033.068	-1222.62	189.5515	1.15997	1.846201
4314	-1040.511	-1229.912	189.401	0.9693006	2.075289
4320	-1039.61	-1228.77	189.1599	1.037193	2.18845
4326	-1028.869	-1218.551	189.6817	1.221931	1.71259
4332	-1034.933	-1224.706	189.7733	1.08937	1.741429
4338	-1050.221	-1238.943	188.7213	1.111233	2.421293
4344	-1041.733	-1231.002	189.269	1.0644	2.09958
4350	-1041.064	-1230.928	189.8643	1.105886	1.665311
4356	-1046.888	-1236.254	189.3656	1.115129	2.002164
4362	-1046.393	-1235.901	189.5075	1.108184	1.911489
4368	-1035.288	-1225.375	190.0867	1.133285	1.482116
4374	-1038.502	-1227.967	189.4652	0.9328453	2.057021
4380	-1036.743	-1226.421	189.6785	1.186165	1.740032
4386	-1035.13	-1225.261	190.1314	1.397169	1.237785
4392	-1042.113	-1232.302	190.1888	1.370623	1.21173
4398	-1045.733	-1235.993	190.2594	1.370623	1.150447
4404	-1047.912	-1238.161	190.2494	1.435523	1.101037
4410	-1047.57	-1237.974	190.4034	1.503723	0.8751526
4416	-1051.579	-1242.081	190.5014	1.449251	0.8221877
4422	-1053.795	-1244.087	190.2924	1.49265	1.005711
4428	-1047.064	-1237.082	190.0176	1.234435	1.457861
4434	-1054.089	-1244.398	190.3093	1.370302	1.10594
4440	-1054.265	-1244.281	190.0159	1.260938	1.438917
4446	-1065.965	-1256.009	190.0436	1.233285	1.438917
4452	-1052.66	-1242.969	190.3087	1.402323	1.07691
4458	-1056.827	-1246.962	190.1355	1.386763	1.243072
4464	-1056.135	-1245.711	189.5759	1.145123	1.83965
4470	-1059.236	-1249.544	190.3075	1.254585	1.209414
4476	-1059.124	-1249.394	190.2705	1.245579	1.248206
4482	-1064.088	-1254.29	190.2018	1.570914	1.017898
4488	-1060.628	-1251.061	190.4327	1.342721	1.015219
4494	-1059.843	-1249.854	190.0106	1.111785	1.554928
4500	-1053.835	-1243.701	189.8661	1.156728	1.62753
4506	-1055.479	-1245.662	190.1825	1.199485	1.357077
4512	-1052.891	-1243.013	190.1226	1.290041	1.332699
4518	-1056.795	-1246.12	189.3251	1.290041	1.911861
4524	-1051.757	-1241.832	190.0745	1.47237	1.222317
4530	-1046.515	-1236.767	190.252	1.513255	1.025175
4536	-1046.454	-1236.73	190.2754	1.410397	1.100316
4542	-1049.976	-1239.029	189.053	1.172998	2.169671
4548	-1047.814	-1237.578	189.7633	1.117814	1.728438
4554	-1049.435	-1238.245	188.8101	0.8344034	2.53905
4560	-1050.93	-1240.96	190.0298	1.125682	1.530458
4566	-1046.798	-1236.268	189.4693	1.095477	1.945882
4572	-1044.189	-1233.681	189.4922	1.072519	1.945882
4578	-1043.395	-1233.22	189.8248	1.228854	1.605199
4584	-1054.92	-1244.743	189.8237	1.228854	1.606017
4590	-1075.798	-1264.941	189.1433	1.050903	2.190299
4596	-1066.653	-1255.945	189.2916	0.9819566	2.138701
4602	-1052.348	-1241.383	189.0354	0.9387307	2.331613
4608	-1046.917	-1236.167	189.2496	0.9625028	2.178677
4614	-1034.04	-1223.171	189.1308	1.081323	2.178677
4620	-1042.712	-1231.795	189.0831	0.8431996	2.361998
4626	-1041.888	-1230.951	189.0629	0.9128956	2.330524
4632	-1041.335	-1231.21	189.8753	0.8980971	1.803607
4638	-1041.832	-1231.769	189.937	1.266541	1.494557
4644	-1039.216	-1229.642	190.4263	1.266541	1.093844
4650	-1045.588	-1235.3	189.7118	1.003715	1.843445
4656	-1040.511	-1230.005	189.4948	1.220779	1.843445
4662	-1042.527	-1232.142	189.6151	1.100478	1.843445
4668	-1041.144	-1230.261	189.1167	1.100478	2.175409
4674	-1050.518	-1239.698	189.1794	1.052416	2.165906
4680	-1051.797	-1241.288	189.4903	1.078113	1.943401
4686	-1049.83	-1239.452	189.6221	0.9462789	1.943401
4692	-1050.536	-1240.911	190.3745	1.266045	1.141127
4698	-1053.517	-1243.692	190.175	1.207319	1.356825
4704	-1045.375	-1235.036	189.6613	1.099643	1.812158
4710	-1048.597	-1238.545	189.9478	1.00043	1.680935
4716	-1049.284	-1238.319	189.0349	1.106271	2.22459
4722	-1043.281	-1233.581	190.2995	1.240548	1.228087
4728	-1045.454	-1235.33	189.8762	1.361615	1.468627
4734	-1045.322	-1235.121	189.7983	1.205647	1.641094
4740	-1037.405	-1227.332	189.9273	1.154412	1.584782
4746	-1036.115	-1225.304	189.189	1.022361	2.179171
4752	-1042.676	-1231.905	189.2291	1.013454	2.158935
4758	-1043.333	-1233.185	189.8521	1.108898	1.671879
4764	-1039.057	-1228.787	189.7306	1.228195	1.673415
4770	-1044.097	-1233.847	189.7502	1.263852	1.63385
4776	-1034.869	-1224.665	189.7959	1.312443	1.565254
4782	-1037.334	-1227.204	189.8696	1.23876	1.565254
4788	-1035.28	-1225.502	190.2216	1.332485	1.216235
4794	-1045.869	-1235.256	189.3872	1.089473	2.004823
4800	-1036.633	-1226.178	189.545	1.065943	1.914704
4806	-1053.994	-1243.899	189.9053	1.020673	1.696743
4812	-1042.88	-1232.55	189.6698	1.192745	1.741472
4818	-1049.147	-1238.374	189.2267	1.202224	2.036572
4824	-1048.894	-1238.114	189.2204	1.208513	2.036572
4830	-1043.801	-1233.139	189.3376	1.08748	2.039083
4836	-1045.602	-1234.918	189.3162	1.108925	2.039083
4842	-1035.976	-1224.955	188.9794	0.9653943	2.350228
4848	-1038.454	-1227.348	188.8942	0.8922119	2.450315
4854	-1044.52	-1233.208	188.6879	0.8922119	2.579021
4860	-1042.342	-1231.058	188.7156	1.018909	2.482817
4866	-1049.502	-1239.143	189.6403	1.058511	1.854903
4872	-1045.842	-1235.129	189.287	1.166245	2.020402
4878	-1053.837	-1243.003	189.1662	0.969143	2.228358
4884	-1044.854	-1233.922	189.068	1.123898	2.191783
4890	-1043.009	-1232.973	189.9646	1.136919	1.570282
4896	-1043.6	-1233.399	189.7992	1.239368	1.616155
4902	-1031.89	-1221.707	189.8165	1.140067	1.675055
4908	-1036.153	-1225.642	189.4891	1.104812	1.926219
4914	-1041.121	-1230.747	189.6263	1.197839	1.76836
4920	-1041.365	-1230.761	189.3964	0.9202485	2.110522
4926	-1045.597	-1234.859	189.2624	0.9194451	2.1983
4932	-1039.777	-1228.865	189.0883	1.01759	2.247346
4938	-1050.345	-1239.721	189.3769	0.7786326	2.215342
4944	-1053.969	-1243.967	189.9979	1.379074	1.361003
4950	-1057.635	-1247.77	190.1347	1.303786	1.311856
4956	-1050.056	-1239.87	189.8146	1.070169	1.725904
4962	-1049.713	-1239.368	189.6553	1.081955	1.828514
4968	-1040.57	-1230.562	189.9922	1.167486	1.52727
4974	-1046.539	-1236.423	189.8842	1.092661	1.660496
4980	-1052.732	-1242.563	189.8316	1.097659	1.694421
4986	-1046.885	-1236.496	189.6116	1.055611	1.876471
4992	-1044.376	-1233.387	189.0106	1.025515	2.292086
4998	-1033.582	-1222.551	188.9687	0.943152	2.371181
5004	-1037.238	-1226.615	189.3765	0.845393	2.172369
5010	-1037.284	-1227.206	189.9222	1.36531	1.430718
5016	-1038.371	-1228.653	190.2823	1.546098	0.9616275
5022	-1037.695	-1227.922	190.2269	1.472863	1.087387
5028	-1037.27	-1227.619	190.3488	1.433749	1.008227
5034	-1037.508	-1227.785	190.277	1.414888	1.09466
5040	-1039.345	-1229.64	190.2949	1.774225	0.629134
5046	-1043.613	-1233.931	190.318	1.666784	0.7766001
5052	-1037.945	-1228.294	190.3486	1.554705	0.8795929
5058	-1043.747	-1233.471	189.7243	1.531631	1.454921
5064	-1051.743	-1241.727	189.984	1.319759	1.418181
5070	-1029.205	-1219.191	189.9853	1.289443	1.44054
5076	-1033.265	-1222.832	189.5673	1.216796	1.796148
5082	-1032.896	-1222.523	189.6264	1.036599	1.879332
5088	-1043.358	-1233.011	189.6528	1.084049	1.828782
5094	-1039.208	-1228.828	189.6199	1.038882	1.882217
5100	-1037.492	-1227.636	190.1439	1.23777	1.357298
5106	-1047.537	-1236.739	189.2017	1.151585	2.086511
5112	-1040.753	-1230.267	189.514	1.214951	1.834198
5118	-1035.52	-1225.625	190.1053	1.349425	1.298699
5124	-1043.024	-1233.169	190.1458	1.183132	1.39873
5130	-1042.37	-1232.702	190.3322	1.239585	1.201115
5136	-1039.528	-1228.85	189.3215	0.9703209	2.126788
5142	-1036.394	-1225.98	189.5864	1.032257	1.909462
5148	-1032.178	-1221.682	189.5044	1.114283	1.909462
5154	-1031.886	-1220.8	188.9139	0.9553656	2.398107
5160	-1032.754	-1222.682	189.9275	1.177617	1.567605
5166	-1041.364	-1231.283	189.9193	1.286559	1.492804
5172	-1041.62	-1231.873	190.2538	1.365459	1.159982
5178	-1049.98	-1239.673	189.6931	1.193998	1.724249
5184	-1047.659	-1237.784	190.1249	1.35788	1.275784
5190	-1044.221	-1234.493	190.2715	1.677907	0.8236844
5196	-1042.23	-1232.032	189.8025	1.292705	1.574876
5202	-1045.801	-1234.999	189.1978	1.12343	2.107553
5208	-1051.44	-1241.197	189.7569	1.235686	1.649263
5214	-1046.283	-1236.234	189.9508	1.041781	1.649263
5220	-1055.532	-1245.057	189.5244	1.007487	1.967932
5226	-1049.051	-1238.827	189.7763	1.160676	1.688934
5232	-1037.799	-1227.842	190.0433	1.296203	1.390446
5238	-1038.03	-1228.042	190.0123	1.234314	1.461976
5244	-1041.435	-1231.059	189.624	1.418034	1.613645
5250	-1045.798	-1235.502	189.704	1.42658	1.548863
5256	-1037.29	-1226.989	189.6988	1.249997	1.680562
5262	-1043.165	-1232.951	189.7865	1.228371	1.63321
5268	-1034.326	-1224.076	189.7498	1.228371	1.659559
5274	-1036.247	-1226.081	189.8344	1.318283	1.532485
5280	-1031.127	-1220.938	189.8113	1.318283	1.549593
5286	-1027.162	-1216.814	189.6524	1.12046	1.803958
5292	-1032.53	-1222.071	189.5406	1.183906	1.837313
5298	-1030.868	-1219.966	189.0981	1.154675	2.152248
5304	-1031.97	-1220.287	188.3176	1.154675	2.645749
5310	-1037.278	-1226.603	189.3242	1.27271	1.924215
5316	-1048.56	-1238.639	190.0796	1.477909	1.213342
5322	-1043.483	-1233.773	190.2899	1.439371	1.059804
5328	-1044.179	-1233.622	189.4438	1.255945	1.854249
5334	-1041.219	-1231.057	189.8383	1.160655	1.644703
5340	-1045.299	-1234.874	189.5745	1.073597	1.889478
5346	-1049.734	-1239.694	189.96	1.224871	1.508514
5352	-1046.481	-1236.607	190.126	1.16501	1.428072
5358	-1050.642	-1240.7	190.0586	1.324411	1.356245
5364	-1047.584	-1236.298	188.7137	1.189577	2.376569
5370	-1042.291	-1231.797	189.5057	1.152949	1.882287
5376	-1039.974	-1229.468	189.4946	1.164148	1.882287
5382	-1048.607	-1238.2	189.5938	1.064902	1.882287
5388	-1052.279	-1241.918	189.639	1.085348	1.837387
5394	-1057.301	-1245.961	188.6599	1.177607	2.418118
5400	-1049.069	-1238.826	189.7572	0.9072166	1.878361
5406	-1058.901	-1248.356	189.4549	0.8156171	2.140682
5412	-1060.094	-1249.079	188.9845	0.8582891	2.414826
5418	-1058.067	-1247.706	189.6386	0.8587732	1.991026
5424	-1048.822	-1237.81	188.9881	1.045301	2.293766
5430	-1058.556	-1248.008	189.4519	1.413628	1.739387
5436	-1062.184	-1251.47	189.2854	1.10239	2.06377
5442	-1050.975	-1241.23	190.255	1.187881	1.308344
5448	-1049.302	-1239.068	189.766	1.187881	1.676918
5454	-1049.311	-1239.087	189.7761	1.150901	1.696034
5460	-1050.642	-1240.432	189.7896	1.137394	1.696034
5466	-1055.914	-1245.09	189.1761	1.137394	2.112608
5472	-1065.35	-1255.529	190.179	1.364476	1.225244
5478	-1055.854	-1246.232	190.3777	1.510588	0.8967956
5484	-1060.446	-1250.835	190.3891	1.584715	0.7917198
5490	-1056.02	-1246.173	190.1527	1.584715	1.052102
5496	-1045.866	-1236.335	190.4685	1.429347	0.8858632
5502	-1052.087	-1242.592	190.5046	1.393807	0.8852219
5508	-1052.478	-1242.804	190.3262	1.429468	1.034515
5514	-1059.254	-1249.663	190.4083	1.268911	1.108125
5520	-1063.09	-1252.977	189.887	1.411283	1.422457
5526	-1057.966	-1248.41	190.4441	1.208312	1.130536
5532	-1048.971	-1239.584	190.6129	1.302884	0.8650159
5538	-1038.093	-1228.47	190.3766	1.448554	0.9650397
5544	-1054.843	-1244.876	190.0334	1.242093	1.439912
5550	-1055.03	-1245.128	190.0978	1.467485	1.206685
5556	-1058.307	-1248.545	190.2372	1.32805	1.206685
5562	-1052.29	-1242.637	190.347	1.294562	1.140202
5568	-1049.284	-1239.131	189.8468	1.21685	1.597923
5574	-1045.611	-1235.249	189.6376	1.075826	1.844899
5580	-1045.733	-1234.782	189.0483	0.8477967	2.381113
5586	-1054.49	-1243.522	189.0324	0.8910902	2.363769
5592	-1046.759	-1235.789	189.0301	0.8318275	2.402726
5598	-1040.427	-1229.044	188.6171	0.8789266	2.631054
5604	-1044.168	-1233.106	188.9383	0.845519	2.451934
5610	-1049.994	-1239.359	189.3644	0.9876488	2.087302
5616	-1049.453	-1239.165	189.7128	1.211107	1.698219
5622	-1041.776	-1231.544	189.7683	1.15563	1.698219
5628	-1045.568	-1235.589	190.0206	1.196943	1.483953
5634	-1042.987	-1233.193	190.2059	1.263922	1.286435
5640	-1042.128	-1231.677	189.5494	1.000469	1.955854
5646	-1046.367	-1236.349	189.9816	1.264001	1.462717
5652	-1049.191	-1238.97	189.7794	1.003243	1.797154
5658	-1049.2	-1239.446	190.2453	1.298951	1.224585
5664	-1054.842	-1245.299	190.457	1.170413	1.152748
5670	-1045.022	-1234.655	189.6329	1.287508	1.700727
5676	-1045.174	-1234.838	189.6649	1.018584	1.865398
5682	-1044.649	-1234.021	189.3727	1.18638	1.949718
5688	-1045.442	-1234.641	189.1991	0.8128674	2.3075
5694	-1045.826	-1235.046	189.2201	0.9730792	2.190961
5700	-1040.66	-1229.841	189.1811	1.048297	2.167459
5706	-1038.247	-1227.215	188.9681	1.146202	2.241872
5712	-1035.517	-1224.531	189.0132	0.9681045	2.327023
5718	-1046.711	-1235.846	189.1344	0.9503296	2.260885
5724	-1046.765	-1236.08	189.3153	1.085701	2.055061
5730	-1052.099	-1241.515	189.4153	0.9857018	2.055061
5736	-1048.334	-1237.57	189.2355	0.9197848	2.215473
5742	-1049.804	-1238.896	189.0923	0.9740507	2.27269
5748	-1049.778	-1239.49	189.7123	1.05382	1.808641
5754	-1051.614	-1242.034	190.4199	1.24554	1.118817
5760	-1041.852	-1232.023	190.171	1.408504	1.194496
5766	-1036.918	-1227.038	190.12	1.505597	1.154415
5772	-1035.876	-1225.97	190.0941	1.280447	1.362925
5778	-1041.828	-1231.892	190.0639	1.3107	1.362925
5784	-1026.529	-1216.643	190.1137	1.459666	1.199805
5790	-1034.874	-1224.854	189.9798	1.378211	1.375966
5796	-1038.665	-1228.913	190.2484	1.455533	1.083576
5802	-1039.346	-1229.643	190.2968	1.291892	1.186593
5808	-1054.854	-1245.085	190.2315	1.436395	1.116582
5814	-1058.548	-1248.816	190.2673	1.292109	1.211673
5820	-1045.238	-1233.744	188.5063	1.002626	2.623099
5826	-1040.961	-1230.71	189.7495	1.143372	1.720163
5832	-1043.819	-1233.612	189.7924	1.122459	1.704643
5838	-1045.136	-1235.157	190.0213	1.11822	1.542221
5844	-1050.369	-1240.491	190.1211	1.182947	1.417965
5850	-1044.465	-1233.956	189.4917	1.064631	1.951539
5856	-1046.563	-1236.341	189.7782	1.143139	1.700041
5862	-1051.961	-1241.779	189.8189	1.268146	1.580882
5868	-1046.381	-1236.09	189.7089	1.222927	1.692644
5874	-1049.086	-1239.009	189.9227	1.082663	1.640096
5880	-1061.842	-1252.072	190.2293	1.358289	1.187523
5886	-1053.59	-1243.771	190.1812	1.411775	1.182882
5892	-1057.474	-1247.328	189.8537	1.306858	1.52665
5898	-1051.627	-1240.998	189.3715	1.117782	1.996426
5904	-1045.661	-1236.016	190.355	1.451764	0.9839011
5910	-1042.645	-1233.052	190.4076	1.34043	1.041916
5916	-1043.483	-1233.863	190.3795	1.368486	1.041916
5922	-1039.783	-1230.139	190.3553	1.334094	1.096997
5928	-1041.721	-1231.932	190.2112	1.363702	1.198455
5934	-1048.824	-1238.823	189.9991	1.300929	1.421073
5940	-1044.5	-1234.472	189.9721	1.132831	1.567752
5946	-1042.426	-1231.754	189.3283	0.9703026	2.122337
5952	-1046.067	-1235.416	189.3497	0.9706181	2.108144
5958	-1049.148	-1238.843	189.6951	1.100801	1.787995
5964	-1043.895	-1234.046	190.1514	1.258676	1.334729
5970	-1046.419	-1235.757	189.3383	1.056417	2.059195
5976	-1041.378	-1231.012	189.6338	0.9757007	1.915646
5982	-1027.715	-1217.425	189.7101	1.020653	1.833015
5988	-1035.886	-1224.762	188.8765	1.028355	2.375594
5994	-1041.495	-1230.326	188.8306	1.10622	2.355313
6000	-1049.772	-1239.402	189.6298	1.166103	1.787993
6006	-1051.078	-1241.045	189.9678	1.166103	1.546423
6012	-1057.123	-1246.969	189.8454	1.219708	1.59688
6018	-1050.597	-1240.804	190.2063	1.283393	1.270116
6024	-1043.845	-1233.759	189.9141	1.390159	1.417798
6030	-1050.714	-1241.125	190.4111	1.390159	0.9894472
6036	-1051.328	-1241.572	190.2435	1.697531	0.8343011
6042	-1047.735	-1238.051	190.3163	1.61855	0.8419234
6048	-1042.745	-1233.184	190.4392	1.597053	0.696148
6054	-1039.139	-1229.477	190.3373	1.551266	0.8964312
6060	-1046.258	-1236.581	190.3234	1.565174	0.8964312
6066	-1047.417	-1237.368	189.9512	1.538319	1.270246
6072	-1037.483	-1227.161	189.678	1.437918	1.559637
6078	-1039.921	-1229.732	189.811	1.205936	1.631718
6084	-1034.889	-1225.124	190.2352	1.249098	1.274554
6090	-1032.222	-1222.079	189.8562	1.043153	1.715629
6096	-1023.554	-1212.203	188.6493	0.8465533	2.631155
6102	-1024.92	-1214.445	189.5253	1.073501	1.922904
6108	-1025.007	-1215.232	190.2254	1.298148	1.24193
6114	-1037.663	-1226.855	189.1917	1.208052	2.055831
6120	-1034.469	-1223.949	189.4795	1.139065	1.909546
6126	-1033.613	-1223.219	189.6067	1.167333	1.803154
6132	-1032.549	-1221.624	189.0749	0.8615565	2.355538
6138	-1038.313	-1227.855	189.5413	1.002686	1.959855
6144	-1028.817	-1218.144	189.3276	1.021656	2.08914
6150	-1027.178	-1216.502	189.3243	1.024987	2.08914
6156	-1032.45	-1221.336	188.8863	0.9324154	2.429985
6162	-1030.88	-1220.084	189.2049	0.9324154	2.227088
6168	-1032.653	-1221.756	189.1022	0.9230008	2.299063
6174	-1034.234	-1222.922	188.6881	0.8306437	2.617035
6180	-1035.737	-1225.012	189.2751	0.7427541	2.303734
6186	-1026.906	-1215.296	188.3908	0.7439107	2.85205
6192	-1030.387	-1219.088	188.7017	0.7832992	2.637858
6198	-1048.634	-1238.19	189.5558	1.030999	1.93104
6204	-1050.921	-1239.579	188.6583	0.8963889	2.594804
6210	-1043.845	-1232.846	189.0009	0.8466812	2.411806
6216	-1038.669	-1227.871	189.2026	0.9753633	2.200797
6222	-1036.129	-1225.706	189.5772	1.192837	1.805871
6228	-1037.501	-1227.44	189.9382	1.366547	1.417432
6234	-1042.459	-1232.712	190.253	1.366547	1.159713
6240	-1040.117	-1230.132	190.0152	1.421281	1.31353
6246	-1037.542	-1227.896	190.3532	1.604349	0.813313
6252	-1039.107	-1229.377	190.2706	1.604349	0.9116512
6258	-1039.56	-1229.884	190.324	1.594841	0.8612834
6264	-1039.664	-1230.089	190.4258	1.644263	0.62685
6270	-1041.252	-1231.715	190.4632	1.506318	0.7975546
6276	-1048.019	-1237.611	189.5919	1.22093	1.776254
6282	-1061.026	-1251.213	190.1864	1.371245	1.213183
6288	-1065.147	-1255.58	190.4329	1.309842	1.046933
6294	-1054.145	-1243.962	189.8171	1.240368	1.602422
6300	-1049.44	-1239.561	190.1209	1.223963	1.386283
6306	-1054.197	-1244.29	190.0932	1.106281	1.497611
6312	-1044.553	-1234.907	190.354	1.315214	1.115414
6318	-1039.923	-1230.241	190.3182	1.274031	1.183554
6324	-1049.553	-1239.534	189.9811	1.381314	1.372464
6330	-1043.656	-1233.789	190.1325	1.52891	1.122435
6336	-1047.591	-1237.969	190.3777	1.431732	0.9812035
6342	-1054.991	-1245.063	190.0723	1.38693	1.29505
6348	-1041.623	-1231.336	189.7137	1.413758	1.55119
6354	-1055.018	-1245.053	190.0354	1.487732	1.242307
6360	-1053.352	-1243.404	190.0519	1.409373	1.293355
6366	-1046.273	-1235.761	189.4881	1.398052	1.724913
6372	-1038.543	-1228.457	189.9142	1.335769	1.459424
6378	-1034.442	-1223.747	189.3048	1.209938	1.979443
6384	-1030.51	-1219.816	189.3058	1.093109	2.056431
6390	-1035.093	-1224.75	189.6565	1.24469	1.714291
6396	-1045.039	-1234.628	189.5894	1.241451	1.763689
6402	-1056.074	-1245.97	189.896	1.147818	1.612355
6408	-1042.533	-1232.574	190.0417	1.257924	1.421368
6414	-1045.387	-1235.582	190.1951	1.300201	1.26545
6420	-1048.546	-1238.057	189.5114	1.157066	1.875638
6426	-1041.447	-1230.692	189.2452	0.9492274	2.190186
6432	-1035.273	-1224.797	189.5239	1.004456	1.970329
6438	-1047.843	-1237.245	189.4012	1.004456	2.051982
6444	-1039.509	-1228.705	189.1955	1.016205	2.178949
6450	-1047.308	-1236.311	189.0036	1.060128	2.274402
6456	-1053.086	-1242.579	189.4923	1.150529	1.893096
6462	-1049.273	-1239.176	189.9031	1.199556	1.569419
6468	-1057.056	-1247.255	190.1994	1.20825	1.336685
6474	-1059.471	-1249.596	190.125	1.188582	1.410643
6480	-1047.281	-1237.27	189.989	1.150616	1.542175
6486	-1052.517	-1242.043	189.5259	1.127657	1.885769
6492	-1045.258	-1234.904	189.6469	1.20027	1.752256
6498	-1041.334	-1231.304	189.9693	1.300086	1.444641
6504	-1047.283	-1237.257	189.9745	1.096828	1.592327
6510	-1040.374	-1230.478	190.1034	1.074529	1.513687
6516	-1039.622	-1229.725	190.1028	1.07515	1.513687
6522	-1047.217	-1237.087	189.8706	1.223196	1.575934
6528	-1045.758	-1236.079	190.3215	1.56638	0.8971943
6534	-1040.357	-1230.447	190.09	1.36398	1.299352
6540	-1048.251	-1238.433	190.1825	1.469519	1.130916
6546	-1056.504	-1246.909	190.4054	1.285142	1.095924
6552	-1056.43	-1246.768	190.3385	1.619627	0.81254
6558	-1048.253	-1238.59	190.337	1.66917	0.7453491
6564	-1041.709	-1231.867	190.1576	1.589881	1.0424
6570	-1049.543	-1239.866	190.3222	1.640158	0.807008
6576	-1054.195	-1244.528	190.3332	1.572449	0.8768693
6582	-1050.953	-1241.316	190.363	1.521576	0.9009406
6588	-1047.263	-1237.491	190.228	1.359495	1.187629
6594	-1049.417	-1239.524	190.1074	1.243572	1.381458
6600	-1044.957	-1235.379	190.4229	1.379912	0.9878974
6606	-1047.842	-1237.649	189.8073	1.414197	1.481001
6612	-1049.748	-1240.06	190.312	1.206678	1.246024
6618	-1050.007	-1239.81	189.8031	1.197212	1.643709
6624	-1050.306	-1239.219	188.9128	1.054526	2.335942
6630	-1056.708	-1245.614	188.9064	0.9928533	2.37915
6636	-1050.533	-1239.699	189.1666	1.095186	2.146412
6642	-1063.418	-1253.182	189.7639	1.060036	1.768505
6648	-1058.467	-1248.213	189.7462	1.213033	1.673106
6654	-1053.841	-1243.447	189.6058	1.079671	1.864005
6660	-1053.515	-1243.186	189.6713	1.014215	1.864005
6666	-1054.678	-1244.241	189.5621	1.075305	1.896763
6672	-1043.913	-1233.393	189.4797	0.9277018	2.050822
6678	-1048.474	-1238.08	189.6054	0.8489161	2.019709
6684	-1049.211	-1237.949	188.7382	0.9569602	2.507419
6690	-1044.766	-1234.518	189.7518	1.01438	1.808586
6696	-1046.328	-1234.947	188.619	0.7626546	2.701483
6702	-1048.596	-1238.194	189.598	1.001282	1.922598
6708	-1046.163	-1235.697	189.5337	1.001282	1.965836
6714	-1053.908	-1243.624	189.716	0.9334789	1.888531
6720	-1056.204	-1245.562	189.3583	1.129416	1.997479
6726	-1046.842	-1236.509	189.6674	1.033867	1.85319
6732	-1045.331	-1234.665	189.3343	0.991907	2.104293
6738	-1051.615	-1241.265	189.6493	1.043139	1.859262
6744	-1058.676	-1248.796	190.1202	1.294244	1.331187
6750	-1043.803	-1234.001	190.1979	1.240383	1.312074
6756	-1042.925	-1233.123	190.1979	1.240383	1.312074
6762	-1041.756	-1231.954	190.1979	1.240383	1.312074
6768	-1039.434	-1229.632	190.1979	1.240383	1.312074
6774	-1047.067	-1237.265	190.1979	1.240383	1.312074
6780	-1044.167	-1234.365	190.1979	1.240383	1.312074
6786	-1042.948	-1233.146	190.1979	1.240383	1.312074
6792	-1044.287	-1234.485	190.1979	1.240383	1.312074
6798	-1039.792	-1229.99	190.1979	1.240383	1.312074
6804	-1043.672	-1233.87	190.1979	1.240383	1.312074
6810	-1041.257	-1231.455	190.1979	1.240383	1.312074
6816	-1044.563	-1234.761	190.1979	1.240383	1.312074
6822	-1043.519	-1233.717	190.1979	1.240383	1.312074
6828	-1047.803	-1238.001	190.1979	1.240383	1.312074
6834	-1045.718	-1235.916	190.1979	1.240383	1.312074
6840	-1048.821	-1239.019	190.1979	1.240383	1.312074
6846	-1046.396	-1236.594	190.1979	1.240383	1.312074
6852	-1044.656	-1234.853	190.1979	1.240383	1.312074
6858	-1041.586	-1231.784	190.1979	1.240383	1.312074
6864	-1043.277	-1233.475	190.1979	1.240383	1.312074
6870	-1045.663	-1235.86	190.1979	1.240383	1.312074
6876	-1046.115	-1236.313	190.1979	1.240383	1.312074
6882	-1052.275	-1242.473	190.1979	1.240383	1.312074
6888	-1052.957	-1243.155	190.1979	1.240383	1.312074
6894	-1044.041	-1234.239	190.1979	1.240383	1.312074
6900	-1044.634	-1234.832	190.1979	1.240383	1.312074
6906	-1045.764	-1235.962	190.1979	1.240383	1.312074
6912	-1050.653	-1240.851	190.1979	1.240383	1.312074
6918	-1050.48	-1240.678	190.1979	1.240383	1.312074
6924	-1052.1	-1241.513	189.4131	0.9585146	2.074448
6930	-1042.436	-1231.81	189.374	0.9975853	2.074448
6936	-1046.596	-1235.434	188.8376	1.100291	2.354669
6942	-1045.275	-1234.696	189.421	1.06165	2.000871
6948	-1063.365	-1253.055	189.6909	0.9993802	1.860763
6954	-1048.589	-1238.97	190.3803	1.334035	1.07382
6960	-1047.947	-1238.144	190.1979	1.240383	1.312074
6966	-1048.376	-1238.573	190.1979	1.240383	1.312074
6972	-1056.193	-1246.391	190.1979	1.240383	1.312074
6978	-1055.125	-1245.323	190.1979	1.240383	1.312074
6984	-1053.005	-1243.202	190.1979	1.240383	1.312074
6990	-1044.23	-1233.831	189.6013	1.059684	1.8807
6996	-1053.257	-1242.932	189.6747	1.057388	1.832088
7002	-1061.715	-1252.007	190.2927	1.80155	0.5423782
7008	-1051.814	-1242.088	190.2738	1.80155	0.6132358
7014	-1047.523	-1237.792	190.2682	1.689623	0.8129209
7020	-1045.155	-1235.426	190.2709	1.689623	0.8094206
7026	-1054.899	-1245.055	190.1558	1.939552	0.5346609
7032	-1054.885	-1244.855	189.9698	2.113097	0.419083
7038	-1053.229	-1243.416	190.1867	1.910741	0.4910463
7044	-1065.909	-1255.981	190.0726	2.023626	0.4736207
7050	-1057.235	-1247.554	190.3194	1.42181	1.048471
7056	-1059.595	-1249.676	190.0807	1.443452	1.241489
7062	-1065.712	-1255.585	189.8731	1.175075	1.609154
7068	-1061.775	-1251.126	189.3508	0.8878376	2.16148
7074	-1046.322	-1236.261	189.9395	2.095404	0.3431143
7080	-1050.946	-1240.885	189.9394	2.074882	0.3226121
7086	-1054.905	-1244.906	190.001	2.052491	0.3657613
7092	-1050.411	-1240.412	190.001	2.052491	0.3657613
7098	-1053.844	-1243.511	189.6665	2.300997	0.2863192
7104	-1050.34	-1240.128	189.7878	2.140315	0.2624331
7110	-1044.966	-1234.921	189.9544	1.187733	1.540357
7116	-1053.373	-1243.342	189.969	1.072295	1.61413
7122	-1056.984	-1246.676	189.692	1.141861	1.761589
7128	-1054.431	-1243.465	189.0341	1.166343	2.186251
7134	-1055.183	-1244.082	188.8985	1.05942	2.341903
7140	-1050.181	-1240.239	190.0586	1.113467	1.518109
7146	-1053.56	-1243.706	190.1464	1.40286	1.220296
7152	-1041.997	-1232.125	190.1277	1.355824	1.27518
7158	-1043.853	-1233.643	189.7895	1.168069	1.67428
7164	-1046.01	-1235.276	189.2663	1.088596	2.085406
7170	-1046.913	-1236.119	189.2056	0.8883497	2.254993
7176	-1050.777	-1240.378	189.6005	1.077622	1.869026
7182	-1049.653	-1239.83	190.1765	1.309353	1.273233
7188	-1048.997	-1239.006	190.0087	1.189622	1.498454
7194	-1053.474	-1243.883	190.409	1.268459	1.107851
7200	-1052.736	-1242.908	190.1717	1.312771	1.274355
7206	-1055.497	-1245.35	189.8531	1.231367	1.582727
7212	-1053.679	-1243.805	190.126	1.258032	1.355458
7218	-1060.691	-1251.134	190.4438	1.575429	0.7249383
7224	-1061.629	-1252.035	190.4062	1.509563	0.8649483
7230	-1049.147	-1239.48	190.3331	1.447666	1.009968
7236	-1045.548	-1235.949	190.4003	1.503468	0.8790221
7242	-1038.252	-1228.499	190.2469	1.744942	0.7665891
7248	-1047.315	-1237.661	190.3462	1.418707	1.025576
7254	-1054.628	-1244.716	190.0881	1.575339	1.120642
7260	-1046.409	-1236.673	190.2631	1.249862	1.250815
7266	-1046.404	-1236.399	189.9948	1.068504	1.598187
7272	-1046.803	-1236.765	189.9619	1.020979	1.656202
7278	-1035.84	-1224.904	189.0636	0.933841	2.316727
7284	-1039.789	-1229.165	189.3758	0.9852213	2.081384
7290	-1034.665	-1224.651	189.9865	1.066383	1.605767
7296	-1036.597	-1226.884	190.2873	1.328986	1.162588
7302	-1039.16	-1229.477	190.3169	1.448103	1.025482
7308	-1032.795	-1223.173	190.3777	1.343588	1.06734
7314	-1026.214	-1216.515	190.301	1.432736	1.055515
7320	-1027.054	-1217.424	190.3696	1.364187	1.055515
7326	-1038.056	-1228.243	190.187	1.275783	1.292135
7332	-1039.579	-1229.564	189.9849	1.152606	1.543728
7338	-1041.065	-1230.509	189.4442	1.153836	1.923414
7344	-1040.978	-1230.348	189.3697	1.096701	2.011669
7350	-1040.233	-1229.61	189.377	1.296031	1.87249
7356	-1035.736	-1225.485	189.7486	1.153726	1.713476
7362	-1040.154	-1228.785	188.6311	1.016736	2.536958
7368	-1035.071	-1224.516	189.4446	1.016736	2.015061
7374	-1042.221	-1231.52	189.299	1.057796	2.084197
7380	-1051.03	-1240.583	189.5526	1.012552	1.94558
7386	-1049.61	-1239.232	189.622	1.228421	1.749965
7392	-1053.641	-1243.365	189.7243	1.126197	1.749965
7398	-1054.202	-1243.084	188.882	1.061936	2.350794
7404	-1060.069	-1249.493	189.4238	1.072846	1.991519
7410	-1054.549	-1244.013	189.4635	1.000205	2.013457
7416	-1067.111	-1256.711	189.6	0.9526929	1.953971
7422	-1045.023	-1234.384	189.3611	0.910207	2.140176
7428	-1036.965	-1226.231	189.2663	1.005057	2.140176
7434	-1037.245	-1226.918	189.6732	1.097701	1.805322
7440	-1045.052	-1234.61	189.5581	1.05456	1.913557
7446	-1045.616	-1235.414	189.7978	1.156648	1.676533
7452	-1036.356	-1226.169	189.8132	1.141277	1.676533
7458	-1038.815	-1228.02	189.2049	0.877958	2.262133
7464	-1043.952	-1234.124	190.172	1.132903	1.417359
7470	-1046.186	-1236.217	190.0307	1.379313	1.334765
7476	-1044.059	-1234.12	190.0609	1.648585	1.078352
7482	-1033.415	-1223.513	190.0972	1.110751	1.491204
7488	-1028.945	-1218.872	189.927	1.213122	1.541804
7494	-1033.965	-1223.604	189.6389	1.116249	1.816205
7500	-1034.206	-1224.213	190.0071	1.143338	1.534157
7506	-1039.302	-1229.412	190.11	1.169372	1.436957
7512	-1048.322	-1238.495	190.1731	1.266716	1.310769
7518	-1051.164	-1241.351	190.1876	1.116249	1.418174
7524	-1044.983	-1234.828	189.8454	1.324876	1.519447
7530	-1040.293	-1230.609	190.3161	1.324876	1.140773
7536	-1038.354	-1228.731	190.3767	1.291446	1.116391
7542	-1034.063	-1224.034	189.9705	1.328904	1.421584
7548	-1036.731	-1227.035	190.3031	1.375798	1.10662
7554	-1042.208	-1232.479	190.2708	1.286763	1.213248
7560	-1041.82	-1232.119	190.2996	1.648885	0.8248628
7566	-1037.301	-1227.543	190.2426	1.660362	0.8799365
7572	-1044.733	-1235.043	190.31	1.787393	0.5118274
7578	-1038.962	-1229.385	190.4227	1.571608	0.7629297
7584	-1035.115	-1225.364	190.2483	1.619948	0.9191247
7590	-1034.958	-1225.236	190.2779	1.481955	1.030443
7596	-1033.196	-1223.491	190.2953	1.493674	1.001761
7602	-1041.941	-1232.037	190.0958	1.543401	1.142287
7608	-1042.003	-1232.335	190.3323	1.595948	0.8500431
7614	-1045.628	-1236.171	190.5424	1.407481	0.8231021
7620	-1041.444	-1231.789	190.3445	1.69899	0.6830389
7626	-1044.598	-1234.864	190.266	1.565547	0.9583177
7632	-1044.201	-1234.577	190.3764	1.502784	0.9070046
7638	-1036.376	-1226.641	190.2648	1.502784	1.022925
7644	-1044.025	-1234.285	190.26	1.64546	0.8771175
7650	-1053.117	-1243.076	189.9591	1.437562	1.345371
7656	-1055.096	-1245.214	190.1175	1.279169	1.345371
7662	-1048.675	-1238.715	190.0397	1.262636	1.419304
7668	-1051.024	-1241.135	190.1112	1.24577	1.376813
7674	-1051.317	-1241.287	189.9699	1.537751	1.255186
7680	-1053.106	-1242.617	189.5116	1.145099	1.883618
7686	-1048.98	-1239.126	190.1461	1.247631	1.347711
7692	-1050.992	-1241.178	190.1858	1.240095	1.322022
7698	-1047.768	-1237.877	190.1092	1.370677	1.278141
7704	-1060.268	-1250.417	190.149	1.157385	1.416172
7710	-1054.488	-1244.721	190.2328	1.26979	1.259413
7716	-1052.99	-1242.735	189.7446	1.152003	1.717539
7722	-1040.033	-1229.93	189.8968	1.218887	1.559861
7728	-1038.43	-1228.506	190.0755	1.218887	1.425408
7734	-1041.194	-1230.651	189.4577	1.192772	1.887906
7740	-1036.455	-1226.321	189.8655	1.192772	1.601831
7746	-1035.196	-1225.142	189.9459	1.154769	1.570848
7752	-1044.234	-1234.212	189.9785	1.406457	1.354672
7758	-1042.235	-1232.085	189.8505	1.067364	1.702542
7764	-1041.917	-1231.812	189.8953	1.477514	1.36427
7770	-1045.343	-1235.058	189.7154	1.051623	1.807999
7776	-1041.078	-1230.406	189.3277	1.051623	2.069322
7782	-1050.695	-1239.68	188.9847	1.237297	2.172293
7788	-1045.884	-1235.991	190.1072	1.153515	1.451261
7794	-1051.762	-1241.77	190.008	1.246149	1.456249
7800	-1039.634	-1229.819	190.1848	1.252156	1.313127
7806	-1033.077	-1223.129	190.0521	1.143323	1.500648
7812	-1052.907	-1242.806	189.8991	1.276707	1.515293
7818	-1045.389	-1235.603	190.2141	1.367965	1.19233
7824	-1050.392	-1240.828	190.436	1.545127	0.7816662
7830	-1042.472	-1232.749	190.2766	1.80073	0.6076119
7836	-1054.863	-1245.212	190.3498	1.718738	0.630558
7842	-1041.961	-1232.279	190.3176	1.718738	0.6961068
7848	-1047.813	-1238.154	190.3405	1.718738	0.6516381
7854	-1035.132	-1225.428	190.2953	1.718738	0.7331697
7860	-1039.533	-1229.915	190.3822	1.706052	0.5717374
7866	-1039.803	-1229.879	190.0766	1.959327	0.3443124
7872	-1031.748	-1221.631	189.8835	2.087961	0.2890039
7878	-1037.127	-1227.334	190.2071	1.876035	0.4195534
7884	-1026.241	-1216.461	190.2205	1.876035	0.5234407
7890	-1021.902	-1212.369	190.4673	1.599928	0.6335918
7896	-1027.467	-1217.626	190.1595	1.918421	0.6058258
7902	-1029.001	-1219.46	190.4597	1.618276	0.6058258
7908	-1033.419	-1223.766	190.347	1.740417	0.5751065
7914	-1039.615	-1229.836	190.2215	1.876083	0.4938582
7920	-1047.385	-1237.633	190.2479	1.847002	0.5377329
7926	-1058.072	-1248.144	190.0712	2.025841	0.5178919
7932	-1042.736	-1232.901	190.1658	1.931804	0.5032858
7938	-1048.991	-1239.101	190.1098	1.958533	0.6309732
7944	-1047.737	-1237.845	190.1086	1.984268	0.4526342
7950	-1045.242	-1234.755	189.5134	2.293036	0.2086637
7956	-1046.788	-1236.383	189.5957	2.293036	0.2423687
7962	-1052.903	-1242.4	189.4976	1.188441	1.863637
7968	-1048.704	-1238.476	189.7719	1.187478	1.673043
7974	-1046.528	-1236.304	189.7755	2.205623	0.2957998
7980	-1043.124	-1232.865	189.7406	2.228688	0.2875242
7986	-1052.166	-1241.713	189.5469	2.344806	0.2437599
7992	-1053.752	-1243.348	189.595	2.344806	0.2690523
7998	-1050.576	-1239.952	189.3768	2.394793	0.1967824
